INFO: [v++ 60-1306] Additional information associated with this v++ compile can be found at:
	Reports: /mnt/HLSNAS/r10943005/traveling-salesperson/proj_kernels/Emulation-SW/build/reports/tsp
	Log files: /mnt/HLSNAS/r10943005/traveling-salesperson/proj_kernels/Emulation-SW/build/logs/tsp
INFO: [v++ 60-1548] Creating build summary session with primary output /mnt/HLSNAS/r10943005/traveling-salesperson/proj_kernels/Emulation-SW/build/tsp.xo.compile_summary, at Sun Oct 31 19:53:17 2021
INFO: [v++ 60-1316] Initiating connection to rulecheck server, at Sun Oct 31 19:53:17 2021
INFO: [v++ 60-895]   Target platform: /opt/xilinx/platforms/xilinx_u50_gen3x16_xdma_201920_3/xilinx_u50_gen3x16_xdma_201920_3.xpfm
INFO: [v++ 60-1578]   This platform contains Xilinx Shell Archive '/opt/xilinx/platforms/xilinx_u50_gen3x16_xdma_201920_3/hw/hw.xsa'
INFO: [v++ 74-74] Compiler Version string: 2020.2
INFO: [v++ 60-585] Compiling for software emulation target
INFO: [v++ 60-423]   Target device: xilinx_u50_gen3x16_xdma_201920_3
INFO: [v++ 60-242] Creating kernel: 'tsp'

===>The following messages were generated while  performing high-level synthesis for kernel: tsp Log file: /mnt/HLSNAS/r10943005/traveling-salesperson/proj_kernels/Emulation-SW/build/tsp/tsp/vitis_hls.log :
ERROR: [v++ 207-3587] templates must have C++ linkage: /opt/Xilinx/Vitis_HLS/2020.2/tps/lnx64/gcc-6.2.0/lib/gcc/x86_64-pc-linux-gnu/6.2.0/../../../../include/c++/6.2.0/bits/stl_relops.h:85:5
ERROR: [v++ 207-3587] templates must have C++ linkage: /opt/Xilinx/Vitis_HLS/2020.2/tps/lnx64/gcc-6.2.0/lib/gcc/x86_64-pc-linux-gnu/6.2.0/../../../../include/c++/6.2.0/bits/stl_relops.h:98:5
ERROR: [v++ 207-3587] templates must have C++ linkage: /opt/Xilinx/Vitis_HLS/2020.2/tps/lnx64/gcc-6.2.0/lib/gcc/x86_64-pc-linux-gnu/6.2.0/../../../../include/c++/6.2.0/bits/stl_relops.h:111:5
ERROR: [v++ 207-3587] templates must have C++ linkage: /opt/Xilinx/Vitis_HLS/2020.2/tps/lnx64/gcc-6.2.0/lib/gcc/x86_64-pc-linux-gnu/6.2.0/../../../../include/c++/6.2.0/bits/stl_relops.h:124:5
ERROR: [v++ 207-3587] templates must have C++ linkage: /opt/Xilinx/Vitis_HLS/2020.2/tps/lnx64/gcc-6.2.0/lib/gcc/x86_64-pc-linux-gnu/6.2.0/../../../../include/c++/6.2.0/bits/move.h:45:3
ERROR: [v++ 207-3587] templates must have C++ linkage: /opt/Xilinx/Vitis_HLS/2020.2/tps/lnx64/gcc-6.2.0/lib/gcc/x86_64-pc-linux-gnu/6.2.0/../../../../include/c++/6.2.0/type_traits:68:3
ERROR: [v++ 207-3587] templates must have C++ linkage: /opt/Xilinx/Vitis_HLS/2020.2/tps/lnx64/gcc-6.2.0/lib/gcc/x86_64-pc-linux-gnu/6.2.0/../../../../include/c++/6.2.0/type_traits:83:3
ERROR: [v++ 207-1219] expected ';' at end of declaration: /opt/Xilinx/Vitis_HLS/2020.2/tps/lnx64/gcc-6.2.0/lib/gcc/x86_64-pc-linux-gnu/6.2.0/../../../../include/c++/6.2.0/type_traits:84:36
ERROR: [v++ 207-1228] expected unqualified-id: /opt/Xilinx/Vitis_HLS/2020.2/tps/lnx64/gcc-6.2.0/lib/gcc/x86_64-pc-linux-gnu/6.2.0/../../../../include/c++/6.2.0/type_traits:84:36
ERROR: [v++ 207-2976] no template named 'integral_constant': /opt/Xilinx/Vitis_HLS/2020.2/tps/lnx64/gcc-6.2.0/lib/gcc/x86_64-pc-linux-gnu/6.2.0/../../../../include/c++/6.2.0/type_traits:87:11
ERROR: [v++ 207-2976] no template named 'integral_constant': /opt/Xilinx/Vitis_HLS/2020.2/tps/lnx64/gcc-6.2.0/lib/gcc/x86_64-pc-linux-gnu/6.2.0/../../../../include/c++/6.2.0/type_traits:90:11
ERROR: [v++ 207-2976] no template named 'integral_constant': /opt/Xilinx/Vitis_HLS/2020.2/tps/lnx64/gcc-6.2.0/lib/gcc/x86_64-pc-linux-gnu/6.2.0/../../../../include/c++/6.2.0/type_traits:93:29
ERROR: [v++ 207-3587] templates must have C++ linkage: /opt/Xilinx/Vitis_HLS/2020.2/tps/lnx64/gcc-6.2.0/lib/gcc/x86_64-pc-linux-gnu/6.2.0/../../../../include/c++/6.2.0/type_traits:103:3
ERROR: [v++ 207-3587] templates must have C++ linkage: /opt/Xilinx/Vitis_HLS/2020.2/tps/lnx64/gcc-6.2.0/lib/gcc/x86_64-pc-linux-gnu/6.2.0/../../../../include/c++/6.2.0/type_traits:106:3
ERROR: [v++ 207-1233] explicit specialization of non-template struct '__or_': /opt/Xilinx/Vitis_HLS/2020.2/tps/lnx64/gcc-6.2.0/lib/gcc/x86_64-pc-linux-gnu/6.2.0/../../../../include/c++/6.2.0/type_traits:110:12
ERROR: [v++ 207-2282] base specifier must name a class: /opt/Xilinx/Vitis_HLS/2020.2/tps/lnx64/gcc-6.2.0/lib/gcc/x86_64-pc-linux-gnu/6.2.0/../../../../include/c++/6.2.0/type_traits:111:14
ERROR: [v++ 207-1233] explicit specialization of non-template struct '__or_': /opt/Xilinx/Vitis_HLS/2020.2/tps/lnx64/gcc-6.2.0/lib/gcc/x86_64-pc-linux-gnu/6.2.0/../../../../include/c++/6.2.0/type_traits:115:12
ERROR: [v++ 207-3587] templates must have C++ linkage: /opt/Xilinx/Vitis_HLS/2020.2/tps/lnx64/gcc-6.2.0/lib/gcc/x86_64-pc-linux-gnu/6.2.0/../../../../include/c++/6.2.0/type_traits:114:3
ERROR: [v++ 207-1233] explicit specialization of non-template struct '__or_': /opt/Xilinx/Vitis_HLS/2020.2/tps/lnx64/gcc-6.2.0/lib/gcc/x86_64-pc-linux-gnu/6.2.0/../../../../include/c++/6.2.0/type_traits:120:12
ERROR: [v++ 207-59] too many errors emitted, stopping now
ERROR: [v++ 60-300] Failed to build kernel(ip) tsp, see log for details: /mnt/HLSNAS/r10943005/traveling-salesperson/proj_kernels/Emulation-SW/build/tsp/tsp/vitis_hls.log
ERROR: [v++ 60-773] In '/mnt/HLSNAS/r10943005/traveling-salesperson/proj_kernels/Emulation-SW/build/tsp/tsp/vitis_hls.log', caught Tcl error: ERROR: [HLS 207-3587] templates must have C++ linkage: /opt/Xilinx/Vitis_HLS/2020.2/tps/lnx64/gcc-6.2.0/lib/gcc/x86_64-pc-linux-gnu/6.2.0/../../../../include/c++/6.2.0/bits/stl_relops.h:85:5
ERROR: [v++ 60-773] In '/mnt/HLSNAS/r10943005/traveling-salesperson/proj_kernels/Emulation-SW/build/tsp/tsp/vitis_hls.log', caught Tcl error: ERROR: [HLS 207-3587] templates must have C++ linkage: /opt/Xilinx/Vitis_HLS/2020.2/tps/lnx64/gcc-6.2.0/lib/gcc/x86_64-pc-linux-gnu/6.2.0/../../../../include/c++/6.2.0/bits/stl_relops.h:98:5
ERROR: [v++ 60-773] In '/mnt/HLSNAS/r10943005/traveling-salesperson/proj_kernels/Emulation-SW/build/tsp/tsp/vitis_hls.log', caught Tcl error: ERROR: [HLS 207-3587] templates must have C++ linkage: /opt/Xilinx/Vitis_HLS/2020.2/tps/lnx64/gcc-6.2.0/lib/gcc/x86_64-pc-linux-gnu/6.2.0/../../../../include/c++/6.2.0/bits/stl_relops.h:111:5
ERROR: [v++ 60-773] In '/mnt/HLSNAS/r10943005/traveling-salesperson/proj_kernels/Emulation-SW/build/tsp/tsp/vitis_hls.log', caught Tcl error: ERROR: [HLS 207-3587] templates must have C++ linkage: /opt/Xilinx/Vitis_HLS/2020.2/tps/lnx64/gcc-6.2.0/lib/gcc/x86_64-pc-linux-gnu/6.2.0/../../../../include/c++/6.2.0/bits/stl_relops.h:124:5
ERROR: [v++ 60-773] In '/mnt/HLSNAS/r10943005/traveling-salesperson/proj_kernels/Emulation-SW/build/tsp/tsp/vitis_hls.log', caught Tcl error: ERROR: [HLS 207-3587] templates must have C++ linkage: /opt/Xilinx/Vitis_HLS/2020.2/tps/lnx64/gcc-6.2.0/lib/gcc/x86_64-pc-linux-gnu/6.2.0/../../../../include/c++/6.2.0/bits/move.h:45:3
ERROR: [v++ 60-773] In '/mnt/HLSNAS/r10943005/traveling-salesperson/proj_kernels/Emulation-SW/build/tsp/tsp/vitis_hls.log', caught Tcl error: ERROR: [HLS 207-3587] templates must have C++ linkage: /opt/Xilinx/Vitis_HLS/2020.2/tps/lnx64/gcc-6.2.0/lib/gcc/x86_64-pc-linux-gnu/6.2.0/../../../../include/c++/6.2.0/type_traits:68:3
ERROR: [v++ 60-773] In '/mnt/HLSNAS/r10943005/traveling-salesperson/proj_kernels/Emulation-SW/build/tsp/tsp/vitis_hls.log', caught Tcl error: ERROR: [HLS 207-3587] templates must have C++ linkage: /opt/Xilinx/Vitis_HLS/2020.2/tps/lnx64/gcc-6.2.0/lib/gcc/x86_64-pc-linux-gnu/6.2.0/../../../../include/c++/6.2.0/type_traits:83:3
ERROR: [v++ 60-773] In '/mnt/HLSNAS/r10943005/traveling-salesperson/proj_kernels/Emulation-SW/build/tsp/tsp/vitis_hls.log', caught Tcl error: ERROR: [HLS 207-1219] expected ';' at end of declaration: /opt/Xilinx/Vitis_HLS/2020.2/tps/lnx64/gcc-6.2.0/lib/gcc/x86_64-pc-linux-gnu/6.2.0/../../../../include/c++/6.2.0/type_traits:84:36
ERROR: [v++ 60-773] In '/mnt/HLSNAS/r10943005/traveling-salesperson/proj_kernels/Emulation-SW/build/tsp/tsp/vitis_hls.log', caught Tcl error: ERROR: [HLS 207-1228] expected unqualified-id: /opt/Xilinx/Vitis_HLS/2020.2/tps/lnx64/gcc-6.2.0/lib/gcc/x86_64-pc-linux-gnu/6.2.0/../../../../include/c++/6.2.0/type_traits:84:36
ERROR: [v++ 60-773] In '/mnt/HLSNAS/r10943005/traveling-salesperson/proj_kernels/Emulation-SW/build/tsp/tsp/vitis_hls.log', caught Tcl error: ERROR: [HLS 207-2976] no template named 'integral_constant': /opt/Xilinx/Vitis_HLS/2020.2/tps/lnx64/gcc-6.2.0/lib/gcc/x86_64-pc-linux-gnu/6.2.0/../../../../include/c++/6.2.0/type_traits:87:11
ERROR: [v++ 60-773] In '/mnt/HLSNAS/r10943005/traveling-salesperson/proj_kernels/Emulation-SW/build/tsp/tsp/vitis_hls.log', caught Tcl error: ERROR: [HLS 207-2976] no template named 'integral_constant': /opt/Xilinx/Vitis_HLS/2020.2/tps/lnx64/gcc-6.2.0/lib/gcc/x86_64-pc-linux-gnu/6.2.0/../../../../include/c++/6.2.0/type_traits:90:11
ERROR: [v++ 60-773] In '/mnt/HLSNAS/r10943005/traveling-salesperson/proj_kernels/Emulation-SW/build/tsp/tsp/vitis_hls.log', caught Tcl error: ERROR: [HLS 207-2976] no template named 'integral_constant': /opt/Xilinx/Vitis_HLS/2020.2/tps/lnx64/gcc-6.2.0/lib/gcc/x86_64-pc-linux-gnu/6.2.0/../../../../include/c++/6.2.0/type_traits:93:29
ERROR: [v++ 60-773] In '/mnt/HLSNAS/r10943005/traveling-salesperson/proj_kernels/Emulation-SW/build/tsp/tsp/vitis_hls.log', caught Tcl error: ERROR: [HLS 207-3587] templates must have C++ linkage: /opt/Xilinx/Vitis_HLS/2020.2/tps/lnx64/gcc-6.2.0/lib/gcc/x86_64-pc-linux-gnu/6.2.0/../../../../include/c++/6.2.0/type_traits:103:3
ERROR: [v++ 60-773] In '/mnt/HLSNAS/r10943005/traveling-salesperson/proj_kernels/Emulation-SW/build/tsp/tsp/vitis_hls.log', caught Tcl error: ERROR: [HLS 207-3587] templates must have C++ linkage: /opt/Xilinx/Vitis_HLS/2020.2/tps/lnx64/gcc-6.2.0/lib/gcc/x86_64-pc-linux-gnu/6.2.0/../../../../include/c++/6.2.0/type_traits:106:3
ERROR: [v++ 60-773] In '/mnt/HLSNAS/r10943005/traveling-salesperson/proj_kernels/Emulation-SW/build/tsp/tsp/vitis_hls.log', caught Tcl error: ERROR: [HLS 207-1233] explicit specialization of non-template struct '__or_': /opt/Xilinx/Vitis_HLS/2020.2/tps/lnx64/gcc-6.2.0/lib/gcc/x86_64-pc-linux-gnu/6.2.0/../../../../include/c++/6.2.0/type_traits:110:12
ERROR: [v++ 60-773] In '/mnt/HLSNAS/r10943005/traveling-salesperson/proj_kernels/Emulation-SW/build/tsp/tsp/vitis_hls.log', caught Tcl error: ERROR: [HLS 207-2282] base specifier must name a class: /opt/Xilinx/Vitis_HLS/2020.2/tps/lnx64/gcc-6.2.0/lib/gcc/x86_64-pc-linux-gnu/6.2.0/../../../../include/c++/6.2.0/type_traits:111:14
ERROR: [v++ 60-773] In '/mnt/HLSNAS/r10943005/traveling-salesperson/proj_kernels/Emulation-SW/build/tsp/tsp/vitis_hls.log', caught Tcl error: ERROR: [HLS 207-1233] explicit specialization of non-template struct '__or_': /opt/Xilinx/Vitis_HLS/2020.2/tps/lnx64/gcc-6.2.0/lib/gcc/x86_64-pc-linux-gnu/6.2.0/../../../../include/c++/6.2.0/type_traits:115:12
ERROR: [v++ 60-773] In '/mnt/HLSNAS/r10943005/traveling-salesperson/proj_kernels/Emulation-SW/build/tsp/tsp/vitis_hls.log', caught Tcl error: ERROR: [HLS 207-3587] templates must have C++ linkage: /opt/Xilinx/Vitis_HLS/2020.2/tps/lnx64/gcc-6.2.0/lib/gcc/x86_64-pc-linux-gnu/6.2.0/../../../../include/c++/6.2.0/type_traits:114:3
ERROR: [v++ 60-773] In '/mnt/HLSNAS/r10943005/traveling-salesperson/proj_kernels/Emulation-SW/build/tsp/tsp/vitis_hls.log', caught Tcl error: ERROR: [HLS 207-1233] explicit specialization of non-template struct '__or_': /opt/Xilinx/Vitis_HLS/2020.2/tps/lnx64/gcc-6.2.0/lib/gcc/x86_64-pc-linux-gnu/6.2.0/../../../../include/c++/6.2.0/type_traits:120:12
ERROR: [v++ 60-773] In '/mnt/HLSNAS/r10943005/traveling-salesperson/proj_kernels/Emulation-SW/build/tsp/tsp/vitis_hls.log', caught Tcl error: ERROR: [HLS 207-59] too many errors emitted, stopping now
ERROR: [v++ 60-599] Kernel compilation failed to complete
ERROR: [v++ 60-592] Failed to finish compilation
INFO: [v++ 60-1653] Closing dispatch client.
