

================================================================
== Vitis HLS Report for 'sliding_win_1in2out_ap_fixed_16_1_5_3_0_1024_s'
================================================================
* Date:           Fri Oct 15 14:56:41 2021

* Version:        2020.2 (Build 3064766 on Wed Nov 18 09:12:45 MST 2020)
* Project:        zynq_lab_2_2020
* Solution:       solution1 (Vivado IP Flow Target)
* Product family: zynq
* Target device:  xc7z020-clg400-1


================================================================
== Performance Estimates
================================================================
+ Timing: 
    * Summary: 
    +--------+----------+----------+------------+
    |  Clock |  Target  | Estimated| Uncertainty|
    +--------+----------+----------+------------+
    |ap_clk  |  10.00 ns|  5.155 ns|     2.70 ns|
    +--------+----------+----------+------------+

+ Latency: 
    * Summary: 
    +---------+---------+-----------+-----------+------+------+----------+
    |  Latency (cycles) |   Latency (absolute)  |   Interval  | Pipeline |
    |   min   |   max   |    min    |    max    |  min |  max |   Type   |
    +---------+---------+-----------+-----------+------+------+----------+
    |     1025|     1026|  10.250 us|  10.260 us|  1024|  1024|  dataflow|
    +---------+---------+-----------+-----------+------+------+----------+

    + Detail: 
        * Instance: 
        N/A

        * Loop: 
        N/A

============================================================
+ Verbose Summary: Synthesis Manager
============================================================
InlineROM: 1
ExposeGlobal: 0
============================================================
+ Verbose Summary: CDFG Model
============================================================
IsTopModel: 0
ResetActiveHigh: 1
IsCombinational: 2
IsDatapathOnly: 0
HasWiredReturn: 1
HasMFsm: 0
HasVarLatency: 1
IsPipeline: 0
IsRtlPipelined: 0
IsInstanceOverlapped: 0
IsDontTouch: 0
HasImplIP: 0
IsGatedGlobalClock: 0


============================================================
+ Verbose Summary: Schedule
============================================================
* Number of FSM states : 5
* Pipeline : 0
* Dataflow Pipeline: 1
  DF-Pipeline-0: Size = 5, States = { 1 2 3 4 5 }

* FSM state transitions: 
1 --> 2 
2 --> 3 
3 --> 4 
4 --> 5 
5 --> 

* FSM state operations: 

State 1 <SV = 0> <Delay = 0.00>
ST_1 : Operation 6 [1/1] (0.00ns)   --->   "%nodelay_V = alloca i64 1" [../../../../Downloads/HLS/ug871-design-files/ug871-design-files-updated/Using_IP_with_Zynq/lab2/hls_designs/sliding_win.h:67]   --->   Operation 6 'alloca' 'nodelay_V' <Predicate = true> <Delay = 0.00> <CoreInst = "FIFO">   --->   Core 78 'FIFO' <Latency = 0> <II = 1> <Delay = 3.61> <Storage> <Opcode : 'read' 'write' 'nbread' 'nbwrite'> <Ports = 0> <Width = 16> <Depth = 512> <FIFO>
ST_1 : Operation 7 [1/1] (0.00ns)   --->   "%delayed_V = alloca i64 1" [../../../../Downloads/HLS/ug871-design-files/ug871-design-files-updated/Using_IP_with_Zynq/lab2/hls_designs/sliding_win.h:67]   --->   Operation 7 'alloca' 'delayed_V' <Predicate = true> <Delay = 0.00> <CoreInst = "FIFO">   --->   Core 78 'FIFO' <Latency = 0> <II = 1> <Delay = 3.53> <Storage> <Opcode : 'read' 'write' 'nbread' 'nbwrite'> <Ports = 0> <Width = 16> <Depth = 256> <FIFO>

State 2 <SV = 1> <Delay = 5.15>
ST_2 : Operation 8 [2/2] (5.15ns)   --->   "%call_ln0 = call void @sliding_win_1in2out<ap_fixed<16, 1, 5, 3, 0>, 1024>_Loop_sliding_win_delay_proc7, i16 %din_V, i16 %nodelay_V, i16 %delayed_V, i16 %delay_line_Array"   --->   Operation 8 'call' 'call_ln0' <Predicate = true> <Delay = 5.15> <CoreType = "Generic">   --->   Core 0 '' <Latency = 0> <II = 1> <Delay = 1.00> <Generic> <Opcode : >

State 3 <SV = 2> <Delay = 0.00>
ST_3 : Operation 9 [1/2] (0.00ns)   --->   "%call_ln0 = call void @sliding_win_1in2out<ap_fixed<16, 1, 5, 3, 0>, 1024>_Loop_sliding_win_delay_proc7, i16 %din_V, i16 %nodelay_V, i16 %delayed_V, i16 %delay_line_Array"   --->   Operation 9 'call' 'call_ln0' <Predicate = true> <Delay = 0.00> <CoreType = "Generic">   --->   Core 0 '' <Latency = 0> <II = 1> <Delay = 1.00> <Generic> <Opcode : >

State 4 <SV = 3> <Delay = 0.00>
ST_4 : Operation 10 [2/2] (0.00ns)   --->   "%call_ln0 = call void @sliding_win_1in2out<ap_fixed<16, 1, 5, 3, 0>, 1024>_Loop_sliding_win_output_proc8, i16 %dout1, i16 %nodelay_V, i16 %dout, i16 %delayed_V"   --->   Operation 10 'call' 'call_ln0' <Predicate = true> <Delay = 0.00> <CoreType = "Generic">   --->   Core 0 '' <Latency = 0> <II = 1> <Delay = 1.00> <Generic> <Opcode : >

State 5 <SV = 4> <Delay = 0.00>
ST_5 : Operation 11 [1/1] (0.00ns)   --->   "%specdataflowpipeline_ln0 = specdataflowpipeline void @_ssdm_op_SpecDataflowPipeline, i32 4294967295, i32 0, void @empty_1"   --->   Operation 11 'specdataflowpipeline' 'specdataflowpipeline_ln0' <Predicate = true> <Delay = 0.00>
ST_5 : Operation 12 [1/1] (0.00ns)   --->   "%specinterface_ln0 = specinterface void @_ssdm_op_SpecInterface, i16 %din_V, void @empty, i32 1, i32 1, void @empty_0, i32 0, i32 0, void @empty_1, void @empty_1, void @empty_1, i32 0, i32 0, i32 0, i32 0, void @empty_1, void @empty_1"   --->   Operation 12 'specinterface' 'specinterface_ln0' <Predicate = true> <Delay = 0.00>
ST_5 : Operation 13 [1/1] (0.00ns)   --->   "%empty = specchannel i32 @_ssdm_op_SpecChannel, void @nodelay_OC_V_str, i32 1, void @p_str, void @p_str, i32 512, i32 512, i16 %nodelay_V, i16 %nodelay_V"   --->   Operation 13 'specchannel' 'empty' <Predicate = true> <Delay = 0.00>
ST_5 : Operation 14 [1/1] (0.00ns)   --->   "%specinterface_ln0 = specinterface void @_ssdm_op_SpecInterface, i16 %nodelay_V, void @empty_2, i32 0, i32 0, void @empty_1, i32 0, i32 0, void @empty_1, void @empty_1, void @empty_1, i32 0, i32 0, i32 0, i32 0, void @empty_1, void @empty_1"   --->   Operation 14 'specinterface' 'specinterface_ln0' <Predicate = true> <Delay = 0.00>
ST_5 : Operation 15 [1/1] (0.00ns)   --->   "%empty_16 = specchannel i32 @_ssdm_op_SpecChannel, void @delayed_OC_V_str, i32 1, void @p_str, void @p_str, i32 256, i32 256, i16 %delayed_V, i16 %delayed_V"   --->   Operation 15 'specchannel' 'empty_16' <Predicate = true> <Delay = 0.00>
ST_5 : Operation 16 [1/1] (0.00ns)   --->   "%specinterface_ln0 = specinterface void @_ssdm_op_SpecInterface, i16 %delayed_V, void @empty_2, i32 0, i32 0, void @empty_1, i32 0, i32 0, void @empty_1, void @empty_1, void @empty_1, i32 0, i32 0, i32 0, i32 0, void @empty_1, void @empty_1"   --->   Operation 16 'specinterface' 'specinterface_ln0' <Predicate = true> <Delay = 0.00>
ST_5 : Operation 17 [1/2] (0.00ns)   --->   "%call_ln0 = call void @sliding_win_1in2out<ap_fixed<16, 1, 5, 3, 0>, 1024>_Loop_sliding_win_output_proc8, i16 %dout1, i16 %nodelay_V, i16 %dout, i16 %delayed_V"   --->   Operation 17 'call' 'call_ln0' <Predicate = true> <Delay = 0.00> <CoreType = "Generic">   --->   Core 0 '' <Latency = 0> <II = 1> <Delay = 1.00> <Generic> <Opcode : >
ST_5 : Operation 18 [1/1] (0.00ns)   --->   "%ret_ln95 = ret" [../../../../Downloads/HLS/ug871-design-files/ug871-design-files-updated/Using_IP_with_Zynq/lab2/hls_designs/sliding_win.h:95]   --->   Operation 18 'ret' 'ret_ln95' <Predicate = true> <Delay = 0.00>


============================================================
+ Verbose Summary: Timing violations
============================================================
Target clock period: 10ns, clock uncertainty: 2.7ns.

 <State 1>: 0ns
The critical path consists of the following:

 <State 2>: 5.15ns
The critical path consists of the following:
	'call' operation ('call_ln0') to 'sliding_win_1in2out<ap_fixed<16, 1, 5, 3, 0>, 1024>_Loop_sliding_win_delay_proc7' [14]  (5.15 ns)

 <State 3>: 0ns
The critical path consists of the following:

 <State 4>: 0ns
The critical path consists of the following:

 <State 5>: 0ns
The critical path consists of the following:


============================================================
+ Verbose Summary: Binding
============================================================
N/A
* FSMD analyzer results:
  - Output states:
 - Input state : 
  - Chain level:
	State 1
	State 2
	State 3
	State 4
	State 5


============================================================
+ Verbose Summary: Datapath Resource usage 
============================================================
N/A
