#-----------------------------------------------------------
# Vivado v2020.2 (64-bit)
# SW Build 3064766 on Wed Nov 18 09:12:45 MST 2020
# IP Build 3064653 on Wed Nov 18 14:17:31 MST 2020
# Start of session at: Fri Oct 15 00:10:59 2021
# Process ID: 9136
# Current directory: C:/Users/ethan_kvm/hls_ip_zynq_lab1
# Command line: vivado.exe -gui_launcher_event rodinguilauncherevent12792 C:\Users\ethan_kvm\hls_ip_zynq_lab1\hls_ip_zynq_lab1.xpr
# Log file: C:/Users/ethan_kvm/hls_ip_zynq_lab1/vivado.log
# Journal file: C:/Users/ethan_kvm/hls_ip_zynq_lab1\vivado.jou
#-----------------------------------------------------------
start_gui
open_project C:/Users/ethan_kvm/hls_ip_zynq_lab1/hls_ip_zynq_lab1.xpr
Scanning sources...
Finished scanning sources
INFO: [IP_Flow 19-234] Refreshing IP repositories
INFO: [IP_Flow 19-1700] Loaded user IP repository 'c:/Users/ethan_kvm/AppData/Roaming/Xilinx/vitis/use_ip_on_zynq_lab1/solution1'.
INFO: [IP_Flow 19-2313] Loaded Vivado IP repository 'C:/Xilinx/Vivado/2020.2/data/ip'.
open_project: Time (s): cpu = 00:00:09 ; elapsed = 00:00:07 . Memory (MB): peak = 1126.156 ; gain = 0.000
update_compile_order -fileset sources_1
write_hw_platform -fixed -include_bit -force -file C:/Users/ethan_kvm/hls_ip_zynq_lab1/hls_ip_zynq_lab1.xsa
INFO: [Vivado 12-4895] Creating Hardware Platform: C:/Users/ethan_kvm/hls_ip_zynq_lab1/hls_ip_zynq_lab1.xsa ...
INFO: [Hsi 55-2053] elapsed time for repository (C:/Xilinx/Vivado/2020.2/data\embeddedsw) loading 0 seconds
INFO: [Vivado 12-12467] The Hardware Platform can be used for Hardware
INFO: [Vivado 12-4896] Successfully created Hardware Platform: C:/Users/ethan_kvm/hls_ip_zynq_lab1/hls_ip_zynq_lab1.xsa
write_hw_platform: Time (s): cpu = 00:00:05 ; elapsed = 00:00:05 . Memory (MB): peak = 1280.840 ; gain = 154.684
INFO: [Vivado 12-8231] Launching Vitis
INFO: [Vivado 12-417] Running vitis
INFO: [Vivado 12-8232] Vitis launch initiated. Please check console for any further messages.
exit
INFO: [Common 17-206] Exiting Vivado at Fri Oct 15 09:32:39 2021...
