

================================================================
== Vitis HLS Report for 'hls_macc'
================================================================
* Date:           Sat Oct 16 10:02:36 2021

* Version:        2020.2 (Build 3064766 on Wed Nov 18 09:12:45 MST 2020)
* Project:        use_ip_on_zynq_lab1
* Solution:       solution1 (Vivado IP Flow Target)
* Product family: zynq
* Target device:  xc7z020-clg400-1


================================================================
== Performance Estimates
================================================================
+ Timing: 
    * Summary: 
    +--------+----------+----------+------------+
    |  Clock |  Target  | Estimated| Uncertainty|
    +--------+----------+----------+------------+
    |ap_clk  |  10.00 ns|  6.598 ns|     2.70 ns|
    +--------+----------+----------+------------+

+ Latency: 
    * Summary: 
    +---------+---------+-----------+-----------+-----+-----+---------+
    |  Latency (cycles) |   Latency (absolute)  |  Interval | Pipeline|
    |   min   |   max   |    min    |    max    | min | max |   Type  |
    +---------+---------+-----------+-----------+-----+-----+---------+
    |        3|        3|  30.000 ns|  30.000 ns|    4|    4|     none|
    +---------+---------+-----------+-----------+-----+-----+---------+

    + Detail: 
        * Instance: 
        N/A

        * Loop: 
        N/A

============================================================
+ Verbose Summary: Synthesis Manager
============================================================
InlineROM: 1
ExposeGlobal: 0
============================================================
+ Verbose Summary: CDFG Model
============================================================
IsTopModel: 1
ResetActiveHigh: 1
IsCombinational: 0
IsDatapathOnly: 0
HasWiredReturn: 1
HasMFsm: 0
HasVarLatency: 1
IsPipeline: 0
IsRtlPipelined: 0
IsInstanceOverlapped: 0
IsDontTouch: 0
HasImplIP: 0
IsGatedGlobalClock: 0


============================================================
+ Verbose Summary: Schedule
============================================================
* Number of FSM states : 4
* Pipeline : 0
* Dataflow Pipeline: 0

* FSM state transitions: 
1 --> 2 
2 --> 3 
3 --> 4 
4 --> 

* FSM state operations: 

State 1 <SV = 0> <Delay = 1.00>
ST_1 : Operation 5 [1/1] (1.00ns)   --->   "%accum_clr_read = read i1 @_ssdm_op_Read.s_axilite.i1, i1 %accum_clr" [../../../../Downloads/HLS/ug871-design-files/ug871-design-files-updated/Using_IP_with_Zynq/lab1/hls_macc/hls_macc.c:48]   --->   Operation 5 'read' 'accum_clr_read' <Predicate = true> <Delay = 1.00> <CoreInst = "s_axilite">   --->   Core 114 's_axilite' <Latency = 0> <II = 1> <Delay = 1.00> <Adapter> <Opcode : 'read' 'write'>
ST_1 : Operation 6 [1/1] (1.00ns)   --->   "%b_read = read i32 @_ssdm_op_Read.s_axilite.i32, i32 %b" [../../../../Downloads/HLS/ug871-design-files/ug871-design-files-updated/Using_IP_with_Zynq/lab1/hls_macc/hls_macc.c:48]   --->   Operation 6 'read' 'b_read' <Predicate = true> <Delay = 1.00> <CoreInst = "s_axilite">   --->   Core 114 's_axilite' <Latency = 0> <II = 1> <Delay = 1.00> <Adapter> <Opcode : 'read' 'write'>
ST_1 : Operation 7 [1/1] (1.00ns)   --->   "%a_read = read i32 @_ssdm_op_Read.s_axilite.i32, i32 %a" [../../../../Downloads/HLS/ug871-design-files/ug871-design-files-updated/Using_IP_with_Zynq/lab1/hls_macc/hls_macc.c:48]   --->   Operation 7 'read' 'a_read' <Predicate = true> <Delay = 1.00> <CoreInst = "s_axilite">   --->   Core 114 's_axilite' <Latency = 0> <II = 1> <Delay = 1.00> <Adapter> <Opcode : 'read' 'write'>

State 2 <SV = 1> <Delay = 6.59>
ST_2 : Operation 8 [2/2] (6.59ns)   --->   "%dsp = mul i32 %b_read, i32 %a_read" [../../../../Downloads/HLS/ug871-design-files/ug871-design-files-updated/Using_IP_with_Zynq/lab1/hls_macc/hls_macc.c:61]   --->   Operation 8 'mul' 'dsp' <Predicate = true> <Delay = 6.59> <CoreInst = "Mul_DSP">   --->   Core 5 'Mul_DSP' <Latency = 1> <II = 1> <Delay = 6.59> <FuncUnit> <Opcode : 'mul'> <InPorts = 2> <OutPorts = 1>

State 3 <SV = 2> <Delay = 6.59>
ST_3 : Operation 9 [1/2] (6.59ns)   --->   "%dsp = mul i32 %b_read, i32 %a_read" [../../../../Downloads/HLS/ug871-design-files/ug871-design-files-updated/Using_IP_with_Zynq/lab1/hls_macc/hls_macc.c:61]   --->   Operation 9 'mul' 'dsp' <Predicate = true> <Delay = 6.59> <CoreInst = "Mul_DSP">   --->   Core 5 'Mul_DSP' <Latency = 1> <II = 1> <Delay = 6.59> <FuncUnit> <Opcode : 'mul'> <InPorts = 2> <OutPorts = 1>
ST_3 : Operation 10 [1/1] (0.00ns)   --->   "%specfucore_ln57 = specfucore void @_ssdm_op_SpecFUCore, i32 %dsp, i64 12, i64 3, i64 18446744073709551615" [../../../../Downloads/HLS/ug871-design-files/ug871-design-files-updated/Using_IP_with_Zynq/lab1/hls_macc/hls_macc.c:57]   --->   Operation 10 'specfucore' 'specfucore_ln57' <Predicate = true> <Delay = 0.00>

State 4 <SV = 3> <Delay = 5.02>
ST_4 : Operation 11 [1/1] (0.00ns)   --->   "%spectopmodule_ln0 = spectopmodule void @_ssdm_op_SpecTopModule, void @empty_9"   --->   Operation 11 'spectopmodule' 'spectopmodule_ln0' <Predicate = true> <Delay = 0.00>
ST_4 : Operation 12 [1/1] (0.00ns)   --->   "%specbitsmap_ln0 = specbitsmap void @_ssdm_op_SpecBitsMap, i32 %a"   --->   Operation 12 'specbitsmap' 'specbitsmap_ln0' <Predicate = true> <Delay = 0.00>
ST_4 : Operation 13 [1/1] (0.00ns)   --->   "%specinterface_ln0 = specinterface void @_ssdm_op_SpecInterface, i32 %a, void @empty_1, i32 0, i32 0, void @empty_2, i32 0, i32 0, void @empty_3, void @empty_4, void @empty_2, i32 0, i32 0, i32 0, i32 0, void @empty_2, void @empty_2"   --->   Operation 13 'specinterface' 'specinterface_ln0' <Predicate = true> <Delay = 0.00>
ST_4 : Operation 14 [1/1] (0.00ns)   --->   "%specinterface_ln0 = specinterface void @_ssdm_op_SpecInterface, i32 %a, void @empty_5, i32 0, i32 0, void @empty_2, i32 0, i32 0, void @empty_2, void @empty_2, void @empty_2, i32 0, i32 0, i32 0, i32 0, void @empty_2, void @empty_2"   --->   Operation 14 'specinterface' 'specinterface_ln0' <Predicate = true> <Delay = 0.00>
ST_4 : Operation 15 [1/1] (0.00ns)   --->   "%specbitsmap_ln0 = specbitsmap void @_ssdm_op_SpecBitsMap, i32 %b"   --->   Operation 15 'specbitsmap' 'specbitsmap_ln0' <Predicate = true> <Delay = 0.00>
ST_4 : Operation 16 [1/1] (0.00ns)   --->   "%specinterface_ln0 = specinterface void @_ssdm_op_SpecInterface, i32 %b, void @empty_1, i32 0, i32 0, void @empty_2, i32 0, i32 0, void @empty_3, void @empty_6, void @empty_2, i32 0, i32 0, i32 0, i32 0, void @empty_2, void @empty_2"   --->   Operation 16 'specinterface' 'specinterface_ln0' <Predicate = true> <Delay = 0.00>
ST_4 : Operation 17 [1/1] (0.00ns)   --->   "%specinterface_ln0 = specinterface void @_ssdm_op_SpecInterface, i32 %b, void @empty_5, i32 0, i32 0, void @empty_2, i32 0, i32 0, void @empty_2, void @empty_2, void @empty_2, i32 0, i32 0, i32 0, i32 0, void @empty_2, void @empty_2"   --->   Operation 17 'specinterface' 'specinterface_ln0' <Predicate = true> <Delay = 0.00>
ST_4 : Operation 18 [1/1] (0.00ns)   --->   "%specbitsmap_ln0 = specbitsmap void @_ssdm_op_SpecBitsMap, i32 %accum"   --->   Operation 18 'specbitsmap' 'specbitsmap_ln0' <Predicate = true> <Delay = 0.00>
ST_4 : Operation 19 [1/1] (0.00ns)   --->   "%specinterface_ln0 = specinterface void @_ssdm_op_SpecInterface, i32 %accum, void @empty_1, i32 0, i32 0, void @empty_2, i32 0, i32 0, void @empty_3, void @empty_7, void @empty_2, i32 0, i32 0, i32 0, i32 0, void @empty_2, void @empty_2"   --->   Operation 19 'specinterface' 'specinterface_ln0' <Predicate = true> <Delay = 0.00>
ST_4 : Operation 20 [1/1] (0.00ns)   --->   "%specbitsmap_ln0 = specbitsmap void @_ssdm_op_SpecBitsMap, i1 %accum_clr"   --->   Operation 20 'specbitsmap' 'specbitsmap_ln0' <Predicate = true> <Delay = 0.00>
ST_4 : Operation 21 [1/1] (0.00ns)   --->   "%specinterface_ln0 = specinterface void @_ssdm_op_SpecInterface, i1 %accum_clr, void @empty_1, i32 0, i32 0, void @empty_2, i32 0, i32 0, void @empty_3, void @empty_8, void @empty_2, i32 0, i32 0, i32 0, i32 0, void @empty_2, void @empty_2"   --->   Operation 21 'specinterface' 'specinterface_ln0' <Predicate = true> <Delay = 0.00>
ST_4 : Operation 22 [1/1] (0.00ns)   --->   "%specinterface_ln0 = specinterface void @_ssdm_op_SpecInterface, i1 %accum_clr, void @empty_5, i32 0, i32 0, void @empty_2, i32 0, i32 0, void @empty_2, void @empty_2, void @empty_2, i32 0, i32 0, i32 0, i32 0, void @empty_2, void @empty_2"   --->   Operation 22 'specinterface' 'specinterface_ln0' <Predicate = true> <Delay = 0.00>
ST_4 : Operation 23 [1/1] (0.00ns)   --->   "%specinterface_ln0 = specinterface void @_ssdm_op_SpecInterface, i32 0, void @empty_1, i32 0, i32 0, void @empty_2, i32 0, i32 0, void @empty_3, void @empty_2, void @empty_2, i32 0, i32 0, i32 0, i32 0, void @empty_2, void @empty_2"   --->   Operation 23 'specinterface' 'specinterface_ln0' <Predicate = true> <Delay = 0.00>
ST_4 : Operation 24 [1/1] (0.00ns)   --->   "%acc_reg_load = load i32 %acc_reg" [../../../../Downloads/HLS/ug871-design-files/ug871-design-files-updated/Using_IP_with_Zynq/lab1/hls_macc/hls_macc.c:62]   --->   Operation 24 'load' 'acc_reg_load' <Predicate = (!accum_clr_read)> <Delay = 0.00>
ST_4 : Operation 25 [1/1] (0.00ns) (grouped into LUT with out node add_ln62)   --->   "%select_ln59 = select i1 %accum_clr_read, i32 0, i32 %acc_reg_load" [../../../../Downloads/HLS/ug871-design-files/ug871-design-files-updated/Using_IP_with_Zynq/lab1/hls_macc/hls_macc.c:59]   --->   Operation 25 'select' 'select_ln59' <Predicate = true> <Delay = 0.00> <CoreInst = "Sel">   --->   Core 73 'Sel' <Latency = 0> <II = 1> <Delay = 0.69> <FuncUnit> <Opcode : 'select'> <InPorts = 3> <OutPorts = 1>
ST_4 : Operation 26 [1/1] (0.00ns)   --->   "%rbegin1 = specregionbegin i32 @_ssdm_op_SpecRegionBegin, void @empty_0" [../../../../Downloads/HLS/ug871-design-files/ug871-design-files-updated/Using_IP_with_Zynq/lab1/hls_macc/hls_macc.c:59]   --->   Operation 26 'specregionbegin' 'rbegin1' <Predicate = true> <Delay = 0.00>
ST_4 : Operation 27 [1/1] (0.00ns)   --->   "%rend2 = specregionend i32 @_ssdm_op_SpecRegionEnd, void @empty_0, i32 %rbegin1" [../../../../Downloads/HLS/ug871-design-files/ug871-design-files-updated/Using_IP_with_Zynq/lab1/hls_macc/hls_macc.c:61]   --->   Operation 27 'specregionend' 'rend2' <Predicate = true> <Delay = 0.00>
ST_4 : Operation 28 [1/1] (0.00ns)   --->   "%rbegin = specregionbegin i32 @_ssdm_op_SpecRegionBegin, void @empty" [../../../../Downloads/HLS/ug871-design-files/ug871-design-files-updated/Using_IP_with_Zynq/lab1/hls_macc/hls_macc.c:61]   --->   Operation 28 'specregionbegin' 'rbegin' <Predicate = true> <Delay = 0.00>
ST_4 : Operation 29 [1/1] (4.02ns) (out node of the LUT)   --->   "%add_ln62 = add i32 %select_ln59, i32 %dsp" [../../../../Downloads/HLS/ug871-design-files/ug871-design-files-updated/Using_IP_with_Zynq/lab1/hls_macc/hls_macc.c:62]   --->   Operation 29 'add' 'add_ln62' <Predicate = true> <Delay = 4.02> <CoreInst = "AddSub_DSP">   --->   Core 2 'AddSub_DSP' <Latency = 0> <II = 1> <Delay = 4.02> <FuncUnit> <Opcode : 'add' 'sub'> <InPorts = 2> <OutPorts = 1>
ST_4 : Operation 30 [1/1] (0.00ns)   --->   "%specfucore_ln62 = specfucore void @_ssdm_op_SpecFUCore, i32 %add_ln62, i64 8, i64 3, i64 18446744073709551615" [../../../../Downloads/HLS/ug871-design-files/ug871-design-files-updated/Using_IP_with_Zynq/lab1/hls_macc/hls_macc.c:62]   --->   Operation 30 'specfucore' 'specfucore_ln62' <Predicate = true> <Delay = 0.00>
ST_4 : Operation 31 [1/1] (0.00ns)   --->   "%rend = specregionend i32 @_ssdm_op_SpecRegionEnd, void @empty, i32 %rbegin" [../../../../Downloads/HLS/ug871-design-files/ug871-design-files-updated/Using_IP_with_Zynq/lab1/hls_macc/hls_macc.c:62]   --->   Operation 31 'specregionend' 'rend' <Predicate = true> <Delay = 0.00>
ST_4 : Operation 32 [1/1] (1.00ns)   --->   "%write_ln63 = write void @_ssdm_op_Write.s_axilite.i32P0A, i32 %accum, i32 %add_ln62" [../../../../Downloads/HLS/ug871-design-files/ug871-design-files-updated/Using_IP_with_Zynq/lab1/hls_macc/hls_macc.c:63]   --->   Operation 32 'write' 'write_ln63' <Predicate = true> <Delay = 1.00> <CoreInst = "s_axilite">   --->   Core 114 's_axilite' <Latency = 0> <II = 1> <Delay = 1.00> <Adapter> <Opcode : 'read' 'write'>
ST_4 : Operation 33 [1/1] (0.00ns)   --->   "%store_ln60 = store i32 %add_ln62, i32 %acc_reg" [../../../../Downloads/HLS/ug871-design-files/ug871-design-files-updated/Using_IP_with_Zynq/lab1/hls_macc/hls_macc.c:60]   --->   Operation 33 'store' 'store_ln60' <Predicate = true> <Delay = 0.00>
ST_4 : Operation 34 [1/1] (0.00ns)   --->   "%ret_ln64 = ret" [../../../../Downloads/HLS/ug871-design-files/ug871-design-files-updated/Using_IP_with_Zynq/lab1/hls_macc/hls_macc.c:64]   --->   Operation 34 'ret' 'ret_ln64' <Predicate = true> <Delay = 0.00>


============================================================
+ Verbose Summary: Timing violations
============================================================
Target clock period: 10ns, clock uncertainty: 2.7ns.

 <State 1>: 1ns
The critical path consists of the following:
	s_axi read on port 'accum_clr' (../../../../Downloads/HLS/ug871-design-files/ug871-design-files-updated/Using_IP_with_Zynq/lab1/hls_macc/hls_macc.c:48) [20]  (1 ns)

 <State 2>: 6.6ns
The critical path consists of the following:
	'mul' operation ('dsp', ../../../../Downloads/HLS/ug871-design-files/ug871-design-files-updated/Using_IP_with_Zynq/lab1/hls_macc/hls_macc.c:61) [26]  (6.6 ns)

 <State 3>: 6.6ns
The critical path consists of the following:
	'mul' operation ('dsp', ../../../../Downloads/HLS/ug871-design-files/ug871-design-files-updated/Using_IP_with_Zynq/lab1/hls_macc/hls_macc.c:61) [26]  (6.6 ns)

 <State 4>: 5.02ns
The critical path consists of the following:
	'load' operation ('acc_reg_load', ../../../../Downloads/HLS/ug871-design-files/ug871-design-files-updated/Using_IP_with_Zynq/lab1/hls_macc/hls_macc.c:62) on static variable 'acc_reg' [23]  (0 ns)
	'select' operation ('select_ln59', ../../../../Downloads/HLS/ug871-design-files/ug871-design-files-updated/Using_IP_with_Zynq/lab1/hls_macc/hls_macc.c:59) [24]  (0 ns)
	'add' operation ('add_ln62', ../../../../Downloads/HLS/ug871-design-files/ug871-design-files-updated/Using_IP_with_Zynq/lab1/hls_macc/hls_macc.c:62) [30]  (4.02 ns)
	s_axi write on port 'accum' (../../../../Downloads/HLS/ug871-design-files/ug871-design-files-updated/Using_IP_with_Zynq/lab1/hls_macc/hls_macc.c:63) [33]  (1 ns)


============================================================
+ Verbose Summary: Binding
============================================================
N/A
* FSMD analyzer results:
  - Output states:
 - Input state : 
  - Chain level:
	State 1
	State 2
	State 3
	State 4


============================================================
+ Verbose Summary: Datapath Resource usage 
============================================================
N/A
