

================================================================
== Synthesis Summary Report of 'example'
================================================================
+ General Information: 
    * Date:           Sat Oct 23 11:02:41 2021
    * Version:        2020.2 (Build 3064766 on Wed Nov 18 09:12:45 MST 2020)
    * Project:        proj
    * Solution:       solution1 (Vivado IP Flow Target)
    * Product family: virtex7
    * Target device:  xc7v585t-ffg1761-2
    

+ Performance & Resource Estimates: 
    
    PS: '+' for module; 'o' for loop; '*' for dataflow
    +------------------------+------+-------+---------+---------+----------+---------+------+----------+------+----+-----------+------------+-----+
    |         Modules        | Issue|       | Latency | Latency | Iteration|         | Trip |          |      |    |           |            |     |
    |         & Loops        | Type | Slack | (cycles)|   (ns)  |  Latency | Interval| Count| Pipelined| BRAM | DSP|     FF    |     LUT    | URAM|
    +------------------------+------+-------+---------+---------+----------+---------+------+----------+------+----+-----------+------------+-----+
    |+ example*              |     -|  -3.23|       29|  386.657|         -|       25|     -|  dataflow|     -|   -|  764 (~0%)|  1181 (~0%)|    -|
    | + grp_proc_1_fu_48*    |     -|  -3.51|       27|  359.991|         -|       25|     -|  dataflow|     -|   -|  304 (~0%)|   537 (~0%)|    -|
    |  + grp_proc_1_2_fu_44  |     -|  -3.51|       24|  319.992|         -|       24|     -|        no|     -|   -|   52 (~0%)|   215 (~0%)|    -|
    |   o VITIS_LOOP_58_1    |     -|  -9.73|       10|  133.330|         2|        1|    10|       yes|     -|   -|          -|           -|    -|
    |   o VITIS_LOOP_62_2    |     -|  -9.73|       10|  133.330|         2|        1|    10|       yes|     -|   -|          -|           -|    -|
    |  + grp_proc_1_1_fu_54  |     -|  -4.81|       24|  319.992|         -|       24|     -|        no|     -|   -|   53 (~0%)|   176 (~0%)|    -|
    |   o VITIS_LOOP_45_1    |     -|  -9.73|       10|  133.330|         2|        1|    10|       yes|     -|   -|          -|           -|    -|
    |   o VITIS_LOOP_49_2    |     -|  -9.73|       10|  133.330|         2|        1|    10|       yes|     -|   -|          -|           -|    -|
    | + grp_proc_2_fu_56*    |     -|  -3.23|       24|  319.992|         -|       25|     -|  dataflow|     -|   -|  262 (~0%)|   507 (~0%)|    -|
    |  + grp_proc_2_1_fu_44  |     -|  -3.51|       24|  319.992|         -|       24|     -|        no|     -|   -|   53 (~0%)|   224 (~0%)|    -|
    |   o VITIS_LOOP_81_1    |     -|  -9.73|       10|  133.330|         2|        1|    10|       yes|     -|   -|          -|           -|    -|
    |   o VITIS_LOOP_85_2    |     -|  -9.73|       10|  133.330|         2|        1|    10|       yes|     -|   -|          -|           -|    -|
    |  + grp_proc_2_2_fu_54  |     -|  -3.23|       12|  159.996|         -|       12|     -|        no|     -|   -|   11 (~0%)|   146 (~0%)|    -|
    |   o VITIS_LOOP_93_1    |     -|  -9.73|       10|  133.330|         2|        1|    10|       yes|     -|   -|          -|           -|    -|
    +------------------------+------+-------+---------+---------+----------+---------+------+----------+------+----+-----------+------------+-----+

