

================================================================
== Vitis HLS Report for 'proc_1'
================================================================
* Date:           Sat Oct 23 11:02:40 2021

* Version:        2020.2 (Build 3064766 on Wed Nov 18 09:12:45 MST 2020)
* Project:        proj
* Solution:       solution1 (Vivado IP Flow Target)
* Product family: virtex7
* Target device:  xc7v585t-ffg1761-2


================================================================
== Performance Estimates
================================================================
+ Timing: 
    * Summary: 
    +--------+----------+----------+------------+
    |  Clock |  Target  | Estimated| Uncertainty|
    +--------+----------+----------+------------+
    |ap_clk  |  13.33 ns|  6.222 ns|     3.60 ns|
    +--------+----------+----------+------------+

+ Latency: 
    * Summary: 
    +---------+---------+----------+----------+-----+-----+----------+
    |  Latency (cycles) |  Latency (absolute) |  Interval | Pipeline |
    |   min   |   max   |    min   |    max   | min | max |   Type   |
    +---------+---------+----------+----------+-----+-----+----------+
    |       27|       27|  0.360 us|  0.360 us|   25|   25|  dataflow|
    +---------+---------+----------+----------+-----+-----+----------+

    + Detail: 
        * Instance: 
        +-------------+----------+---------+---------+----------+----------+-----+-----+---------+
        |             |          |  Latency (cycles) |  Latency (absolute) |  Interval | Pipeline|
        |   Instance  |  Module  |   min   |   max   |    min   |    max   | min | max |   Type  |
        +-------------+----------+---------+---------+----------+----------+-----+-----+---------+
        |proc_1_2_U0  |proc_1_2  |       24|       24|  0.320 us|  0.320 us|   24|   24|     none|
        |proc_1_1_U0  |proc_1_1  |       24|       24|  0.320 us|  0.320 us|   24|   24|     none|
        +-------------+----------+---------+---------+----------+----------+-----+-----+---------+

        * Loop: 
        N/A



================================================================
== Utilization Estimates
================================================================
* Summary: 
+-----------------+---------+------+--------+--------+-----+
|       Name      | BRAM_18K|  DSP |   FF   |   LUT  | URAM|
+-----------------+---------+------+--------+--------+-----+
|DSP              |        -|     -|       -|       -|    -|
|Expression       |        -|     -|       0|       2|    -|
|FIFO             |        -|     -|     198|     135|    -|
|Instance         |        -|     -|     105|     391|    -|
|Memory           |        -|     -|       -|       -|    -|
|Multiplexer      |        -|     -|       -|       9|    -|
|Register         |        -|     -|       1|       -|    -|
+-----------------+---------+------+--------+--------+-----+
|Total            |        0|     0|     304|     537|    0|
+-----------------+---------+------+--------+--------+-----+
|Available        |     1590|  1260|  728400|  364200|    0|
+-----------------+---------+------+--------+--------+-----+
|Utilization (%)  |        0|     0|      ~0|      ~0|    0|
+-----------------+---------+------+--------+--------+-----+

+ Detail: 
    * Instance: 
    +-------------+----------+---------+----+----+-----+-----+
    |   Instance  |  Module  | BRAM_18K| DSP| FF | LUT | URAM|
    +-------------+----------+---------+----+----+-----+-----+
    |proc_1_1_U0  |proc_1_1  |        0|   0|  53|  176|    0|
    |proc_1_2_U0  |proc_1_2  |        0|   0|  52|  215|    0|
    +-------------+----------+---------+----+----+-----+-----+
    |Total        |          |        0|   0| 105|  391|    0|
    +-------------+----------+---------+----+----+-----+-----+

    * DSP: 
    N/A

    * Memory: 
    N/A

    * FIFO: 
    +-----------------+---------+----+----+-----+------+-----+---------+
    |       Name      | BRAM_18K| FF | LUT| URAM| Depth| Bits| Size:D*B|
    +-----------------+---------+----+----+-----+------+-----+---------+
    |data_channel1_U  |        0|  99|   0|    -|    10|   32|      320|
    |data_channel2_U  |        0|  99|   0|    -|     1|   32|       32|
    +-----------------+---------+----+----+-----+------+-----+---------+
    |Total            |        0| 198|   0|    0|    11|   64|      352|
    +-----------------+---------+----+----+-----+------+-----+---------+

    * Expression: 
    +--------------+----------+----+---+----+------------+------------+
    | Variable Name| Operation| DSP| FF| LUT| Bitwidth P0| Bitwidth P1|
    +--------------+----------+----+---+----+------------+------------+
    |ap_idle       |       and|   0|  0|   2|           1|           1|
    +--------------+----------+----+---+----+------------+------------+
    |Total         |          |   0|  0|   2|           1|           1|
    +--------------+----------+----+---+----+------------+------------+

    * Multiplexer: 
    +------------+----+-----------+-----+-----------+
    |    Name    | LUT| Input Size| Bits| Total Bits|
    +------------+----+-----------+-----+-----------+
    |real_start  |   9|          2|    1|          2|
    +------------+----+-----------+-----+-----------+
    |Total       |   9|          2|    1|          2|
    +------------+----+-----------+-----+-----------+

    * Register: 
    +----------------+---+----+-----+-----------+
    |      Name      | FF| LUT| Bits| Const Bits|
    +----------------+---+----+-----+-----------+
    |start_once_reg  |  1|   0|    1|          0|
    +----------------+---+----+-----+-----------+
    |Total           |  1|   0|    1|          0|
    +----------------+---+----+-----+-----------+



================================================================
== Interface
================================================================
* Summary: 
+--------------+-----+-----+------------+--------------+--------------+
|   RTL Ports  | Dir | Bits|  Protocol  | Source Object|    C Type    |
+--------------+-----+-----+------------+--------------+--------------+
|ap_start      |   in|    1|  ap_ctrl_hs|        proc_1|  return value|
|start_full_n  |   in|    1|  ap_ctrl_hs|        proc_1|  return value|
|start_out     |  out|    1|  ap_ctrl_hs|        proc_1|  return value|
|start_write   |  out|    1|  ap_ctrl_hs|        proc_1|  return value|
|ap_clk        |   in|    1|  ap_ctrl_hs|        proc_1|  return value|
|ap_rst        |   in|    1|  ap_ctrl_hs|        proc_1|  return value|
|ap_done       |  out|    1|  ap_ctrl_hs|        proc_1|  return value|
|ap_ready      |  out|    1|  ap_ctrl_hs|        proc_1|  return value|
|ap_idle       |  out|    1|  ap_ctrl_hs|        proc_1|  return value|
|ap_continue   |   in|    1|  ap_ctrl_hs|        proc_1|  return value|
|A_V_dout      |   in|   32|     ap_fifo|           A_V|       pointer|
|A_V_empty_n   |   in|    1|     ap_fifo|           A_V|       pointer|
|A_V_read      |  out|    1|     ap_fifo|           A_V|       pointer|
|B_din         |  out|   32|     ap_fifo|             B|       pointer|
|B_full_n      |   in|    1|     ap_fifo|             B|       pointer|
|B_write       |  out|    1|     ap_fifo|             B|       pointer|
|C_din         |  out|   32|     ap_fifo|             C|       pointer|
|C_full_n      |   in|    1|     ap_fifo|             C|       pointer|
|C_write       |  out|    1|     ap_fifo|             C|       pointer|
+--------------+-----+-----+------------+--------------+--------------+

