

================================================================
== Synthesis Summary Report of 'hls_real2xfft'
================================================================
+ General Information: 
    * Date:           Fri Oct 15 14:56:46 2021
    * Version:        2020.2 (Build 3064766 on Wed Nov 18 09:12:45 MST 2020)
    * Project:        zynq_lab_2_2020
    * Solution:       solution1 (Vivado IP Flow Target)
    * Product family: zynq
    * Target device:  xc7z020-clg400-1
    

+ Performance & Resource Estimates: 
    
    PS: '+' for module; 'o' for loop; '*' for dataflow
    +-----------------------------------------------------------------------------------------------+------+-------+---------+-----------+----------+---------+------+----------+---------+---------+-----------+-----------+-----+
    |                                            Modules                                            | Issue|       | Latency |  Latency  | Iteration|         | Trip |          |         |         |           |           |     |
    |                                            & Loops                                            | Type | Slack | (cycles)|    (ns)   |  Latency | Interval| Count| Pipelined|  BRAM   |   DSP   |     FF    |    LUT    | URAM|
    +-----------------------------------------------------------------------------------------------+------+-------+---------+-----------+----------+---------+------+----------+---------+---------+-----------+-----------+-----+
    |+ hls_real2xfft*                                                                               |     -|  -1.90|     2058|  2.058e+04|         -|     1024|     -|  dataflow|   8 (2%)|  2 (~0%)|  681 (~0%)|   757 (1%)|    -|
    | + grp_window_fn_ap_fixed_16_1_5_3_0_ap_fixed_16_1_5_3_0_ap_fixed_16_1_5_0_0_1024_2_2_s_fu_56  |     -|  -1.90|      516|  5.160e+03|         -|      516|     -|        no|  2 (~0%)|  2 (~0%)|  165 (~0%)|  146 (~0%)|    -|
    |  o apply_win_fn                                                                               |     -|  -7.30|      515|  5.150e+03|         5|        1|   512|       yes|        -|        -|          -|          -|    -|
    | + grp_sliding_win_1in2out_ap_fixed_16_1_5_3_0_1024_s_fu_68*                                   |     -|  -2.14|     1026|  1.026e+04|         -|     1024|     -|  dataflow|  2 (~0%)|        -|  484 (~0%)|  443 (~0%)|    -|
    |  + grp_sliding_win_1in2out_ap_fixed_16_1_5_3_0_1024_Loop_sliding_win_output_proc8_fu_52       |     -|  -3.68|     1026|  1.026e+04|         -|     1026|     -|        no|        -|        -|   87 (~0%)|  156 (~0%)|    -|
    |   o sliding_win_output                                                                        |    II|  -7.30|     1025|  1.025e+04|         4|        2|   512|       yes|        -|        -|          -|          -|    -|
    |  + grp_sliding_win_1in2out_ap_fixed_16_1_5_3_0_1024_Loop_sliding_win_delay_proc7_fu_62        |     -|  -2.14|      512|  5.120e+03|         -|      512|     -|        no|        -|        -|   77 (~0%)|  129 (~0%)|    -|
    |   o sliding_win_delay                                                                         |     -|  -7.30|      511|  5.110e+03|         1|        1|   512|       yes|        -|        -|          -|          -|    -|
    | + grp_Loop_real2xfft_output_proc9_fu_78                                                       |     -|  -4.05|      514|  5.140e+03|         -|      514|     -|        no|        -|        -|   28 (~0%)|  106 (~0%)|    -|
    |  o real2xfft_output                                                                           |     -|  -7.30|      513|  5.130e+03|         3|        1|   512|       yes|        -|        -|          -|          -|    -|
    +-----------------------------------------------------------------------------------------------+------+-------+---------+-----------+----------+---------+------+----------+---------+---------+-----------+-----------+-----+

