
*** Running vivado
    with args -log design_1_hls_macc_0_0.vds -m64 -product Vivado -mode batch -messageDb vivado.pb -notrace -source design_1_hls_macc_0_0.tcl



****** Vivado v2020.2 (64-bit)
  **** SW Build 3064766 on Wed Nov 18 09:12:45 MST 2020
  **** IP Build 3064653 on Wed Nov 18 14:17:31 MST 2020
    ** Copyright 1986-2020 Xilinx, Inc. All Rights Reserved.

source design_1_hls_macc_0_0.tcl -notrace
INFO: [IP_Flow 19-234] Refreshing IP repositories
INFO: [IP_Flow 19-1700] Loaded user IP repository 'c:/Users/ethan_kvm/AppData/Roaming/Xilinx/vitis/use_ip_on_zynq_lab1/solution1'.
INFO: [IP_Flow 19-2313] Loaded Vivado IP repository 'C:/Xilinx/Vivado/2020.2/data/ip'.
Command: synth_design -top design_1_hls_macc_0_0 -part xc7z020clg400-1 -mode out_of_context
Starting synth_design
Attempting to get a license for feature 'Synthesis' and/or device 'xc7z020'
INFO: [Common 17-349] Got license for feature 'Synthesis' and/or device 'xc7z020'
INFO: [Device 21-403] Loading part xc7z020clg400-1
INFO: [Synth 8-7079] Multithreading enabled for synth_design using a maximum of 2 processes.
INFO: [Synth 8-7078] Launching helper process for spawning children vivado processes
INFO: [Synth 8-7075] Helper process launched with PID 752
---------------------------------------------------------------------------------
Starting RTL Elaboration : Time (s): cpu = 00:00:04 ; elapsed = 00:00:04 . Memory (MB): peak = 1176.801 ; gain = 32.348
---------------------------------------------------------------------------------
INFO: [Synth 8-6157] synthesizing module 'design_1_hls_macc_0_0' [c:/Users/ethan_kvm/hls_ip_zynq_lab1/hls_ip_zynq_lab1.gen/sources_1/bd/design_1/ip/design_1_hls_macc_0_0/synth/design_1_hls_macc_0_0.v:58]
INFO: [Synth 8-6157] synthesizing module 'hls_macc' [c:/Users/ethan_kvm/hls_ip_zynq_lab1/hls_ip_zynq_lab1.gen/sources_1/bd/design_1/ipshared/70ea/hdl/verilog/hls_macc.v:12]
	Parameter ap_ST_fsm_state1 bound to: 4'b0001 
	Parameter ap_ST_fsm_state2 bound to: 4'b0010 
	Parameter ap_ST_fsm_state3 bound to: 4'b0100 
	Parameter ap_ST_fsm_state4 bound to: 4'b1000 
	Parameter C_S_AXI_HLS_MACC_PERIPH_BUS_DATA_WIDTH bound to: 32 - type: integer 
	Parameter C_S_AXI_HLS_MACC_PERIPH_BUS_ADDR_WIDTH bound to: 6 - type: integer 
	Parameter C_S_AXI_DATA_WIDTH bound to: 32 - type: integer 
	Parameter C_S_AXI_HLS_MACC_PERIPH_BUS_WSTRB_WIDTH bound to: 4 - type: integer 
	Parameter C_S_AXI_WSTRB_WIDTH bound to: 4 - type: integer 
INFO: [Synth 8-6157] synthesizing module 'hls_macc_HLS_MACC_PERIPH_BUS_s_axi' [c:/Users/ethan_kvm/hls_ip_zynq_lab1/hls_ip_zynq_lab1.gen/sources_1/bd/design_1/ipshared/70ea/hdl/verilog/hls_macc_HLS_MACC_PERIPH_BUS_s_axi.v:6]
	Parameter C_S_AXI_ADDR_WIDTH bound to: 6 - type: integer 
	Parameter C_S_AXI_DATA_WIDTH bound to: 32 - type: integer 
	Parameter ADDR_AP_CTRL bound to: 6'b000000 
	Parameter ADDR_GIE bound to: 6'b000100 
	Parameter ADDR_IER bound to: 6'b001000 
	Parameter ADDR_ISR bound to: 6'b001100 
	Parameter ADDR_A_DATA_0 bound to: 6'b010000 
	Parameter ADDR_A_CTRL bound to: 6'b010100 
	Parameter ADDR_B_DATA_0 bound to: 6'b011000 
	Parameter ADDR_B_CTRL bound to: 6'b011100 
	Parameter ADDR_ACCUM_DATA_0 bound to: 6'b100000 
	Parameter ADDR_ACCUM_CTRL bound to: 6'b100100 
	Parameter ADDR_ACCUM_CLR_DATA_0 bound to: 6'b110000 
	Parameter ADDR_ACCUM_CLR_CTRL bound to: 6'b110100 
	Parameter WRIDLE bound to: 2'b00 
	Parameter WRDATA bound to: 2'b01 
	Parameter WRRESP bound to: 2'b10 
	Parameter WRRESET bound to: 2'b11 
	Parameter RDIDLE bound to: 2'b00 
	Parameter RDDATA bound to: 2'b01 
	Parameter RDRESET bound to: 2'b10 
	Parameter ADDR_BITS bound to: 6 - type: integer 
INFO: [Synth 8-155] case statement is not full and has no default [c:/Users/ethan_kvm/hls_ip_zynq_lab1/hls_ip_zynq_lab1.gen/sources_1/bd/design_1/ipshared/70ea/hdl/verilog/hls_macc_HLS_MACC_PERIPH_BUS_s_axi.v:218]
INFO: [Synth 8-6155] done synthesizing module 'hls_macc_HLS_MACC_PERIPH_BUS_s_axi' (1#1) [c:/Users/ethan_kvm/hls_ip_zynq_lab1/hls_ip_zynq_lab1.gen/sources_1/bd/design_1/ipshared/70ea/hdl/verilog/hls_macc_HLS_MACC_PERIPH_BUS_s_axi.v:6]
INFO: [Synth 8-6157] synthesizing module 'hls_macc_mul_32s_32s_32_2_1' [c:/Users/ethan_kvm/hls_ip_zynq_lab1/hls_ip_zynq_lab1.gen/sources_1/bd/design_1/ipshared/70ea/hdl/verilog/hls_macc_mul_32s_32s_32_2_1.v:25]
	Parameter ID bound to: 1 - type: integer 
	Parameter NUM_STAGE bound to: 2 - type: integer 
	Parameter din0_WIDTH bound to: 32 - type: integer 
	Parameter din1_WIDTH bound to: 32 - type: integer 
	Parameter dout_WIDTH bound to: 32 - type: integer 
INFO: [Synth 8-6157] synthesizing module 'hls_macc_mul_32s_32s_32_2_1_Multiplier_0' [c:/Users/ethan_kvm/hls_ip_zynq_lab1/hls_ip_zynq_lab1.gen/sources_1/bd/design_1/ipshared/70ea/hdl/verilog/hls_macc_mul_32s_32s_32_2_1.v:8]
INFO: [Synth 8-6155] done synthesizing module 'hls_macc_mul_32s_32s_32_2_1_Multiplier_0' (2#1) [c:/Users/ethan_kvm/hls_ip_zynq_lab1/hls_ip_zynq_lab1.gen/sources_1/bd/design_1/ipshared/70ea/hdl/verilog/hls_macc_mul_32s_32s_32_2_1.v:8]
INFO: [Synth 8-6155] done synthesizing module 'hls_macc_mul_32s_32s_32_2_1' (3#1) [c:/Users/ethan_kvm/hls_ip_zynq_lab1/hls_ip_zynq_lab1.gen/sources_1/bd/design_1/ipshared/70ea/hdl/verilog/hls_macc_mul_32s_32s_32_2_1.v:25]
INFO: [Synth 8-6155] done synthesizing module 'hls_macc' (4#1) [c:/Users/ethan_kvm/hls_ip_zynq_lab1/hls_ip_zynq_lab1.gen/sources_1/bd/design_1/ipshared/70ea/hdl/verilog/hls_macc.v:12]
INFO: [Synth 8-6155] done synthesizing module 'design_1_hls_macc_0_0' (5#1) [c:/Users/ethan_kvm/hls_ip_zynq_lab1/hls_ip_zynq_lab1.gen/sources_1/bd/design_1/ip/design_1_hls_macc_0_0/synth/design_1_hls_macc_0_0.v:58]
---------------------------------------------------------------------------------
Finished RTL Elaboration : Time (s): cpu = 00:00:05 ; elapsed = 00:00:05 . Memory (MB): peak = 1233.234 ; gain = 88.781
---------------------------------------------------------------------------------
---------------------------------------------------------------------------------
Start Handling Custom Attributes
---------------------------------------------------------------------------------
---------------------------------------------------------------------------------
Finished Handling Custom Attributes : Time (s): cpu = 00:00:05 ; elapsed = 00:00:06 . Memory (MB): peak = 1233.234 ; gain = 88.781
---------------------------------------------------------------------------------
---------------------------------------------------------------------------------
Finished RTL Optimization Phase 1 : Time (s): cpu = 00:00:05 ; elapsed = 00:00:06 . Memory (MB): peak = 1233.234 ; gain = 88.781
---------------------------------------------------------------------------------
Netlist sorting complete. Time (s): cpu = 00:00:00 ; elapsed = 00:00:00.011 . Memory (MB): peak = 1233.234 ; gain = 0.000
INFO: [Project 1-570] Preparing netlist for logic optimization

Processing XDC Constraints
Initializing timing engine
Parsing XDC File [c:/Users/ethan_kvm/hls_ip_zynq_lab1/hls_ip_zynq_lab1.gen/sources_1/bd/design_1/ip/design_1_hls_macc_0_0/constraints/hls_macc_ooc.xdc] for cell 'inst'
Finished Parsing XDC File [c:/Users/ethan_kvm/hls_ip_zynq_lab1/hls_ip_zynq_lab1.gen/sources_1/bd/design_1/ip/design_1_hls_macc_0_0/constraints/hls_macc_ooc.xdc] for cell 'inst'
Parsing XDC File [C:/Users/ethan_kvm/hls_ip_zynq_lab1/hls_ip_zynq_lab1.runs/design_1_hls_macc_0_0_synth_1/dont_touch.xdc]
Finished Parsing XDC File [C:/Users/ethan_kvm/hls_ip_zynq_lab1/hls_ip_zynq_lab1.runs/design_1_hls_macc_0_0_synth_1/dont_touch.xdc]
Completed Processing XDC Constraints

Netlist sorting complete. Time (s): cpu = 00:00:00 ; elapsed = 00:00:00 . Memory (MB): peak = 1340.402 ; gain = 0.000
INFO: [Project 1-111] Unisim Transformation Summary:
No Unisim elements were transformed.

Constraint Validation Runtime : Time (s): cpu = 00:00:00 ; elapsed = 00:00:00.023 . Memory (MB): peak = 1351.148 ; gain = 10.746
---------------------------------------------------------------------------------
Finished Constraint Validation : Time (s): cpu = 00:00:10 ; elapsed = 00:00:11 . Memory (MB): peak = 1351.148 ; gain = 206.695
---------------------------------------------------------------------------------
---------------------------------------------------------------------------------
Start Loading Part and Timing Information
---------------------------------------------------------------------------------
Loading part: xc7z020clg400-1
---------------------------------------------------------------------------------
Finished Loading Part and Timing Information : Time (s): cpu = 00:00:10 ; elapsed = 00:00:11 . Memory (MB): peak = 1351.148 ; gain = 206.695
---------------------------------------------------------------------------------
---------------------------------------------------------------------------------
Start Applying 'set_property' XDC Constraints
---------------------------------------------------------------------------------
Applied set_property KEEP_HIERARCHY = SOFT for inst. (constraint file  C:/Users/ethan_kvm/hls_ip_zynq_lab1/hls_ip_zynq_lab1.runs/design_1_hls_macc_0_0_synth_1/dont_touch.xdc, line 9).
---------------------------------------------------------------------------------
Finished applying 'set_property' XDC Constraints : Time (s): cpu = 00:00:10 ; elapsed = 00:00:11 . Memory (MB): peak = 1351.148 ; gain = 206.695
---------------------------------------------------------------------------------
INFO: [Synth 8-802] inferred FSM for state register 'wstate_reg' in module 'hls_macc_HLS_MACC_PERIPH_BUS_s_axi'
INFO: [Synth 8-802] inferred FSM for state register 'rstate_reg' in module 'hls_macc_HLS_MACC_PERIPH_BUS_s_axi'
INFO: [Synth 8-4490] FSM extraction disabled for register 'ap_CS_fsm_reg' through user attribute
---------------------------------------------------------------------------------------------------
                   State |                     New Encoding |                Previous Encoding 
---------------------------------------------------------------------------------------------------
                  iSTATE |                             0001 |                               11
*
                  WRIDLE |                             0010 |                               00
                  WRDATA |                             0100 |                               01
                  WRRESP |                             1000 |                               10
---------------------------------------------------------------------------------------------------
INFO: [Synth 8-3354] encoded FSM with state register 'wstate_reg' using encoding 'one-hot' in module 'hls_macc_HLS_MACC_PERIPH_BUS_s_axi'
---------------------------------------------------------------------------------------------------
                   State |                     New Encoding |                Previous Encoding 
---------------------------------------------------------------------------------------------------
                  iSTATE |                              001 |                               10
*
                  RDIDLE |                              010 |                               00
                  RDDATA |                              100 |                               01
---------------------------------------------------------------------------------------------------
INFO: [Synth 8-3354] encoded FSM with state register 'rstate_reg' using encoding 'one-hot' in module 'hls_macc_HLS_MACC_PERIPH_BUS_s_axi'
---------------------------------------------------------------------------------
Finished RTL Optimization Phase 2 : Time (s): cpu = 00:00:11 ; elapsed = 00:00:11 . Memory (MB): peak = 1351.148 ; gain = 206.695
---------------------------------------------------------------------------------
---------------------------------------------------------------------------------
Start RTL Component Statistics 
---------------------------------------------------------------------------------
Detailed RTL Component Info : 
+---Adders : 
	   2 Input   32 Bit       Adders := 1     
+---XORs : 
	   2 Input      1 Bit         XORs := 2     
+---Registers : 
	               32 Bit    Registers := 8     
	                6 Bit    Registers := 1     
	                4 Bit    Registers := 1     
	                2 Bit    Registers := 1     
	                1 Bit    Registers := 11    
+---Multipliers : 
	              32x32  Multipliers := 1     
+---Muxes : 
	  10 Input   32 Bit        Muxes := 1     
	   2 Input   32 Bit        Muxes := 1     
	   4 Input    4 Bit        Muxes := 1     
	   2 Input    4 Bit        Muxes := 3     
	   5 Input    4 Bit        Muxes := 1     
	   3 Input    3 Bit        Muxes := 1     
	   2 Input    3 Bit        Muxes := 2     
	   2 Input    2 Bit        Muxes := 1     
	   2 Input    1 Bit        Muxes := 2     
---------------------------------------------------------------------------------
Finished RTL Component Statistics 
---------------------------------------------------------------------------------
---------------------------------------------------------------------------------
Start Part Resource Summary
---------------------------------------------------------------------------------
Part Resources:
DSPs: 220 (col length:60)
BRAMs: 280 (col length: RAMB18 60 RAMB36 30)
---------------------------------------------------------------------------------
Finished Part Resource Summary
---------------------------------------------------------------------------------
---------------------------------------------------------------------------------
Start Cross Boundary and Area Optimization
---------------------------------------------------------------------------------
DSP Report: Generating DSP mul_32s_32s_32_2_1_U1/hls_macc_mul_32s_32s_32_2_1_Multiplier_0_U/tmp_product, operation Mode is: A2*B2.
DSP Report: register b_read_reg_99_reg is absorbed into DSP mul_32s_32s_32_2_1_U1/hls_macc_mul_32s_32s_32_2_1_Multiplier_0_U/tmp_product.
DSP Report: register mul_32s_32s_32_2_1_U1/hls_macc_mul_32s_32s_32_2_1_Multiplier_0_U/tmp_product is absorbed into DSP mul_32s_32s_32_2_1_U1/hls_macc_mul_32s_32s_32_2_1_Multiplier_0_U/tmp_product.
DSP Report: operator mul_32s_32s_32_2_1_U1/hls_macc_mul_32s_32s_32_2_1_Multiplier_0_U/tmp_product is absorbed into DSP mul_32s_32s_32_2_1_U1/hls_macc_mul_32s_32s_32_2_1_Multiplier_0_U/tmp_product.
DSP Report: operator mul_32s_32s_32_2_1_U1/hls_macc_mul_32s_32s_32_2_1_Multiplier_0_U/tmp_product is absorbed into DSP mul_32s_32s_32_2_1_U1/hls_macc_mul_32s_32s_32_2_1_Multiplier_0_U/tmp_product.
DSP Report: Generating DSP mul_32s_32s_32_2_1_U1/hls_macc_mul_32s_32s_32_2_1_Multiplier_0_U/p_reg, operation Mode is: (PCIN>>17)+A2*B2.
DSP Report: register a_read_reg_104_reg is absorbed into DSP mul_32s_32s_32_2_1_U1/hls_macc_mul_32s_32s_32_2_1_Multiplier_0_U/p_reg.
DSP Report: register b_read_reg_99_reg is absorbed into DSP mul_32s_32s_32_2_1_U1/hls_macc_mul_32s_32s_32_2_1_Multiplier_0_U/p_reg.
DSP Report: register mul_32s_32s_32_2_1_U1/hls_macc_mul_32s_32s_32_2_1_Multiplier_0_U/p_reg is absorbed into DSP mul_32s_32s_32_2_1_U1/hls_macc_mul_32s_32s_32_2_1_Multiplier_0_U/p_reg.
DSP Report: operator mul_32s_32s_32_2_1_U1/hls_macc_mul_32s_32s_32_2_1_Multiplier_0_U/tmp_product is absorbed into DSP mul_32s_32s_32_2_1_U1/hls_macc_mul_32s_32s_32_2_1_Multiplier_0_U/p_reg.
DSP Report: operator mul_32s_32s_32_2_1_U1/hls_macc_mul_32s_32s_32_2_1_Multiplier_0_U/tmp_product is absorbed into DSP mul_32s_32s_32_2_1_U1/hls_macc_mul_32s_32s_32_2_1_Multiplier_0_U/p_reg.
DSP Report: Generating DSP mul_32s_32s_32_2_1_U1/hls_macc_mul_32s_32s_32_2_1_Multiplier_0_U/tmp_product, operation Mode is: A2*B2.
DSP Report: register mul_32s_32s_32_2_1_U1/hls_macc_mul_32s_32s_32_2_1_Multiplier_0_U/tmp_product is absorbed into DSP mul_32s_32s_32_2_1_U1/hls_macc_mul_32s_32s_32_2_1_Multiplier_0_U/tmp_product.
DSP Report: register mul_32s_32s_32_2_1_U1/hls_macc_mul_32s_32s_32_2_1_Multiplier_0_U/tmp_product is absorbed into DSP mul_32s_32s_32_2_1_U1/hls_macc_mul_32s_32s_32_2_1_Multiplier_0_U/tmp_product.
DSP Report: operator mul_32s_32s_32_2_1_U1/hls_macc_mul_32s_32s_32_2_1_Multiplier_0_U/tmp_product is absorbed into DSP mul_32s_32s_32_2_1_U1/hls_macc_mul_32s_32s_32_2_1_Multiplier_0_U/tmp_product.
DSP Report: operator mul_32s_32s_32_2_1_U1/hls_macc_mul_32s_32s_32_2_1_Multiplier_0_U/tmp_product is absorbed into DSP mul_32s_32s_32_2_1_U1/hls_macc_mul_32s_32s_32_2_1_Multiplier_0_U/tmp_product.
DSP Report: Generating DSP mul_32s_32s_32_2_1_U1/hls_macc_mul_32s_32s_32_2_1_Multiplier_0_U/p_reg, operation Mode is: (PCIN>>17)+A2*B2.
DSP Report: register a_read_reg_104_reg is absorbed into DSP mul_32s_32s_32_2_1_U1/hls_macc_mul_32s_32s_32_2_1_Multiplier_0_U/p_reg.
DSP Report: register mul_32s_32s_32_2_1_U1/hls_macc_mul_32s_32s_32_2_1_Multiplier_0_U/p_reg is absorbed into DSP mul_32s_32s_32_2_1_U1/hls_macc_mul_32s_32s_32_2_1_Multiplier_0_U/p_reg.
DSP Report: register mul_32s_32s_32_2_1_U1/hls_macc_mul_32s_32s_32_2_1_Multiplier_0_U/p_reg is absorbed into DSP mul_32s_32s_32_2_1_U1/hls_macc_mul_32s_32s_32_2_1_Multiplier_0_U/p_reg.
DSP Report: operator mul_32s_32s_32_2_1_U1/hls_macc_mul_32s_32s_32_2_1_Multiplier_0_U/tmp_product is absorbed into DSP mul_32s_32s_32_2_1_U1/hls_macc_mul_32s_32s_32_2_1_Multiplier_0_U/p_reg.
DSP Report: operator mul_32s_32s_32_2_1_U1/hls_macc_mul_32s_32s_32_2_1_Multiplier_0_U/tmp_product is absorbed into DSP mul_32s_32s_32_2_1_U1/hls_macc_mul_32s_32s_32_2_1_Multiplier_0_U/p_reg.
---------------------------------------------------------------------------------
Finished Cross Boundary and Area Optimization : Time (s): cpu = 00:00:12 ; elapsed = 00:00:13 . Memory (MB): peak = 1351.148 ; gain = 206.695
---------------------------------------------------------------------------------
---------------------------------------------------------------------------------
Start ROM, RAM, DSP, Shift Register and Retiming Reporting
---------------------------------------------------------------------------------

DSP: Preliminary Mapping	Report (see note below)
+------------+------------------+--------+--------+--------+--------+--------+------+------+------+------+-------+------+------+
|Module Name | DSP Mapping      | A Size | B Size | C Size | D Size | P Size | AREG | BREG | CREG | DREG | ADREG | MREG | PREG | 
+------------+------------------+--------+--------+--------+--------+--------+------+------+------+------+-------+------+------+
|hls_macc    | A2*B2            | 18     | 15     | -      | -      | 48     | 1    | 1    | -    | -    | -     | 0    | 0    | 
|hls_macc    | (PCIN>>17)+A2*B2 | 15     | 15     | -      | -      | 48     | 1    | 1    | -    | -    | -     | 0    | 1    | 
|hls_macc    | A2*B2            | 18     | 18     | -      | -      | 48     | 1    | 1    | -    | -    | -     | 0    | 0    | 
|hls_macc    | (PCIN>>17)+A2*B2 | 18     | 15     | -      | -      | 48     | 1    | 1    | -    | -    | -     | 0    | 1    | 
+------------+------------------+--------+--------+--------+--------+--------+------+------+------+------+-------+------+------+

Note: The table above is a preliminary report that shows the DSPs inferred at the current stage of the synthesis flow. Some DSP may be reimplemented as non DSP primitives later in the synthesis flow. Multiple instantiated DSPs are reported only once.
---------------------------------------------------------------------------------
Finished ROM, RAM, DSP, Shift Register and Retiming Reporting
---------------------------------------------------------------------------------
---------------------------------------------------------------------------------
Start Applying XDC Timing Constraints
---------------------------------------------------------------------------------
---------------------------------------------------------------------------------
Finished Applying XDC Timing Constraints : Time (s): cpu = 00:00:20 ; elapsed = 00:00:21 . Memory (MB): peak = 1373.219 ; gain = 228.766
---------------------------------------------------------------------------------
---------------------------------------------------------------------------------
Start Timing Optimization
---------------------------------------------------------------------------------
---------------------------------------------------------------------------------
Finished Timing Optimization : Time (s): cpu = 00:00:20 ; elapsed = 00:00:22 . Memory (MB): peak = 1374.336 ; gain = 229.883
---------------------------------------------------------------------------------
---------------------------------------------------------------------------------
Start Technology Mapping
---------------------------------------------------------------------------------
---------------------------------------------------------------------------------
Finished Technology Mapping : Time (s): cpu = 00:00:20 ; elapsed = 00:00:22 . Memory (MB): peak = 1393.441 ; gain = 248.988
---------------------------------------------------------------------------------
---------------------------------------------------------------------------------
Start IO Insertion
---------------------------------------------------------------------------------
---------------------------------------------------------------------------------
Start Flattening Before IO Insertion
---------------------------------------------------------------------------------
---------------------------------------------------------------------------------
Finished Flattening Before IO Insertion
---------------------------------------------------------------------------------
---------------------------------------------------------------------------------
Start Final Netlist Cleanup
---------------------------------------------------------------------------------
---------------------------------------------------------------------------------
Finished Final Netlist Cleanup
---------------------------------------------------------------------------------
---------------------------------------------------------------------------------
Finished IO Insertion : Time (s): cpu = 00:00:23 ; elapsed = 00:00:25 . Memory (MB): peak = 1400.723 ; gain = 256.270
---------------------------------------------------------------------------------
---------------------------------------------------------------------------------
Start Renaming Generated Instances
---------------------------------------------------------------------------------
---------------------------------------------------------------------------------
Finished Renaming Generated Instances : Time (s): cpu = 00:00:23 ; elapsed = 00:00:25 . Memory (MB): peak = 1400.723 ; gain = 256.270
---------------------------------------------------------------------------------
---------------------------------------------------------------------------------
Start Rebuilding User Hierarchy
---------------------------------------------------------------------------------
---------------------------------------------------------------------------------
Finished Rebuilding User Hierarchy : Time (s): cpu = 00:00:23 ; elapsed = 00:00:25 . Memory (MB): peak = 1400.723 ; gain = 256.270
---------------------------------------------------------------------------------
---------------------------------------------------------------------------------
Start Renaming Generated Ports
---------------------------------------------------------------------------------
---------------------------------------------------------------------------------
Finished Renaming Generated Ports : Time (s): cpu = 00:00:23 ; elapsed = 00:00:25 . Memory (MB): peak = 1400.723 ; gain = 256.270
---------------------------------------------------------------------------------
---------------------------------------------------------------------------------
Start Handling Custom Attributes
---------------------------------------------------------------------------------
---------------------------------------------------------------------------------
Finished Handling Custom Attributes : Time (s): cpu = 00:00:23 ; elapsed = 00:00:25 . Memory (MB): peak = 1400.723 ; gain = 256.270
---------------------------------------------------------------------------------
---------------------------------------------------------------------------------
Start Renaming Generated Nets
---------------------------------------------------------------------------------
---------------------------------------------------------------------------------
Finished Renaming Generated Nets : Time (s): cpu = 00:00:23 ; elapsed = 00:00:25 . Memory (MB): peak = 1400.723 ; gain = 256.270
---------------------------------------------------------------------------------
---------------------------------------------------------------------------------
Start Writing Synthesis Report
---------------------------------------------------------------------------------

Report BlackBoxes: 
+-+--------------+----------+
| |BlackBox name |Instances |
+-+--------------+----------+
+-+--------------+----------+

Report Cell Usage: 
+------+--------+------+
|      |Cell    |Count |
+------+--------+------+
|1     |CARRY4  |    20|
|2     |DSP48E1 |     3|
|4     |LUT1    |     1|
|5     |LUT2    |    19|
|6     |LUT3    |   133|
|7     |LUT4    |     9|
|8     |LUT5    |    16|
|9     |LUT6    |    41|
|10    |FDRE    |   270|
|11    |FDSE    |     1|
+------+--------+------+
---------------------------------------------------------------------------------
Finished Writing Synthesis Report : Time (s): cpu = 00:00:23 ; elapsed = 00:00:25 . Memory (MB): peak = 1400.723 ; gain = 256.270
---------------------------------------------------------------------------------
Synthesis finished with 0 errors, 0 critical warnings and 0 warnings.
Synthesis Optimization Runtime : Time (s): cpu = 00:00:17 ; elapsed = 00:00:23 . Memory (MB): peak = 1400.723 ; gain = 138.355
Synthesis Optimization Complete : Time (s): cpu = 00:00:24 ; elapsed = 00:00:26 . Memory (MB): peak = 1400.723 ; gain = 256.270
INFO: [Project 1-571] Translating synthesized netlist
Netlist sorting complete. Time (s): cpu = 00:00:00 ; elapsed = 00:00:00.010 . Memory (MB): peak = 1412.762 ; gain = 0.000
INFO: [Netlist 29-17] Analyzing 23 Unisim elements for replacement
INFO: [Netlist 29-28] Unisim Transformation completed in 0 CPU seconds
INFO: [Project 1-570] Preparing netlist for logic optimization
INFO: [Opt 31-138] Pushed 0 inverter(s) to 0 load pin(s).
Netlist sorting complete. Time (s): cpu = 00:00:00 ; elapsed = 00:00:00 . Memory (MB): peak = 1412.762 ; gain = 0.000
INFO: [Project 1-111] Unisim Transformation Summary:
No Unisim elements were transformed.

INFO: [Common 17-83] Releasing license: Synthesis
33 Infos, 0 Warnings, 0 Critical Warnings and 0 Errors encountered.
synth_design completed successfully
synth_design: Time (s): cpu = 00:00:28 ; elapsed = 00:00:33 . Memory (MB): peak = 1412.762 ; gain = 268.309
INFO: [Common 17-1381] The checkpoint 'C:/Users/ethan_kvm/hls_ip_zynq_lab1/hls_ip_zynq_lab1.runs/design_1_hls_macc_0_0_synth_1/design_1_hls_macc_0_0.dcp' has been generated.
WARNING: [Common 17-576] 'use_project_ipc' is deprecated. This option is deprecated and no longer used.
INFO: [Coretcl 2-1648] Added synthesis output to IP cache for IP design_1_hls_macc_0_0, cache-ID = 7dbbb8234d6e1d2f
INFO: [Coretcl 2-1174] Renamed 4 cell refs.
INFO: [Common 17-1381] The checkpoint 'C:/Users/ethan_kvm/hls_ip_zynq_lab1/hls_ip_zynq_lab1.runs/design_1_hls_macc_0_0_synth_1/design_1_hls_macc_0_0.dcp' has been generated.
INFO: [runtcl-4] Executing : report_utilization -file design_1_hls_macc_0_0_utilization_synth.rpt -pb design_1_hls_macc_0_0_utilization_synth.pb
INFO: [Common 17-206] Exiting Vivado at Thu Oct 14 21:46:26 2021...
