
****** Vitis HLS - High-Level Synthesis from C, C++ and OpenCL v2020.2 (64-bit)
  **** SW Build 3064766 on Wed Nov 18 09:12:47 MST 2020
  **** IP Build 3064653 on Wed Nov 18 14:17:31 MST 2020
    ** Copyright 1986-2020 Xilinx, Inc. All Rights Reserved.

source /opt/Xilinx/Vitis_HLS/2020.2/scripts/vitis_hls/hls.tcl -notrace
INFO: [HLS 200-10] Running '/opt/Xilinx/Vitis_HLS/2020.2/bin/unwrapped/lnx64.o/vitis_hls'
INFO: [HLS 200-10] For user 'r10943005' on host 'HLS02' (Linux_x86_64 version 5.8.0-41-generic) on Wed Nov 03 21:04:02 CST 2021
INFO: [HLS 200-10] On os Ubuntu 20.04.2 LTS
INFO: [HLS 200-10] In directory '/mnt/HLSNAS/r10943005/traveling-salesperson/proj_opt_kernels/Emulation-SW/build/tsp/tsp'
Sourcing Tcl script 'tsp.tcl'
INFO: [HLS 200-1510] Running: open_project tsp 
INFO: [HLS 200-10] Creating and opening project '/mnt/HLSNAS/r10943005/traveling-salesperson/proj_opt_kernels/Emulation-SW/build/tsp/tsp/tsp'.
INFO: [HLS 200-1510] Running: set_top tsp 
INFO: [HLS 200-1510] Running: add_files /mnt/HLSNAS/r10943005/traveling-salesperson/proj_opt_kernels/src/tsp_opt.cpp -cflags  -g -I /mnt/HLSNAS/r10943005/traveling-salesperson/proj_opt_kernels/src  
INFO: [HLS 200-10] Adding design file '/mnt/HLSNAS/r10943005/traveling-salesperson/proj_opt_kernels/src/tsp_opt.cpp' to the project
INFO: [HLS 200-1510] Running: open_solution -flow_target vitis solution 
INFO: [HLS 200-10] Creating and opening solution '/mnt/HLSNAS/r10943005/traveling-salesperson/proj_opt_kernels/Emulation-SW/build/tsp/tsp/tsp/solution'.
INFO: [HLS 200-1505] Using flow_target 'vitis'
Resolution: For help on HLS 200-1505 see www.xilinx.com/cgi-bin/docs/rdoc?v=2020.2;t=hls+guidance;d=200-1505.html
INFO: [HLS 200-435] Setting 'open_solution -flow_target vitis' configuration: config_interface -m_axi_latency=64
INFO: [HLS 200-435] Setting 'open_solution -flow_target vitis' configuration: config_interface -m_axi_alignment_byte_size=64
INFO: [HLS 200-435] Setting 'open_solution -flow_target vitis' configuration: config_interface -m_axi_max_widen_bitwidth=512
INFO: [HLS 200-435] Setting 'open_solution -flow_target vitis' configuration: config_interface -m_axi_offset=slave
INFO: [HLS 200-435] Setting 'open_solution -flow_target vitis' configuration: config_rtl -register_reset_num=3
INFO: [HLS 200-1510] Running: set_part xcu50-fsvh2104-2-e 
INFO: [HLS 200-10] Setting target device to 'xcu50-fsvh2104-2-e'
INFO: [HLS 200-1510] Running: create_clock -period 300.000000MHz -name default 
INFO: [SYN 201-201] Setting up clock 'default' with a period of 3.333ns.
INFO: [HLS 200-1510] Running: config_rtl -kernel_profile 
INFO: [HLS 200-1510] Running: config_dataflow -strict_mode warning 
INFO: [HLS 200-1510] Running: config_debug -enable 
INFO: [HLS 200-1510] Running: config_export -disable_deadlock_detection=true 
INFO: [HLS 200-1510] Running: config_rtl -m_axi_conservative_mode=1 
WARNING: [HLS 200-483] The 'config_rtl -m_axi_conservative_mode' command is deprecated and will be removed in a future release. Use 'config_interface -m_axi_conservative_mode' as its replacement.
INFO: [HLS 200-1510] Running: config_interface -m_axi_addr64 
INFO: [HLS 200-1510] Running: config_interface -m_axi_auto_max_ports=0 
INFO: [HLS 200-1510] Running: config_export -format ip_catalog -ipname tsp 
INFO: [HLS 200-1510] Running: csynth_design -synthesis_check 
INFO: [HLS 200-111] Finished File checks and directory preparation: CPU user time: 0.06 seconds. CPU system time: 0 seconds. Elapsed time: 0.05 seconds; current allocated memory: 205.734 MB.
INFO: [HLS 200-10] Analyzing design file '/mnt/HLSNAS/r10943005/traveling-salesperson/proj_opt_kernels/src/tsp_opt.cpp' ... 
INFO: [HLS 200-111] Finished Source Code Analysis and Preprocessing: CPU user time: 0.41 seconds. CPU system time: 0.09 seconds. Elapsed time: 1.04 seconds; current allocated memory: 206.373 MB.
INFO: [HLS 200-777] Using interface defaults for 'Vitis' flow target.
INFO: [HLS 214-131] Inlining function 'compute(unsigned long, unsigned short const (*) [11])' into 'tsp' (/mnt/HLSNAS/r10943005/traveling-salesperson/proj_opt_kernels/src/tsp_opt.cpp:118:36)
INFO: [HLS 214-131] Inlining function 'compute(unsigned long, unsigned short const (*) [11])' into 'tsp' (/mnt/HLSNAS/r10943005/traveling-salesperson/proj_opt_kernels/src/tsp_opt.cpp:119:41)
INFO: [HLS 214-131] Inlining function 'compute(unsigned long, unsigned short const (*) [11])' into 'tsp' (/mnt/HLSNAS/r10943005/traveling-salesperson/proj_opt_kernels/src/tsp_opt.cpp:120:41)
INFO: [HLS 214-131] Inlining function 'compute(unsigned long, unsigned short const (*) [11])' into 'tsp' (/mnt/HLSNAS/r10943005/traveling-salesperson/proj_opt_kernels/src/tsp_opt.cpp:121:41)
INFO: [HLS 214-178] Inlining function 'std::initializer_list<unsigned int>::begin() const' into 'std::initializer_list<unsigned int>::end() const'
INFO: [HLS 214-178] Inlining function 'std::initializer_list<unsigned int>::size() const' into 'std::initializer_list<unsigned int>::end() const'
INFO: [HLS 214-178] Inlining function 'bool __gnu_cxx::__ops::_Iter_less_iter::operator()<unsigned int const*, unsigned int const*>(unsigned int const*, unsigned int const*) const' into 'unsigned int const* std::__min_element<unsigned int const*, __gnu_cxx::__ops::_Iter_less_iter>(unsigned int const*, unsigned int const*, __gnu_cxx::__ops::_Iter_less_iter)' (/opt/Xilinx/Vitis_HLS/2020.2/tps/lnx64/gcc-6.2.0/lib/gcc/x86_64-pc-linux-gnu/6.2.0/../../../../include/c++/6.2.0/bits/stl_algo.h:5455:0)
INFO: [HLS 214-178] Inlining function 'unsigned int const* std::__min_element<unsigned int const*, __gnu_cxx::__ops::_Iter_less_iter>(unsigned int const*, unsigned int const*, __gnu_cxx::__ops::_Iter_less_iter)' into 'unsigned int const* std::min_element<unsigned int const*>(unsigned int const*, unsigned int const*)' (/opt/Xilinx/Vitis_HLS/2020.2/tps/lnx64/gcc-6.2.0/lib/gcc/x86_64-pc-linux-gnu/6.2.0/../../../../include/c++/6.2.0/bits/stl_algo.h:5476:0)
INFO: [HLS 214-178] Inlining function 'std::initializer_list<unsigned int>::begin() const' into 'unsigned int std::min<unsigned int>(std::initializer_list<unsigned int>)' (/opt/Xilinx/Vitis_HLS/2020.2/tps/lnx64/gcc-6.2.0/lib/gcc/x86_64-pc-linux-gnu/6.2.0/../../../../include/c++/6.2.0/bits/stl_algo.h:3448:0)
INFO: [HLS 214-178] Inlining function 'std::initializer_list<unsigned int>::end() const' into 'unsigned int std::min<unsigned int>(std::initializer_list<unsigned int>)' (/opt/Xilinx/Vitis_HLS/2020.2/tps/lnx64/gcc-6.2.0/lib/gcc/x86_64-pc-linux-gnu/6.2.0/../../../../include/c++/6.2.0/bits/stl_algo.h:3448:0)
INFO: [HLS 214-178] Inlining function 'unsigned int const* std::min_element<unsigned int const*>(unsigned int const*, unsigned int const*)' into 'unsigned int std::min<unsigned int>(std::initializer_list<unsigned int>)' (/opt/Xilinx/Vitis_HLS/2020.2/tps/lnx64/gcc-6.2.0/lib/gcc/x86_64-pc-linux-gnu/6.2.0/../../../../include/c++/6.2.0/bits/stl_algo.h:3448:0)
INFO: [HLS 214-178] Inlining function 'getDistance(int const*, unsigned short const (*) [11])' into 'tsp' (/mnt/HLSNAS/r10943005/traveling-salesperson/proj_opt_kernels/src/tsp_opt.cpp:89:0)
INFO: [HLS 214-178] Inlining function 'unsigned int const& std::min<unsigned int>(unsigned int const&, unsigned int const&)' into 'tsp' (/mnt/HLSNAS/r10943005/traveling-salesperson/proj_opt_kernels/src/tsp_opt.cpp:89:0)
INFO: [HLS 214-178] Inlining function 'unsigned int std::min<unsigned int>(std::initializer_list<unsigned int>)' into 'tsp' (/mnt/HLSNAS/r10943005/traveling-salesperson/proj_opt_kernels/src/tsp_opt.cpp:89:0)
INFO: [HLS 200-111] Finished Compiling Optimization and Transform: CPU user time: 1.91 seconds. CPU system time: 0.21 seconds. Elapsed time: 3.73 seconds; current allocated memory: 207.798 MB.
INFO: [HLS 200-111] Finished Checking Pragmas: CPU user time: 0 seconds. CPU system time: 0 seconds. Elapsed time: 0.01 seconds; current allocated memory: 207.799 MB.
INFO: [HLS 200-1493] Running only source code synthesis checks, skipping scheduling and RTL generation.
INFO: [HLS 200-111] Finished Command csynth_design CPU user time: 2.4 seconds. CPU system time: 0.3 seconds. Elapsed time: 4.97 seconds; current allocated memory: 207.773 MB.
HLS completed successfully
INFO: [HLS 200-112] Total CPU user time: 3.94 seconds. Total CPU system time: 0.55 seconds. Total elapsed time: 6.72 seconds; peak allocated memory: 207.799 MB.
INFO: [Common 17-206] Exiting vitis_hls at Wed Nov  3 21:04:09 2021...
