
*** Running vivado
    with args -log Zynq_Design_wrapper.vdi -applog -m64 -product Vivado -messageDb vivado.pb -mode batch -source Zynq_Design_wrapper.tcl -notrace



****** Vivado v2020.2 (64-bit)
  **** SW Build 3064766 on Wed Nov 18 09:12:45 MST 2020
  **** IP Build 3064653 on Wed Nov 18 14:17:31 MST 2020
    ** Copyright 1986-2020 Xilinx, Inc. All Rights Reserved.

source Zynq_Design_wrapper.tcl -notrace
INFO: [IP_Flow 19-234] Refreshing IP repositories
INFO: [IP_Flow 19-1700] Loaded user IP repository 'e:/Courses/EEE5060/LabA/Using_IP_with_Zynq/lab1/hls_macc/vhls_prj/solution1/impl/ip'.
INFO: [IP_Flow 19-2313] Loaded Vivado IP repository 'C:/Xilinx/Vivado/2020.2/data/ip'.
Command: link_design -top Zynq_Design_wrapper -part xc7z020clg400-1
Design is defaulting to srcset: sources_1
Design is defaulting to constrset: constrs_1
INFO: [Device 21-403] Loading part xc7z020clg400-1
INFO: [Project 1-454] Reading design checkpoint 'e:/Courses/EEE5060/LabA/Using_IP_with_Zynq/lab1/project_1/project_1.gen/sources_1/bd/Zynq_Design/ip/Zynq_Design_axi_intc_0_0/Zynq_Design_axi_intc_0_0.dcp' for cell 'Zynq_Design_i/axi_intc_0'
INFO: [Project 1-454] Reading design checkpoint 'e:/Courses/EEE5060/LabA/Using_IP_with_Zynq/lab1/project_1/project_1.gen/sources_1/bd/Zynq_Design/ip/Zynq_Design_hls_macc_0_0/Zynq_Design_hls_macc_0_0.dcp' for cell 'Zynq_Design_i/hls_macc_0'
INFO: [Project 1-454] Reading design checkpoint 'e:/Courses/EEE5060/LabA/Using_IP_with_Zynq/lab1/project_1/project_1.gen/sources_1/bd/Zynq_Design/ip/Zynq_Design_processing_system7_0_0/Zynq_Design_processing_system7_0_0.dcp' for cell 'Zynq_Design_i/processing_system7_0'
INFO: [Project 1-454] Reading design checkpoint 'e:/Courses/EEE5060/LabA/Using_IP_with_Zynq/lab1/project_1/project_1.gen/sources_1/bd/Zynq_Design/ip/Zynq_Design_rst_ps7_0_50M_0/Zynq_Design_rst_ps7_0_50M_0.dcp' for cell 'Zynq_Design_i/rst_ps7_0_50M'
INFO: [Project 1-454] Reading design checkpoint 'e:/Courses/EEE5060/LabA/Using_IP_with_Zynq/lab1/project_1/project_1.gen/sources_1/bd/Zynq_Design/ip/Zynq_Design_xbar_0/Zynq_Design_xbar_0.dcp' for cell 'Zynq_Design_i/ps7_0_axi_periph/xbar'
INFO: [Project 1-454] Reading design checkpoint 'e:/Courses/EEE5060/LabA/Using_IP_with_Zynq/lab1/project_1/project_1.gen/sources_1/bd/Zynq_Design/ip/Zynq_Design_auto_pc_0/Zynq_Design_auto_pc_0.dcp' for cell 'Zynq_Design_i/ps7_0_axi_periph/s00_couplers/auto_pc'
Netlist sorting complete. Time (s): cpu = 00:00:00 ; elapsed = 00:00:00.106 . Memory (MB): peak = 1144.031 ; gain = 0.000
INFO: [Netlist 29-17] Analyzing 29 Unisim elements for replacement
INFO: [Netlist 29-28] Unisim Transformation completed in 0 CPU seconds
INFO: [Project 1-479] Netlist was created with Vivado 2020.2
INFO: [Project 1-570] Preparing netlist for logic optimization
Parsing XDC File [e:/Courses/EEE5060/LabA/Using_IP_with_Zynq/lab1/project_1/project_1.gen/sources_1/bd/Zynq_Design/ip/Zynq_Design_processing_system7_0_0/Zynq_Design_processing_system7_0_0.xdc] for cell 'Zynq_Design_i/processing_system7_0/inst'
Finished Parsing XDC File [e:/Courses/EEE5060/LabA/Using_IP_with_Zynq/lab1/project_1/project_1.gen/sources_1/bd/Zynq_Design/ip/Zynq_Design_processing_system7_0_0/Zynq_Design_processing_system7_0_0.xdc] for cell 'Zynq_Design_i/processing_system7_0/inst'
Parsing XDC File [e:/Courses/EEE5060/LabA/Using_IP_with_Zynq/lab1/project_1/project_1.gen/sources_1/bd/Zynq_Design/ip/Zynq_Design_rst_ps7_0_50M_0/Zynq_Design_rst_ps7_0_50M_0_board.xdc] for cell 'Zynq_Design_i/rst_ps7_0_50M/U0'
Finished Parsing XDC File [e:/Courses/EEE5060/LabA/Using_IP_with_Zynq/lab1/project_1/project_1.gen/sources_1/bd/Zynq_Design/ip/Zynq_Design_rst_ps7_0_50M_0/Zynq_Design_rst_ps7_0_50M_0_board.xdc] for cell 'Zynq_Design_i/rst_ps7_0_50M/U0'
Parsing XDC File [e:/Courses/EEE5060/LabA/Using_IP_with_Zynq/lab1/project_1/project_1.gen/sources_1/bd/Zynq_Design/ip/Zynq_Design_rst_ps7_0_50M_0/Zynq_Design_rst_ps7_0_50M_0.xdc] for cell 'Zynq_Design_i/rst_ps7_0_50M/U0'
Finished Parsing XDC File [e:/Courses/EEE5060/LabA/Using_IP_with_Zynq/lab1/project_1/project_1.gen/sources_1/bd/Zynq_Design/ip/Zynq_Design_rst_ps7_0_50M_0/Zynq_Design_rst_ps7_0_50M_0.xdc] for cell 'Zynq_Design_i/rst_ps7_0_50M/U0'
Parsing XDC File [e:/Courses/EEE5060/LabA/Using_IP_with_Zynq/lab1/project_1/project_1.gen/sources_1/bd/Zynq_Design/ip/Zynq_Design_axi_intc_0_0/Zynq_Design_axi_intc_0_0.xdc] for cell 'Zynq_Design_i/axi_intc_0/U0'
Finished Parsing XDC File [e:/Courses/EEE5060/LabA/Using_IP_with_Zynq/lab1/project_1/project_1.gen/sources_1/bd/Zynq_Design/ip/Zynq_Design_axi_intc_0_0/Zynq_Design_axi_intc_0_0.xdc] for cell 'Zynq_Design_i/axi_intc_0/U0'
Parsing XDC File [e:/Courses/EEE5060/LabA/Using_IP_with_Zynq/lab1/project_1/project_1.gen/sources_1/bd/Zynq_Design/ip/Zynq_Design_axi_intc_0_0/Zynq_Design_axi_intc_0_0_clocks.xdc] for cell 'Zynq_Design_i/axi_intc_0/U0'
Finished Parsing XDC File [e:/Courses/EEE5060/LabA/Using_IP_with_Zynq/lab1/project_1/project_1.gen/sources_1/bd/Zynq_Design/ip/Zynq_Design_axi_intc_0_0/Zynq_Design_axi_intc_0_0_clocks.xdc] for cell 'Zynq_Design_i/axi_intc_0/U0'
INFO: [Opt 31-138] Pushed 0 inverter(s) to 0 load pin(s).
Netlist sorting complete. Time (s): cpu = 00:00:00 ; elapsed = 00:00:00.001 . Memory (MB): peak = 1144.031 ; gain = 0.000
INFO: [Project 1-111] Unisim Transformation Summary:
No Unisim elements were transformed.

16 Infos, 0 Warnings, 0 Critical Warnings and 0 Errors encountered.
link_design completed successfully
link_design: Time (s): cpu = 00:00:09 ; elapsed = 00:00:12 . Memory (MB): peak = 1144.031 ; gain = 0.000
Command: opt_design
Attempting to get a license for feature 'Implementation' and/or device 'xc7z020'
INFO: [Common 17-349] Got license for feature 'Implementation' and/or device 'xc7z020'
Running DRC as a precondition to command opt_design

Starting DRC Task
INFO: [DRC 23-27] Running DRC with 2 threads
INFO: [Project 1-461] DRC finished with 0 Errors
INFO: [Project 1-462] Please refer to the DRC report (report_drc) for more information.

Time (s): cpu = 00:00:02 ; elapsed = 00:00:01 . Memory (MB): peak = 1144.031 ; gain = 0.000

Starting Cache Timing Information Task
INFO: [Timing 38-35] Done setting XDC timing constraints.
Ending Cache Timing Information Task | Checksum: 7f6f18fc

Time (s): cpu = 00:00:07 ; elapsed = 00:00:07 . Memory (MB): peak = 1600.199 ; gain = 456.168

Starting Logic Optimization Task

Phase 1 Retarget
INFO: [Opt 31-138] Pushed 0 inverter(s) to 0 load pin(s).
INFO: [Opt 31-49] Retargeted 0 cell(s).
Phase 1 Retarget | Checksum: 19cda1c78

Time (s): cpu = 00:00:01 ; elapsed = 00:00:00.124 . Memory (MB): peak = 1812.906 ; gain = 0.000
INFO: [Opt 31-389] Phase Retarget created 6 cells and removed 38 cells

Phase 2 Constant propagation
INFO: [Opt 31-138] Pushed 0 inverter(s) to 0 load pin(s).
Phase 2 Constant propagation | Checksum: 19cda1c78

Time (s): cpu = 00:00:01 ; elapsed = 00:00:00.139 . Memory (MB): peak = 1812.906 ; gain = 0.000
INFO: [Opt 31-389] Phase Constant propagation created 0 cells and removed 0 cells

Phase 3 Sweep
Phase 3 Sweep | Checksum: 1b30bac46

Time (s): cpu = 00:00:01 ; elapsed = 00:00:00.280 . Memory (MB): peak = 1812.906 ; gain = 0.000
INFO: [Opt 31-389] Phase Sweep created 0 cells and removed 79 cells

Phase 4 BUFG optimization
Phase 4 BUFG optimization | Checksum: 1b30bac46

Time (s): cpu = 00:00:01 ; elapsed = 00:00:00.316 . Memory (MB): peak = 1812.906 ; gain = 0.000
INFO: [Opt 31-662] Phase BUFG optimization created 0 cells of which 0 are BUFGs and removed 0 cells.

Phase 5 Shift Register Optimization
INFO: [Opt 31-1064] SRL Remap converted 0 SRLs to 0 registers and converted 0 registers of register chains to 0 SRLs
Phase 5 Shift Register Optimization | Checksum: 1b30bac46

Time (s): cpu = 00:00:01 ; elapsed = 00:00:00.323 . Memory (MB): peak = 1812.906 ; gain = 0.000
INFO: [Opt 31-389] Phase Shift Register Optimization created 0 cells and removed 0 cells

Phase 6 Post Processing Netlist
Phase 6 Post Processing Netlist | Checksum: 1b30bac46

Time (s): cpu = 00:00:01 ; elapsed = 00:00:00.334 . Memory (MB): peak = 1812.906 ; gain = 0.000
INFO: [Opt 31-389] Phase Post Processing Netlist created 0 cells and removed 0 cells
Opt_design Change Summary
=========================


-------------------------------------------------------------------------------------------------------------------------
|  Phase                        |  #Cells created  |  #Cells Removed  |  #Constrained objects preventing optimizations  |
-------------------------------------------------------------------------------------------------------------------------
|  Retarget                     |               6  |              38  |                                              0  |
|  Constant propagation         |               0  |               0  |                                              0  |
|  Sweep                        |               0  |              79  |                                              0  |
|  BUFG optimization            |               0  |               0  |                                              0  |
|  Shift Register Optimization  |               0  |               0  |                                              0  |
|  Post Processing Netlist      |               0  |               0  |                                              0  |
-------------------------------------------------------------------------------------------------------------------------



Starting Connectivity Check Task

Time (s): cpu = 00:00:00 ; elapsed = 00:00:00.003 . Memory (MB): peak = 1812.906 ; gain = 0.000
Ending Logic Optimization Task | Checksum: 100471929

Time (s): cpu = 00:00:01 ; elapsed = 00:00:00.419 . Memory (MB): peak = 1812.906 ; gain = 0.000

Starting Power Optimization Task
INFO: [Pwropt 34-132] Skipping clock gating for clocks with a period < 2.00 ns.
Ending Power Optimization Task | Checksum: 100471929

Time (s): cpu = 00:00:00 ; elapsed = 00:00:00.014 . Memory (MB): peak = 1812.906 ; gain = 0.000

Starting Final Cleanup Task
Ending Final Cleanup Task | Checksum: 100471929

Time (s): cpu = 00:00:00 ; elapsed = 00:00:00 . Memory (MB): peak = 1812.906 ; gain = 0.000

Starting Netlist Obfuscation Task
Netlist sorting complete. Time (s): cpu = 00:00:00 ; elapsed = 00:00:00.001 . Memory (MB): peak = 1812.906 ; gain = 0.000
Ending Netlist Obfuscation Task | Checksum: 100471929

Time (s): cpu = 00:00:00 ; elapsed = 00:00:00.001 . Memory (MB): peak = 1812.906 ; gain = 0.000
INFO: [Common 17-83] Releasing license: Implementation
33 Infos, 0 Warnings, 0 Critical Warnings and 0 Errors encountered.
opt_design completed successfully
opt_design: Time (s): cpu = 00:00:11 ; elapsed = 00:00:11 . Memory (MB): peak = 1812.906 ; gain = 668.875
INFO: [Timing 38-480] Writing timing data to binary archive.
Writing placer database...
Writing XDEF routing.
Writing XDEF routing logical nets.
Writing XDEF routing special nets.
Write XDEF Complete: Time (s): cpu = 00:00:00 ; elapsed = 00:00:00.070 . Memory (MB): peak = 1812.906 ; gain = 0.000
INFO: [Common 17-1381] The checkpoint 'E:/Courses/EEE5060/LabA/Using_IP_with_Zynq/lab1/project_1/project_1.runs/impl_1/Zynq_Design_wrapper_opt.dcp' has been generated.
INFO: [runtcl-4] Executing : report_drc -file Zynq_Design_wrapper_drc_opted.rpt -pb Zynq_Design_wrapper_drc_opted.pb -rpx Zynq_Design_wrapper_drc_opted.rpx
Command: report_drc -file Zynq_Design_wrapper_drc_opted.rpt -pb Zynq_Design_wrapper_drc_opted.pb -rpx Zynq_Design_wrapper_drc_opted.rpx
INFO: [IP_Flow 19-1839] IP Catalog is up to date.
INFO: [Timing 38-35] Done setting XDC timing constraints.
INFO: [DRC 23-27] Running DRC with 2 threads
INFO: [Coretcl 2-168] The results of DRC are in file E:/Courses/EEE5060/LabA/Using_IP_with_Zynq/lab1/project_1/project_1.runs/impl_1/Zynq_Design_wrapper_drc_opted.rpt.
report_drc completed successfully
Command: place_design
Attempting to get a license for feature 'Implementation' and/or device 'xc7z020'
INFO: [Common 17-349] Got license for feature 'Implementation' and/or device 'xc7z020'
INFO: [DRC 23-27] Running DRC with 2 threads
INFO: [Vivado_Tcl 4-198] DRC finished with 0 Errors
INFO: [Vivado_Tcl 4-199] Please refer to the DRC report (report_drc) for more information.
Running DRC as a precondition to command place_design
INFO: [DRC 23-27] Running DRC with 2 threads
INFO: [Vivado_Tcl 4-198] DRC finished with 0 Errors
INFO: [Vivado_Tcl 4-199] Please refer to the DRC report (report_drc) for more information.

Starting Placer Task
INFO: [Place 30-611] Multithreading enabled for place_design using a maximum of 2 CPUs

Phase 1 Placer Initialization

Phase 1.1 Placer Initialization Netlist Sorting
Netlist sorting complete. Time (s): cpu = 00:00:00 ; elapsed = 00:00:00.002 . Memory (MB): peak = 1860.074 ; gain = 0.000
Phase 1.1 Placer Initialization Netlist Sorting | Checksum: 792604a3

Time (s): cpu = 00:00:00 ; elapsed = 00:00:00.012 . Memory (MB): peak = 1860.074 ; gain = 0.000
Netlist sorting complete. Time (s): cpu = 00:00:00 ; elapsed = 00:00:00.001 . Memory (MB): peak = 1860.074 ; gain = 0.000

Phase 1.2 IO Placement/ Clock Placement/ Build Placer Device
Phase 1.2 IO Placement/ Clock Placement/ Build Placer Device | Checksum: 2c1911a9

Time (s): cpu = 00:00:00 ; elapsed = 00:00:00.423 . Memory (MB): peak = 1860.074 ; gain = 0.000

Phase 1.3 Build Placer Netlist Model
Phase 1.3 Build Placer Netlist Model | Checksum: 12f64beb4

Time (s): cpu = 00:00:01 ; elapsed = 00:00:00.798 . Memory (MB): peak = 1860.074 ; gain = 0.000

Phase 1.4 Constrain Clocks/Macros
Phase 1.4 Constrain Clocks/Macros | Checksum: 12f64beb4

Time (s): cpu = 00:00:01 ; elapsed = 00:00:00.803 . Memory (MB): peak = 1860.074 ; gain = 0.000
Phase 1 Placer Initialization | Checksum: 12f64beb4

Time (s): cpu = 00:00:01 ; elapsed = 00:00:00.809 . Memory (MB): peak = 1860.074 ; gain = 0.000

Phase 2 Global Placement

Phase 2.1 Floorplanning
Phase 2.1 Floorplanning | Checksum: f6c9d9ba

Time (s): cpu = 00:00:01 ; elapsed = 00:00:00.973 . Memory (MB): peak = 1860.074 ; gain = 0.000

Phase 2.2 Update Timing before SLR Path Opt
Phase 2.2 Update Timing before SLR Path Opt | Checksum: 14d440bef

Time (s): cpu = 00:00:01 ; elapsed = 00:00:01 . Memory (MB): peak = 1860.074 ; gain = 0.000

Phase 2.3 Global Placement Core

Phase 2.3.1 Physical Synthesis In Placer
INFO: [Physopt 32-1035] Found 0 LUTNM shape to break, 33 LUT instances to create LUTNM shape
INFO: [Physopt 32-1044] Break lutnm for timing: one critical 0, two critical 0, total 0, new lutff created 0
INFO: [Physopt 32-775] End 1 Pass. Optimized 11 nets or cells. Created 0 new cell, deleted 11 existing cells and moved 0 existing cell
INFO: [Physopt 32-65] No nets found for high-fanout optimization.
INFO: [Physopt 32-232] Optimized 0 net. Created 0 new instance.
INFO: [Physopt 32-775] End 1 Pass. Optimized 0 net or cell. Created 0 new cell, deleted 0 existing cell and moved 0 existing cell
INFO: [Physopt 32-670] No setup violation found.  DSP Register Optimization was not performed.
INFO: [Physopt 32-670] No setup violation found.  Shift Register to Pipeline Optimization was not performed.
INFO: [Physopt 32-670] No setup violation found.  Shift Register Optimization was not performed.
INFO: [Physopt 32-670] No setup violation found.  BRAM Register Optimization was not performed.
INFO: [Physopt 32-670] No setup violation found.  URAM Register Optimization was not performed.
INFO: [Physopt 32-949] No candidate nets found for dynamic/static region interface net replication
INFO: [Physopt 32-775] End 1 Pass. Optimized 0 net or cell. Created 0 new cell, deleted 0 existing cell and moved 0 existing cell
Netlist sorting complete. Time (s): cpu = 00:00:00 ; elapsed = 00:00:00.001 . Memory (MB): peak = 1860.074 ; gain = 0.000

Summary of Physical Synthesis Optimizations
============================================


-----------------------------------------------------------------------------------------------------------------------------------------------------------
|  Optimization                                     |  Added Cells  |  Removed Cells  |  Optimized Cells/Nets  |  Dont Touch  |  Iterations  |  Elapsed   |
-----------------------------------------------------------------------------------------------------------------------------------------------------------
|  LUT Combining                                    |            0  |             11  |                    11  |           0  |           1  |  00:00:00  |
|  Very High Fanout                                 |            0  |              0  |                     0  |           0  |           1  |  00:00:00  |
|  DSP Register                                     |            0  |              0  |                     0  |           0  |           0  |  00:00:00  |
|  Shift Register to Pipeline                       |            0  |              0  |                     0  |           0  |           0  |  00:00:00  |
|  Shift Register                                   |            0  |              0  |                     0  |           0  |           0  |  00:00:00  |
|  BRAM Register                                    |            0  |              0  |                     0  |           0  |           0  |  00:00:00  |
|  URAM Register                                    |            0  |              0  |                     0  |           0  |           0  |  00:00:00  |
|  Dynamic/Static Region Interface Net Replication  |            0  |              0  |                     0  |           0  |           1  |  00:00:00  |
|  Total                                            |            0  |             11  |                    11  |           0  |           3  |  00:00:00  |
-----------------------------------------------------------------------------------------------------------------------------------------------------------


Phase 2.3.1 Physical Synthesis In Placer | Checksum: 1ec27ff34

Time (s): cpu = 00:00:07 ; elapsed = 00:00:04 . Memory (MB): peak = 1860.074 ; gain = 0.000
Phase 2.3 Global Placement Core | Checksum: 208609743

Time (s): cpu = 00:00:07 ; elapsed = 00:00:04 . Memory (MB): peak = 1860.074 ; gain = 0.000
Phase 2 Global Placement | Checksum: 208609743

Time (s): cpu = 00:00:07 ; elapsed = 00:00:04 . Memory (MB): peak = 1860.074 ; gain = 0.000

Phase 3 Detail Placement

Phase 3.1 Commit Multi Column Macros
Phase 3.1 Commit Multi Column Macros | Checksum: 1db89a718

Time (s): cpu = 00:00:08 ; elapsed = 00:00:05 . Memory (MB): peak = 1860.074 ; gain = 0.000

Phase 3.2 Commit Most Macros & LUTRAMs
Phase 3.2 Commit Most Macros & LUTRAMs | Checksum: 135945bb6

Time (s): cpu = 00:00:08 ; elapsed = 00:00:05 . Memory (MB): peak = 1860.074 ; gain = 0.000

Phase 3.3 Area Swap Optimization
Phase 3.3 Area Swap Optimization | Checksum: 1a93b7139

Time (s): cpu = 00:00:08 ; elapsed = 00:00:05 . Memory (MB): peak = 1860.074 ; gain = 0.000

Phase 3.4 Pipeline Register Optimization
Phase 3.4 Pipeline Register Optimization | Checksum: 1a9b7d8c0

Time (s): cpu = 00:00:08 ; elapsed = 00:00:05 . Memory (MB): peak = 1860.074 ; gain = 0.000

Phase 3.5 Small Shape Detail Placement
Phase 3.5 Small Shape Detail Placement | Checksum: 1f600fd3c

Time (s): cpu = 00:00:09 ; elapsed = 00:00:06 . Memory (MB): peak = 1860.074 ; gain = 0.000

Phase 3.6 Re-assign LUT pins
Phase 3.6 Re-assign LUT pins | Checksum: 16f9f490d

Time (s): cpu = 00:00:09 ; elapsed = 00:00:06 . Memory (MB): peak = 1860.074 ; gain = 0.000

Phase 3.7 Pipeline Register Optimization
Phase 3.7 Pipeline Register Optimization | Checksum: 168232498

Time (s): cpu = 00:00:09 ; elapsed = 00:00:06 . Memory (MB): peak = 1860.074 ; gain = 0.000
Phase 3 Detail Placement | Checksum: 168232498

Time (s): cpu = 00:00:09 ; elapsed = 00:00:06 . Memory (MB): peak = 1860.074 ; gain = 0.000

Phase 4 Post Placement Optimization and Clean-Up

Phase 4.1 Post Commit Optimization
INFO: [Timing 38-35] Done setting XDC timing constraints.

Phase 4.1.1 Post Placement Optimization
Post Placement Optimization Initialization | Checksum: 16e8bd3cd

Phase 4.1.1.1 BUFG Insertion

Starting Physical Synthesis Task

Phase 1 Physical Synthesis Initialization
INFO: [Physopt 32-721] Multithreading enabled for phys_opt_design using a maximum of 2 CPUs
INFO: [Physopt 32-619] Estimated Timing Summary | WNS=11.783 | TNS=0.000 |
Phase 1 Physical Synthesis Initialization | Checksum: 1829a77bd

Time (s): cpu = 00:00:01 ; elapsed = 00:00:00.063 . Memory (MB): peak = 1860.074 ; gain = 0.000
INFO: [Place 46-56] BUFG insertion identified 0 candidate nets. Inserted BUFG: 0, Replicated BUFG Driver: 0, Skipped due to Placement/Routing Conflicts: 0, Skipped due to Timing Degradation: 0, Skipped due to Illegal Netlist: 0.
Ending Physical Synthesis Task | Checksum: 15d0d2a30

Time (s): cpu = 00:00:01 ; elapsed = 00:00:00.069 . Memory (MB): peak = 1860.074 ; gain = 0.000
Phase 4.1.1.1 BUFG Insertion | Checksum: 16e8bd3cd

Time (s): cpu = 00:00:10 ; elapsed = 00:00:06 . Memory (MB): peak = 1860.074 ; gain = 0.000
INFO: [Place 30-746] Post Placement Timing Summary WNS=11.783. For the most accurate timing information please run report_timing.

Time (s): cpu = 00:00:10 ; elapsed = 00:00:06 . Memory (MB): peak = 1860.074 ; gain = 0.000
Phase 4.1 Post Commit Optimization | Checksum: 101a1a9d8

Time (s): cpu = 00:00:10 ; elapsed = 00:00:06 . Memory (MB): peak = 1860.074 ; gain = 0.000

Phase 4.2 Post Placement Cleanup
Phase 4.2 Post Placement Cleanup | Checksum: 101a1a9d8

Time (s): cpu = 00:00:10 ; elapsed = 00:00:06 . Memory (MB): peak = 1860.074 ; gain = 0.000

Phase 4.3 Placer Reporting

Phase 4.3.1 Print Estimated Congestion
INFO: [Place 30-612] Post-Placement Estimated Congestion 
 ____________________________________________________
|           | Global Congestion | Short Congestion  |
| Direction | Region Size       | Region Size       |
|___________|___________________|___________________|
|      North|                1x1|                1x1|
|___________|___________________|___________________|
|      South|                1x1|                1x1|
|___________|___________________|___________________|
|       East|                1x1|                1x1|
|___________|___________________|___________________|
|       West|                1x1|                1x1|
|___________|___________________|___________________|

Phase 4.3.1 Print Estimated Congestion | Checksum: 101a1a9d8

Time (s): cpu = 00:00:10 ; elapsed = 00:00:06 . Memory (MB): peak = 1860.074 ; gain = 0.000
Phase 4.3 Placer Reporting | Checksum: 101a1a9d8

Time (s): cpu = 00:00:10 ; elapsed = 00:00:06 . Memory (MB): peak = 1860.074 ; gain = 0.000

Phase 4.4 Final Placement Cleanup
Netlist sorting complete. Time (s): cpu = 00:00:00 ; elapsed = 00:00:00.001 . Memory (MB): peak = 1860.074 ; gain = 0.000

Time (s): cpu = 00:00:10 ; elapsed = 00:00:06 . Memory (MB): peak = 1860.074 ; gain = 0.000
Phase 4 Post Placement Optimization and Clean-Up | Checksum: 12731d645

Time (s): cpu = 00:00:10 ; elapsed = 00:00:06 . Memory (MB): peak = 1860.074 ; gain = 0.000
Ending Placer Task | Checksum: fb7c4217

Time (s): cpu = 00:00:10 ; elapsed = 00:00:06 . Memory (MB): peak = 1860.074 ; gain = 0.000
INFO: [Common 17-83] Releasing license: Implementation
68 Infos, 0 Warnings, 0 Critical Warnings and 0 Errors encountered.
place_design completed successfully
place_design: Time (s): cpu = 00:00:12 ; elapsed = 00:00:07 . Memory (MB): peak = 1860.074 ; gain = 0.000
INFO: [Timing 38-480] Writing timing data to binary archive.
Writing placer database...
Writing XDEF routing.
Writing XDEF routing logical nets.
Writing XDEF routing special nets.
Write XDEF Complete: Time (s): cpu = 00:00:00 ; elapsed = 00:00:00.184 . Memory (MB): peak = 1860.074 ; gain = 0.000
INFO: [Common 17-1381] The checkpoint 'E:/Courses/EEE5060/LabA/Using_IP_with_Zynq/lab1/project_1/project_1.runs/impl_1/Zynq_Design_wrapper_placed.dcp' has been generated.
INFO: [runtcl-4] Executing : report_io -file Zynq_Design_wrapper_io_placed.rpt
report_io: Time (s): cpu = 00:00:00 ; elapsed = 00:00:00.048 . Memory (MB): peak = 1860.074 ; gain = 0.000
INFO: [runtcl-4] Executing : report_utilization -file Zynq_Design_wrapper_utilization_placed.rpt -pb Zynq_Design_wrapper_utilization_placed.pb
INFO: [runtcl-4] Executing : report_control_sets -verbose -file Zynq_Design_wrapper_control_sets_placed.rpt
report_control_sets: Time (s): cpu = 00:00:00 ; elapsed = 00:00:00.009 . Memory (MB): peak = 1860.074 ; gain = 0.000
Command: phys_opt_design
Attempting to get a license for feature 'Implementation' and/or device 'xc7z020'
INFO: [Common 17-349] Got license for feature 'Implementation' and/or device 'xc7z020'
INFO: [Vivado_Tcl 4-383] Design worst setup slack (WNS) is greater than or equal to 0.000 ns. Skipping all physical synthesis optimizations.
INFO: [Vivado_Tcl 4-232] No setup violation found. The netlist was not modified.
INFO: [Common 17-83] Releasing license: Implementation
77 Infos, 0 Warnings, 0 Critical Warnings and 0 Errors encountered.
phys_opt_design completed successfully
INFO: [Timing 38-480] Writing timing data to binary archive.
Writing placer database...
Writing XDEF routing.
Writing XDEF routing logical nets.
Writing XDEF routing special nets.
Write XDEF Complete: Time (s): cpu = 00:00:01 ; elapsed = 00:00:00.184 . Memory (MB): peak = 1866.715 ; gain = 6.641
INFO: [Common 17-1381] The checkpoint 'E:/Courses/EEE5060/LabA/Using_IP_with_Zynq/lab1/project_1/project_1.runs/impl_1/Zynq_Design_wrapper_physopt.dcp' has been generated.
Command: route_design
Attempting to get a license for feature 'Implementation' and/or device 'xc7z020'
INFO: [Common 17-349] Got license for feature 'Implementation' and/or device 'xc7z020'
Running DRC as a precondition to command route_design
INFO: [DRC 23-27] Running DRC with 2 threads
INFO: [Vivado_Tcl 4-198] DRC finished with 0 Errors
INFO: [Vivado_Tcl 4-199] Please refer to the DRC report (report_drc) for more information.


Starting Routing Task
INFO: [Route 35-254] Multithreading enabled for route_design using a maximum of 2 CPUs
Checksum: PlaceDB: 73127096 ConstDB: 0 ShapeSum: 8869d181 RouteDB: 0

Phase 1 Build RT Design
Phase 1 Build RT Design | Checksum: cd87e275

Time (s): cpu = 00:00:23 ; elapsed = 00:00:19 . Memory (MB): peak = 1972.746 ; gain = 95.957
Post Restoration Checksum: NetGraph: 313d4a19 NumContArr: 9c4a985c Constraints: 0 Timing: 0

Phase 2 Router Initialization

Phase 2.1 Create Timer
Phase 2.1 Create Timer | Checksum: cd87e275

Time (s): cpu = 00:00:23 ; elapsed = 00:00:19 . Memory (MB): peak = 1972.746 ; gain = 95.957

Phase 2.2 Fix Topology Constraints
Phase 2.2 Fix Topology Constraints | Checksum: cd87e275

Time (s): cpu = 00:00:23 ; elapsed = 00:00:19 . Memory (MB): peak = 1978.961 ; gain = 102.172

Phase 2.3 Pre Route Cleanup
Phase 2.3 Pre Route Cleanup | Checksum: cd87e275

Time (s): cpu = 00:00:23 ; elapsed = 00:00:20 . Memory (MB): peak = 1978.961 ; gain = 102.172
 Number of Nodes with overlaps = 0

Phase 2.4 Update Timing
Phase 2.4 Update Timing | Checksum: 1c0fe0b1b

Time (s): cpu = 00:00:23 ; elapsed = 00:00:20 . Memory (MB): peak = 2005.328 ; gain = 128.539
INFO: [Route 35-416] Intermediate Timing Summary | WNS=11.970 | TNS=0.000  | WHS=-0.187 | THS=-24.259|

Phase 2 Router Initialization | Checksum: 24c225276

Time (s): cpu = 00:00:24 ; elapsed = 00:00:20 . Memory (MB): peak = 2005.328 ; gain = 128.539

Router Utilization Summary
  Global Vertical Routing Utilization    = 0 %
  Global Horizontal Routing Utilization  = 0 %
  Routable Net Status*
  *Does not include unroutable nets such as driverless and loadless.
  Run report_route_status for detailed report.
  Number of Failed Nets               = 1917
    (Failed Nets is the sum of unrouted and partially routed nets)
  Number of Unrouted Nets             = 1917
  Number of Partially Routed Nets     = 0
  Number of Node Overlaps             = 0


Phase 3 Initial Routing

Phase 3.1 Global Routing
Phase 3.1 Global Routing | Checksum: 24c225276

Time (s): cpu = 00:00:24 ; elapsed = 00:00:20 . Memory (MB): peak = 2009.699 ; gain = 132.910
Phase 3 Initial Routing | Checksum: 272b8079a

Time (s): cpu = 00:00:24 ; elapsed = 00:00:21 . Memory (MB): peak = 2009.699 ; gain = 132.910

Phase 4 Rip-up And Reroute

Phase 4.1 Global Iteration 0
 Number of Nodes with overlaps = 100
 Number of Nodes with overlaps = 0
INFO: [Route 35-416] Intermediate Timing Summary | WNS=12.470 | TNS=0.000  | WHS=N/A    | THS=N/A    |

Phase 4.1 Global Iteration 0 | Checksum: 1e171b6e9

Time (s): cpu = 00:00:25 ; elapsed = 00:00:21 . Memory (MB): peak = 2009.699 ; gain = 132.910

Phase 4.2 Global Iteration 1
 Number of Nodes with overlaps = 4
 Number of Nodes with overlaps = 0
INFO: [Route 35-416] Intermediate Timing Summary | WNS=12.470 | TNS=0.000  | WHS=N/A    | THS=N/A    |

Phase 4.2 Global Iteration 1 | Checksum: 1b87c6710

Time (s): cpu = 00:00:25 ; elapsed = 00:00:21 . Memory (MB): peak = 2009.699 ; gain = 132.910
Phase 4 Rip-up And Reroute | Checksum: 1b87c6710

Time (s): cpu = 00:00:25 ; elapsed = 00:00:21 . Memory (MB): peak = 2009.699 ; gain = 132.910

Phase 5 Delay and Skew Optimization

Phase 5.1 Delay CleanUp

Phase 5.1.1 Update Timing
Phase 5.1.1 Update Timing | Checksum: 182f405c3

Time (s): cpu = 00:00:25 ; elapsed = 00:00:21 . Memory (MB): peak = 2009.699 ; gain = 132.910
INFO: [Route 35-416] Intermediate Timing Summary | WNS=12.484 | TNS=0.000  | WHS=N/A    | THS=N/A    |

Phase 5.1 Delay CleanUp | Checksum: 182f405c3

Time (s): cpu = 00:00:25 ; elapsed = 00:00:21 . Memory (MB): peak = 2009.699 ; gain = 132.910

Phase 5.2 Clock Skew Optimization
Phase 5.2 Clock Skew Optimization | Checksum: 182f405c3

Time (s): cpu = 00:00:25 ; elapsed = 00:00:21 . Memory (MB): peak = 2009.699 ; gain = 132.910
Phase 5 Delay and Skew Optimization | Checksum: 182f405c3

Time (s): cpu = 00:00:25 ; elapsed = 00:00:21 . Memory (MB): peak = 2009.699 ; gain = 132.910

Phase 6 Post Hold Fix

Phase 6.1 Hold Fix Iter

Phase 6.1.1 Update Timing
Phase 6.1.1 Update Timing | Checksum: 1d2281225

Time (s): cpu = 00:00:25 ; elapsed = 00:00:21 . Memory (MB): peak = 2009.699 ; gain = 132.910
INFO: [Route 35-416] Intermediate Timing Summary | WNS=12.484 | TNS=0.000  | WHS=0.047  | THS=0.000  |

Phase 6.1 Hold Fix Iter | Checksum: 19da23803

Time (s): cpu = 00:00:25 ; elapsed = 00:00:21 . Memory (MB): peak = 2009.699 ; gain = 132.910
Phase 6 Post Hold Fix | Checksum: 19da23803

Time (s): cpu = 00:00:25 ; elapsed = 00:00:21 . Memory (MB): peak = 2009.699 ; gain = 132.910

Phase 7 Route finalize

Router Utilization Summary
  Global Vertical Routing Utilization    = 0.22916 %
  Global Horizontal Routing Utilization  = 0.31736 %
  Routable Net Status*
  *Does not include unroutable nets such as driverless and loadless.
  Run report_route_status for detailed report.
  Number of Failed Nets               = 0
    (Failed Nets is the sum of unrouted and partially routed nets)
  Number of Unrouted Nets             = 0
  Number of Partially Routed Nets     = 0
  Number of Node Overlaps             = 0

Phase 7 Route finalize | Checksum: 1aa261467

Time (s): cpu = 00:00:25 ; elapsed = 00:00:21 . Memory (MB): peak = 2009.699 ; gain = 132.910

Phase 8 Verifying routed nets

 Verification completed successfully
Phase 8 Verifying routed nets | Checksum: 1aa261467

Time (s): cpu = 00:00:25 ; elapsed = 00:00:21 . Memory (MB): peak = 2009.699 ; gain = 132.910

Phase 9 Depositing Routes
Phase 9 Depositing Routes | Checksum: 1ce5db7d4

Time (s): cpu = 00:00:25 ; elapsed = 00:00:21 . Memory (MB): peak = 2009.699 ; gain = 132.910

Phase 10 Post Router Timing
INFO: [Route 35-57] Estimated Timing Summary | WNS=12.484 | TNS=0.000  | WHS=0.047  | THS=0.000  |

INFO: [Route 35-327] The final timing numbers are based on the router estimated timing analysis. For a complete and accurate timing signoff, please run report_timing_summary.
Phase 10 Post Router Timing | Checksum: 1ce5db7d4

Time (s): cpu = 00:00:25 ; elapsed = 00:00:21 . Memory (MB): peak = 2009.699 ; gain = 132.910
INFO: [Route 35-16] Router Completed Successfully

Time (s): cpu = 00:00:25 ; elapsed = 00:00:21 . Memory (MB): peak = 2009.699 ; gain = 132.910

Routing Is Done.
INFO: [Common 17-83] Releasing license: Implementation
93 Infos, 0 Warnings, 0 Critical Warnings and 0 Errors encountered.
route_design completed successfully
route_design: Time (s): cpu = 00:00:27 ; elapsed = 00:00:23 . Memory (MB): peak = 2009.699 ; gain = 142.984
INFO: [Timing 38-480] Writing timing data to binary archive.
Writing placer database...
Writing XDEF routing.
Writing XDEF routing logical nets.
Writing XDEF routing special nets.
Write XDEF Complete: Time (s): cpu = 00:00:01 ; elapsed = 00:00:00.246 . Memory (MB): peak = 2019.352 ; gain = 9.652
INFO: [Common 17-1381] The checkpoint 'E:/Courses/EEE5060/LabA/Using_IP_with_Zynq/lab1/project_1/project_1.runs/impl_1/Zynq_Design_wrapper_routed.dcp' has been generated.
INFO: [runtcl-4] Executing : report_drc -file Zynq_Design_wrapper_drc_routed.rpt -pb Zynq_Design_wrapper_drc_routed.pb -rpx Zynq_Design_wrapper_drc_routed.rpx
Command: report_drc -file Zynq_Design_wrapper_drc_routed.rpt -pb Zynq_Design_wrapper_drc_routed.pb -rpx Zynq_Design_wrapper_drc_routed.rpx
INFO: [IP_Flow 19-1839] IP Catalog is up to date.
INFO: [DRC 23-27] Running DRC with 2 threads
INFO: [Coretcl 2-168] The results of DRC are in file E:/Courses/EEE5060/LabA/Using_IP_with_Zynq/lab1/project_1/project_1.runs/impl_1/Zynq_Design_wrapper_drc_routed.rpt.
report_drc completed successfully
INFO: [runtcl-4] Executing : report_methodology -file Zynq_Design_wrapper_methodology_drc_routed.rpt -pb Zynq_Design_wrapper_methodology_drc_routed.pb -rpx Zynq_Design_wrapper_methodology_drc_routed.rpx
Command: report_methodology -file Zynq_Design_wrapper_methodology_drc_routed.rpt -pb Zynq_Design_wrapper_methodology_drc_routed.pb -rpx Zynq_Design_wrapper_methodology_drc_routed.rpx
INFO: [Timing 38-35] Done setting XDC timing constraints.
INFO: [DRC 23-133] Running Methodology with 2 threads
INFO: [Coretcl 2-1520] The results of Report Methodology are in file E:/Courses/EEE5060/LabA/Using_IP_with_Zynq/lab1/project_1/project_1.runs/impl_1/Zynq_Design_wrapper_methodology_drc_routed.rpt.
report_methodology completed successfully
INFO: [runtcl-4] Executing : report_power -file Zynq_Design_wrapper_power_routed.rpt -pb Zynq_Design_wrapper_power_summary_routed.pb -rpx Zynq_Design_wrapper_power_routed.rpx
Command: report_power -file Zynq_Design_wrapper_power_routed.rpt -pb Zynq_Design_wrapper_power_summary_routed.pb -rpx Zynq_Design_wrapper_power_routed.rpx
INFO: [Timing 38-35] Done setting XDC timing constraints.
Running Vector-less Activity Propagation...

Finished Running Vector-less Activity Propagation
105 Infos, 0 Warnings, 0 Critical Warnings and 0 Errors encountered.
report_power completed successfully
INFO: [runtcl-4] Executing : report_route_status -file Zynq_Design_wrapper_route_status.rpt -pb Zynq_Design_wrapper_route_status.pb
INFO: [runtcl-4] Executing : report_timing_summary -max_paths 10 -file Zynq_Design_wrapper_timing_summary_routed.rpt -pb Zynq_Design_wrapper_timing_summary_routed.pb -rpx Zynq_Design_wrapper_timing_summary_routed.rpx -warn_on_violation 
INFO: [Timing 38-91] UpdateTimingParams: Speed grade: -1, Delay Type: min_max.
INFO: [Timing 38-191] Multithreading enabled for timing update using a maximum of 2 CPUs
INFO: [runtcl-4] Executing : report_incremental_reuse -file Zynq_Design_wrapper_incremental_reuse_routed.rpt
INFO: [Vivado_Tcl 4-1062] Incremental flow is disabled. No incremental reuse Info to report.
INFO: [runtcl-4] Executing : report_clock_utilization -file Zynq_Design_wrapper_clock_utilization_routed.rpt
INFO: [runtcl-4] Executing : report_bus_skew -warn_on_violation -file Zynq_Design_wrapper_bus_skew_routed.rpt -pb Zynq_Design_wrapper_bus_skew_routed.pb -rpx Zynq_Design_wrapper_bus_skew_routed.rpx
INFO: [Timing 38-91] UpdateTimingParams: Speed grade: -1, Delay Type: min_max.
INFO: [Timing 38-191] Multithreading enabled for timing update using a maximum of 2 CPUs
Command: write_bitstream -force Zynq_Design_wrapper.bit
Attempting to get a license for feature 'Implementation' and/or device 'xc7z020'
INFO: [Common 17-349] Got license for feature 'Implementation' and/or device 'xc7z020'
Running DRC as a precondition to command write_bitstream
INFO: [IP_Flow 19-1839] IP Catalog is up to date.
INFO: [DRC 23-27] Running DRC with 2 threads
INFO: [Vivado 12-3199] DRC finished with 0 Errors
INFO: [Vivado 12-3200] Please refer to the DRC report (report_drc) for more information.
INFO: [Designutils 20-2272] Running write_bitstream with 2 threads.
Loading data files...
Loading site data...
Loading route data...
Processing options...
Creating bitmap...
Creating bitstream...
Writing bitstream ./Zynq_Design_wrapper.bit...
INFO: [Vivado 12-1842] Bitgen Completed Successfully.
INFO: [Project 1-120] WebTalk data collection is mandatory when using a WebPACK part without a full Vivado license. To see the specific WebTalk data collected for your design, open the usage_statistics_webtalk.html or usage_statistics_webtalk.xml file in the implementation directory.
INFO: [Common 17-186] 'E:/Courses/EEE5060/LabA/Using_IP_with_Zynq/lab1/project_1/project_1.runs/impl_1/usage_statistics_webtalk.xml' has been successfully sent to Xilinx on Sat Oct 16 18:21:09 2021. For additional details about this file, please refer to the WebTalk help file at C:/Xilinx/Vivado/2020.2/doc/webtalk_introduction.html.
INFO: [Common 17-83] Releasing license: Implementation
13 Infos, 0 Warnings, 0 Critical Warnings and 0 Errors encountered.
write_bitstream completed successfully
write_bitstream: Time (s): cpu = 00:00:13 ; elapsed = 00:00:17 . Memory (MB): peak = 2487.168 ; gain = 447.715
INFO: [Common 17-206] Exiting Vivado at Sat Oct 16 18:21:09 2021...

*** Running vivado
    with args -log Zynq_Design_wrapper.vdi -applog -m64 -product Vivado -messageDb vivado.pb -mode batch -source Zynq_Design_wrapper.tcl -notrace



****** Vivado v2020.2 (64-bit)
  **** SW Build 3064766 on Wed Nov 18 09:12:45 MST 2020
  **** IP Build 3064653 on Wed Nov 18 14:17:31 MST 2020
    ** Copyright 1986-2020 Xilinx, Inc. All Rights Reserved.

source Zynq_Design_wrapper.tcl -notrace
Command: open_checkpoint Zynq_Design_wrapper_routed.dcp

Starting open_checkpoint Task

Time (s): cpu = 00:00:00 ; elapsed = 00:00:00.037 . Memory (MB): peak = 1143.816 ; gain = 0.000
INFO: [Device 21-403] Loading part xc7z020clg400-1
Netlist sorting complete. Time (s): cpu = 00:00:01 ; elapsed = 00:00:00.104 . Memory (MB): peak = 1143.816 ; gain = 0.000
INFO: [Netlist 29-17] Analyzing 29 Unisim elements for replacement
INFO: [Netlist 29-28] Unisim Transformation completed in 0 CPU seconds
INFO: [Project 1-479] Netlist was created with Vivado 2020.2
INFO: [Project 1-570] Preparing netlist for logic optimization
INFO: [Timing 38-478] Restoring timing data from binary archive.
INFO: [Timing 38-479] Binary timing data restore complete.
INFO: [Project 1-856] Restoring constraints from binary archive.
INFO: [Project 1-853] Binary constraint restore complete.
Reading XDEF placement.
Reading placer database...
Reading XDEF routing.
Read XDEF File: Time (s): cpu = 00:00:01 ; elapsed = 00:00:00.360 . Memory (MB): peak = 1550.293 ; gain = 7.750
Restored from archive | CPU: 1.000000 secs | Memory: 0.000000 MB |
Finished XDEF File Restore: Time (s): cpu = 00:00:01 ; elapsed = 00:00:00.361 . Memory (MB): peak = 1550.293 ; gain = 7.750
Netlist sorting complete. Time (s): cpu = 00:00:00 ; elapsed = 00:00:00.001 . Memory (MB): peak = 1550.293 ; gain = 0.000
INFO: [Project 1-111] Unisim Transformation Summary:
No Unisim elements were transformed.

INFO: [Project 1-604] Checkpoint was created with Vivado v2020.2 (64-bit) build 3064766
open_checkpoint: Time (s): cpu = 00:00:17 ; elapsed = 00:00:18 . Memory (MB): peak = 1550.293 ; gain = 406.477
Command: write_bitstream -force Zynq_Design_wrapper.bit
Attempting to get a license for feature 'Implementation' and/or device 'xc7z020'
INFO: [Common 17-349] Got license for feature 'Implementation' and/or device 'xc7z020'
Running DRC as a precondition to command write_bitstream
INFO: [IP_Flow 19-234] Refreshing IP repositories
INFO: [IP_Flow 19-1704] No user IP repositories specified
INFO: [IP_Flow 19-2313] Loaded Vivado IP repository 'C:/Xilinx/Vivado/2020.2/data/ip'.
INFO: [DRC 23-27] Running DRC with 2 threads
INFO: [Vivado 12-3199] DRC finished with 0 Errors
INFO: [Vivado 12-3200] Please refer to the DRC report (report_drc) for more information.
INFO: [Designutils 20-2272] Running write_bitstream with 2 threads.
Loading data files...
Loading site data...
Loading route data...
Processing options...
Creating bitmap...
Creating bitstream...
Writing bitstream ./Zynq_Design_wrapper.bit...
INFO: [Vivado 12-1842] Bitgen Completed Successfully.
INFO: [Project 1-120] WebTalk data collection is mandatory when using a WebPACK part without a full Vivado license. To see the specific WebTalk data collected for your design, open the usage_statistics_webtalk.html or usage_statistics_webtalk.xml file in the implementation directory.
INFO: [Common 17-186] 'E:/Courses/EEE5060/LabA/Using_IP_with_Zynq/lab1/project_1/project_1.runs/impl_1/usage_statistics_webtalk.xml' has been successfully sent to Xilinx on Sat Oct 16 18:25:51 2021. For additional details about this file, please refer to the WebTalk help file at C:/Xilinx/Vivado/2020.2/doc/webtalk_introduction.html.
INFO: [Common 17-83] Releasing license: Implementation
23 Infos, 0 Warnings, 0 Critical Warnings and 0 Errors encountered.
write_bitstream completed successfully
write_bitstream: Time (s): cpu = 00:00:14 ; elapsed = 00:00:16 . Memory (MB): peak = 2071.930 ; gain = 521.637
INFO: [Common 17-206] Exiting Vivado at Sat Oct 16 18:25:51 2021...
