

================================================================
== Vitis HLS Report for 'window_fn_top'
================================================================
* Date:           Mon Oct 11 19:13:45 2021

* Version:        2020.2 (Build 3064766 on Wed Nov 18 09:12:45 MST 2020)
* Project:        window_fn_prj
* Solution:       solution1 (Vivado IP Flow Target)
* Product family: virtexuplus
* Target device:  xcvu9p-flgb2104-1-e


================================================================
== Performance Estimates
================================================================
+ Timing: 
    * Summary: 
    +--------+---------+----------+------------+
    |  Clock |  Target | Estimated| Uncertainty|
    +--------+---------+----------+------------+
    |ap_clk  |  5.00 ns|  2.787 ns|     1.35 ns|
    +--------+---------+----------+------------+

+ Latency: 
    * Summary: 
    +---------+---------+----------+----------+-----+-----+---------+
    |  Latency (cycles) |  Latency (absolute) |  Interval | Pipeline|
    |   min   |   max   |    min   |    max   | min | max |   Type  |
    +---------+---------+----------+----------+-----+-----+---------+
    |       39|       39|  0.195 us|  0.195 us|   40|   40|     none|
    +---------+---------+----------+----------+-----+-----+---------+

    + Detail: 
        * Instance: 
        N/A

        * Loop: 
        +--------------+---------+---------+----------+-----------+-----------+------+----------+
        |              |  Latency (cycles) | Iteration|  Initiation Interval  | Trip |          |
        |   Loop Name  |   min   |   max   |  Latency |  achieved |   target  | Count| Pipelined|
        +--------------+---------+---------+----------+-----------+-----------+------+----------+
        |- winfn_loop  |       37|       37|         7|          1|          1|    32|       yes|
        +--------------+---------+---------+----------+-----------+-----------+------+----------+



================================================================
== Utilization Estimates
================================================================
* Summary: 
+---------------------+---------+------+---------+---------+-----+
|         Name        | BRAM_18K|  DSP |    FF   |   LUT   | URAM|
+---------------------+---------+------+---------+---------+-----+
|DSP                  |        -|     -|        -|        -|    -|
|Expression           |        -|     -|        0|       27|    -|
|FIFO                 |        -|     -|        -|        -|    -|
|Instance             |        -|     3|      143|       78|    -|
|Memory               |        1|     -|        0|        0|    -|
|Multiplexer          |        -|     -|        -|       47|    -|
|Register             |        -|     -|      247|       64|    -|
+---------------------+---------+------+---------+---------+-----+
|Total                |        1|     3|      390|      216|    0|
+---------------------+---------+------+---------+---------+-----+
|Available SLR        |     1440|  2280|   788160|   394080|  320|
+---------------------+---------+------+---------+---------+-----+
|Utilization SLR (%)  |       ~0|    ~0|       ~0|       ~0|    0|
+---------------------+---------+------+---------+---------+-----+
|Available            |     4320|  6840|  2364480|  1182240|  960|
+---------------------+---------+------+---------+---------+-----+
|Utilization (%)      |       ~0|    ~0|       ~0|       ~0|    0|
+---------------------+---------+------+---------+---------+-----+

+ Detail: 
    * Instance: 
    +----------------------------------+-------------------------------+---------+----+-----+----+-----+
    |             Instance             |             Module            | BRAM_18K| DSP|  FF | LUT| URAM|
    +----------------------------------+-------------------------------+---------+----+-----+----+-----+
    |fmul_32ns_32ns_32_4_max_dsp_1_U1  |fmul_32ns_32ns_32_4_max_dsp_1  |        0|   3|  143|  78|    0|
    +----------------------------------+-------------------------------+---------+----+-----+----+-----+
    |Total                             |                               |        0|   3|  143|  78|    0|
    +----------------------------------+-------------------------------+---------+----+-----+----+-----+

    * DSP: 
    N/A

    * Memory: 
    +-------------+-----------+---------+---+----+-----+------+-----+------+-------------+
    |    Memory   |   Module  | BRAM_18K| FF| LUT| URAM| Words| Bits| Banks| W*Bits*Banks|
    +-------------+-----------+---------+---+----+-----+------+-----+------+-------------+
    |coeff_tab_U  |coeff_tab  |        1|  0|   0|    0|    32|   32|     1|         1024|
    +-------------+-----------+---------+---+----+-----+------+-----+------+-------------+
    |Total        |           |        1|  0|   0|    0|    32|   32|     1|         1024|
    +-------------+-----------+---------+---+----+-----+------+-----+------+-------------+

    * FIFO: 
    N/A

    * Expression: 
    +-------------------------+----------+----+---+----+------------+------------+
    |      Variable Name      | Operation| DSP| FF| LUT| Bitwidth P0| Bitwidth P1|
    +-------------------------+----------+----+---+----+------------+------------+
    |add_ln129_fu_98_p2       |         +|   0|  0|  13|           6|           1|
    |icmp_ln129_fu_104_p2     |      icmp|   0|  0|  10|           6|           7|
    |ap_enable_pp0            |       xor|   0|  0|   2|           1|           2|
    |ap_enable_reg_pp0_iter1  |       xor|   0|  0|   2|           2|           1|
    +-------------------------+----------+----+---+----+------------+------------+
    |Total                    |          |   0|  0|  27|          15|          11|
    +-------------------------+----------+----+---+----+------------+------------+

    * Multiplexer: 
    +-------------------------+----+-----------+-----+-----------+
    |           Name          | LUT| Input Size| Bits| Total Bits|
    +-------------------------+----+-----------+-----+-----------+
    |ap_NS_fsm                |  20|          4|    1|          4|
    |ap_enable_reg_pp0_iter1  |   9|          2|    1|          2|
    |ap_enable_reg_pp0_iter6  |   9|          2|    1|          2|
    |i_reg_83                 |   9|          2|    6|         12|
    +-------------------------+----+-----------+-----+-----------+
    |Total                    |  47|         10|    9|         20|
    +-------------------------+----+-----------+-----+-----------+

    * Register: 
    +-------------------------+----+----+-----+-----------+
    |           Name          | FF | LUT| Bits| Const Bits|
    +-------------------------+----+----+-----+-----------+
    |ap_CS_fsm                |   3|   0|    3|          0|
    |ap_enable_reg_pp0_iter0  |   1|   0|    1|          0|
    |ap_enable_reg_pp0_iter1  |   1|   0|    1|          0|
    |ap_enable_reg_pp0_iter2  |   1|   0|    1|          0|
    |ap_enable_reg_pp0_iter3  |   1|   0|    1|          0|
    |ap_enable_reg_pp0_iter4  |   1|   0|    1|          0|
    |ap_enable_reg_pp0_iter5  |   1|   0|    1|          0|
    |ap_enable_reg_pp0_iter6  |   1|   0|    1|          0|
    |coeff_tab_load_reg_148   |  32|   0|   32|          0|
    |i_cast_reg_133           |   6|   0|   64|         58|
    |i_reg_83                 |   6|   0|    6|          0|
    |icmp_ln129_reg_129       |   1|   0|    1|          0|
    |indata_load_reg_153      |  32|   0|   32|          0|
    |mul_i_reg_163            |  32|   0|   32|          0|
    |i_cast_reg_133           |  64|  32|   64|         58|
    |icmp_ln129_reg_129       |  64|  32|    1|          0|
    +-------------------------+----+----+-----+-----------+
    |Total                    | 247|  64|  242|        116|
    +-------------------------+----+----+-----+-----------+



================================================================
== Interface
================================================================
* Summary: 
+------------------+-----+-----+------------+---------------+--------------+
|     RTL Ports    | Dir | Bits|  Protocol  | Source Object |    C Type    |
+------------------+-----+-----+------------+---------------+--------------+
|ap_clk            |   in|    1|  ap_ctrl_hs|  window_fn_top|  return value|
|ap_rst            |   in|    1|  ap_ctrl_hs|  window_fn_top|  return value|
|ap_start          |   in|    1|  ap_ctrl_hs|  window_fn_top|  return value|
|ap_done           |  out|    1|  ap_ctrl_hs|  window_fn_top|  return value|
|ap_idle           |  out|    1|  ap_ctrl_hs|  window_fn_top|  return value|
|ap_ready          |  out|    1|  ap_ctrl_hs|  window_fn_top|  return value|
|outdata_address0  |  out|    5|   ap_memory|        outdata|         array|
|outdata_ce0       |  out|    1|   ap_memory|        outdata|         array|
|outdata_we0       |  out|    1|   ap_memory|        outdata|         array|
|outdata_d0        |  out|   32|   ap_memory|        outdata|         array|
|indata_address0   |  out|    5|   ap_memory|         indata|         array|
|indata_ce0        |  out|    1|   ap_memory|         indata|         array|
|indata_q0         |   in|   32|   ap_memory|         indata|         array|
+------------------+-----+-----+------------+---------------+--------------+

