

================================================================
== Vitis HLS Report for 'Loop_realfft_be_buffer_proc3'
================================================================
* Date:           Fri Oct 15 15:55:01 2021

* Version:        2020.2 (Build 3064766 on Wed Nov 18 09:12:45 MST 2020)
* Project:        zynq_lab_2_2020_be
* Solution:       solution1 (Vivado IP Flow Target)
* Product family: zynq
* Target device:  xc7z020-clg400-1


================================================================
== Performance Estimates
================================================================
+ Timing: 
    * Summary: 
    +--------+----------+----------+------------+
    |  Clock |  Target  | Estimated| Uncertainty|
    +--------+----------+----------+------------+
    |ap_clk  |  10.00 ns|  3.254 ns|     2.70 ns|
    +--------+----------+----------+------------+

+ Latency: 
    * Summary: 
    +---------+---------+----------+----------+-----+-----+---------+
    |  Latency (cycles) |  Latency (absolute) |  Interval | Pipeline|
    |   min   |   max   |    min   |    max   | min | max |   Type  |
    +---------+---------+----------+----------+-----+-----+---------+
    |      511|      512|  5.110 us|  5.120 us|  511|  512|     none|
    +---------+---------+----------+----------+-----+-----+---------+

    + Detail: 
        * Instance: 
        N/A

        * Loop: 
        +---------------------+---------+---------+----------+-----------+-----------+------+----------+
        |                     |  Latency (cycles) | Iteration|  Initiation Interval  | Trip |          |
        |      Loop Name      |   min   |   max   |  Latency |  achieved |   target  | Count| Pipelined|
        +---------------------+---------+---------+----------+-----------+-----------+------+----------+
        |- realfft_be_buffer  |      511|      511|         1|          1|          1|   512|       yes|
        +---------------------+---------+---------+----------+-----------+-----------+------+----------+



================================================================
== Utilization Estimates
================================================================
* Summary: 
+-----------------+---------+-----+--------+-------+-----+
|       Name      | BRAM_18K| DSP |   FF   |  LUT  | URAM|
+-----------------+---------+-----+--------+-------+-----+
|DSP              |        -|    -|       -|      -|    -|
|Expression       |        -|    -|       0|     29|    -|
|FIFO             |        -|    -|       -|      -|    -|
|Instance         |        -|    -|       -|      -|    -|
|Memory           |        -|    -|       -|      -|    -|
|Multiplexer      |        -|    -|       -|     41|    -|
|Register         |        -|    -|      12|      -|    -|
+-----------------+---------+-----+--------+-------+-----+
|Total            |        0|    0|      12|     70|    0|
+-----------------+---------+-----+--------+-------+-----+
|Available        |      280|  220|  106400|  53200|    0|
+-----------------+---------+-----+--------+-------+-----+
|Utilization (%)  |        0|    0|      ~0|     ~0|    0|
+-----------------+---------+-----+--------+-------+-----+

+ Detail: 
    * Instance: 
    N/A

    * DSP: 
    N/A

    * Memory: 
    N/A

    * FIFO: 
    N/A

    * Expression: 
    +---------------------+----------+----+---+----+------------+------------+
    |    Variable Name    | Operation| DSP| FF| LUT| Bitwidth P0| Bitwidth P1|
    +---------------------+----------+----+---+----+------------+------------+
    |i_fu_128_p2          |         +|   0|  0|  14|           9|           1|
    |icmp_ln80_fu_178_p2  |      icmp|   0|  0|  11|           9|           2|
    |ap_block_state1      |        or|   0|  0|   2|           1|           1|
    |ap_block_state2      |        or|   0|  0|   2|           1|           1|
    +---------------------+----------+----+---+----+------------+------------+
    |Total                |          |   0|  0|  29|          20|           5|
    +---------------------+----------+----+---+----+------------+------------+

    * Multiplexer: 
    +-------------------+----+-----------+-----+-----------+
    |        Name       | LUT| Input Size| Bits| Total Bits|
    +-------------------+----+-----------+-----+-----------+
    |ap_NS_fsm          |  14|          3|    1|          3|
    |ap_done            |   9|          2|    1|          2|
    |din_V_TDATA_blk_n  |   9|          2|    1|          2|
    |i_221_reg_114      |   9|          2|    9|         18|
    +-------------------+----+-----------+-----+-----------+
    |Total              |  41|          9|   12|         25|
    +-------------------+----+-----------+-----+-----------+

    * Register: 
    +---------------+---+----+-----+-----------+
    |      Name     | FF| LUT| Bits| Const Bits|
    +---------------+---+----+-----+-----------+
    |ap_CS_fsm      |  2|   0|    2|          0|
    |ap_done_reg    |  1|   0|    1|          0|
    |i_221_reg_114  |  9|   0|    9|          0|
    +---------------+---+----+-----+-----------+
    |Total          | 12|   0|   12|          0|
    +---------------+---+----+-----+-----------+



================================================================
== Interface
================================================================
* Summary: 
+------------------------------------+-----+-----+------------+------------------------------+--------------+
|              RTL Ports             | Dir | Bits|  Protocol  |         Source Object        |    C Type    |
+------------------------------------+-----+-----+------------+------------------------------+--------------+
|ap_clk                              |   in|    1|  ap_ctrl_hs|  Loop_realfft_be_buffer_proc3|  return value|
|ap_rst                              |   in|    1|  ap_ctrl_hs|  Loop_realfft_be_buffer_proc3|  return value|
|ap_start                            |   in|    1|  ap_ctrl_hs|  Loop_realfft_be_buffer_proc3|  return value|
|ap_done                             |  out|    1|  ap_ctrl_hs|  Loop_realfft_be_buffer_proc3|  return value|
|ap_continue                         |   in|    1|  ap_ctrl_hs|  Loop_realfft_be_buffer_proc3|  return value|
|ap_idle                             |  out|    1|  ap_ctrl_hs|  Loop_realfft_be_buffer_proc3|  return value|
|ap_ready                            |  out|    1|  ap_ctrl_hs|  Loop_realfft_be_buffer_proc3|  return value|
|descramble_buf_0_M_imag_V_address0  |  out|    8|   ap_memory|     descramble_buf_0_M_imag_V|         array|
|descramble_buf_0_M_imag_V_ce0       |  out|    1|   ap_memory|     descramble_buf_0_M_imag_V|         array|
|descramble_buf_0_M_imag_V_we0       |  out|    1|   ap_memory|     descramble_buf_0_M_imag_V|         array|
|descramble_buf_0_M_imag_V_d0        |  out|   16|   ap_memory|     descramble_buf_0_M_imag_V|         array|
|descramble_buf_1_M_imag_V_address0  |  out|    8|   ap_memory|     descramble_buf_1_M_imag_V|         array|
|descramble_buf_1_M_imag_V_ce0       |  out|    1|   ap_memory|     descramble_buf_1_M_imag_V|         array|
|descramble_buf_1_M_imag_V_we0       |  out|    1|   ap_memory|     descramble_buf_1_M_imag_V|         array|
|descramble_buf_1_M_imag_V_d0        |  out|   16|   ap_memory|     descramble_buf_1_M_imag_V|         array|
|din_V_TDATA                         |   in|   48|        axis|                         din_V|       pointer|
|din_V_TVALID                        |   in|    1|        axis|                         din_V|       pointer|
|din_V_TREADY                        |  out|    1|        axis|                         din_V|       pointer|
|descramble_buf_0_M_real_V_address0  |  out|    8|   ap_memory|     descramble_buf_0_M_real_V|         array|
|descramble_buf_0_M_real_V_ce0       |  out|    1|   ap_memory|     descramble_buf_0_M_real_V|         array|
|descramble_buf_0_M_real_V_we0       |  out|    1|   ap_memory|     descramble_buf_0_M_real_V|         array|
|descramble_buf_0_M_real_V_d0        |  out|   16|   ap_memory|     descramble_buf_0_M_real_V|         array|
|descramble_buf_1_M_real_V_address0  |  out|    8|   ap_memory|     descramble_buf_1_M_real_V|         array|
|descramble_buf_1_M_real_V_ce0       |  out|    1|   ap_memory|     descramble_buf_1_M_real_V|         array|
|descramble_buf_1_M_real_V_we0       |  out|    1|   ap_memory|     descramble_buf_1_M_real_V|         array|
|descramble_buf_1_M_real_V_d0        |  out|   16|   ap_memory|     descramble_buf_1_M_real_V|         array|
+------------------------------------+-----+-----+------------+------------------------------+--------------+

