

================================================================
== Vivado HLS Report for 'Loop_real2xfft_outpu'
================================================================
* Date:           Sun Oct 17 00:24:33 2021

* Version:        2020.1 (Build 2897737 on Wed May 27 20:21:37 MDT 2020)
* Project:        fe_vhls_prj
* Solution:       solution1
* Product family: zynq
* Target device:  xc7z020-clg400-1


================================================================
== Performance Estimates
================================================================
+ Timing: 
    * Summary: 
    +--------+---------+----------+------------+
    |  Clock |  Target | Estimated| Uncertainty|
    +--------+---------+----------+------------+
    |ap_clk  | 4.00 ns | 1.770 ns |   0.50 ns  |
    +--------+---------+----------+------------+

+ Latency: 
    * Summary: 
    +---------+---------+----------+----------+-----+-----+---------------------------------------------+
    |  Latency (cycles) |  Latency (absolute) |  Interval |                   Pipeline                  |
    |   min   |   max   |    min   |    max   | min | max |                     Type                    |
    +---------+---------+----------+----------+-----+-----+---------------------------------------------+
    |      512|      513| 2.048 us | 2.052 us |  512|  512| loop rewind(delay=0 initiation interval(s)) |
    +---------+---------+----------+----------+-----+-----+---------------------------------------------+

    + Detail: 
        * Instance: 
        N/A

        * Loop: 
        +--------------------+---------+---------+----------+-----------+-----------+------+----------+
        |                    |  Latency (cycles) | Iteration|  Initiation Interval  | Trip |          |
        |      Loop Name     |   min   |   max   |  Latency |  achieved |   target  | Count| Pipelined|
        +--------------------+---------+---------+----------+-----------+-----------+------+----------+
        |- real2xfft_output  |      512|      512|         2|          1|          1|   512|    yes   |
        +--------------------+---------+---------+----------+-----------+-----------+------+----------+

============================================================
+ Verbose Summary: Synthesis Manager
============================================================
InlineROM: 1
ExposeGlobal: 0
============================================================
+ Verbose Summary: CDFG Model
============================================================
IsTopModel: 0
ResetActiveHigh: 1
IsCombinational: 2
IsDatapathOnly: 0
HasWiredReturn: 1
HasMFsm: 0
HasVarLatency: 1
IsPipeline: 0
IsRtlPipelined: 0
IsInstanceOverlapped: 0
IsDontTouch: 0
HasImplIP: 0
IsGatedGlobalClock: 0

+ Individual pipeline summary: 
  * Pipeline-0: initiation interval (II) = 1, depth = 2


============================================================
+ Verbose Summary: Schedule
============================================================
* Number of FSM states : 3
* Pipeline : 1
  Pipeline-0 : II = 1, D = 2, States = { 2 3 }
* Dataflow Pipeline: 0

* FSM state transitions: 
1 --> 2 
2 --> 3 
3 --> 2 

* FSM state operations: 

State 1 <SV = 0> <Delay = 1.76>
ST_1 : Operation 4 [1/1] (0.00ns)   --->   "call void (...)* @_ssdm_op_SpecInterface(i1* %dout_V_last_V, i32* %dout_V_data, [5 x i8]* @p_str, i32 1, i32 1, [5 x i8]* @p_str1, i32 0, i32 0, [1 x i8]* @p_str2, [1 x i8]* @p_str2, [1 x i8]* @p_str2, i32 0, i32 0, i32 0, i32 0, [1 x i8]* @p_str2, [1 x i8]* @p_str2)"   --->   Operation 4 'specinterface' <Predicate = true> <Delay = 0.00>
ST_1 : Operation 5 [1/1] (0.00ns)   --->   "call void (...)* @_ssdm_op_SpecInterface(i16* %windowed_1, [8 x i8]* @ap_fifo_str, i32 0, i32 0, [1 x i8]* @p_str183, i32 0, i32 0, [1 x i8]* @p_str184, [1 x i8]* @p_str185, [1 x i8]* @p_str186, i32 2, i32 2, i32 16, i32 16, [1 x i8]* @p_str187, [1 x i8]* @p_str188)"   --->   Operation 5 'specinterface' <Predicate = true> <Delay = 0.00>
ST_1 : Operation 6 [1/1] (0.00ns)   --->   "call void (...)* @_ssdm_op_SpecInterface(i16* %windowed_0, [8 x i8]* @ap_fifo_str, i32 0, i32 0, [1 x i8]* @p_str177, i32 0, i32 0, [1 x i8]* @p_str178, [1 x i8]* @p_str179, [1 x i8]* @p_str180, i32 2, i32 2, i32 16, i32 16, [1 x i8]* @p_str181, [1 x i8]* @p_str182)"   --->   Operation 6 'specinterface' <Predicate = true> <Delay = 0.00>
ST_1 : Operation 7 [1/1] (1.76ns)   --->   "br label %rewind_header" [real2xfft.cpp:77]   --->   Operation 7 'br' <Predicate = true> <Delay = 1.76>

State 2 <SV = 1> <Delay = 1.77>
ST_2 : Operation 8 [1/1] (0.00ns)   --->   "%do_init = phi i1 [ true, %newFuncRoot ], [ false, %real2xfft_output ], [ true, %.exitStub ]"   --->   Operation 8 'phi' 'do_init' <Predicate = true> <Delay = 0.00>
ST_2 : Operation 9 [1/1] (0.00ns)   --->   "%i_01 = phi i10 [ 0, %newFuncRoot ], [ %trunc_ln77, %real2xfft_output ], [ 0, %.exitStub ]" [real2xfft.cpp:77]   --->   Operation 9 'phi' 'i_01' <Predicate = true> <Delay = 0.00>
ST_2 : Operation 10 [1/1] (0.00ns)   --->   "br i1 %do_init, label %rewind_init, label %real2xfft_output"   --->   Operation 10 'br' <Predicate = true> <Delay = 0.00>
ST_2 : Operation 11 [1/1] (0.00ns)   --->   "%i_01_cast = zext i10 %i_01 to i11" [real2xfft.cpp:77]   --->   Operation 11 'zext' 'i_01_cast' <Predicate = true> <Delay = 0.00>
ST_2 : Operation 12 [1/1] (1.00ns)   --->   "%tmp_data_M_real_V = call i16 @_ssdm_op_Read.ap_fifo.volatile.i16P(i16* %windowed_0)" [real2xfft.cpp:79]   --->   Operation 12 'read' 'tmp_data_M_real_V' <Predicate = true> <Delay = 1.00> <Core = "FSL">   --->   Core 4 'FSL' <Latency = 0> <II = 1> <Delay = 1.00> <Adapter> <Opcode : 'read' 'write' 'nbread' 'nbwrite'>
ST_2 : Operation 13 [1/1] (1.00ns)   --->   "%tmp_data_M_imag_V = call i16 @_ssdm_op_Read.ap_fifo.volatile.i16P(i16* %windowed_1)" [real2xfft.cpp:79]   --->   Operation 13 'read' 'tmp_data_M_imag_V' <Predicate = true> <Delay = 1.00> <Core = "FSL">   --->   Core 4 'FSL' <Latency = 0> <II = 1> <Delay = 1.00> <Adapter> <Opcode : 'read' 'write' 'nbread' 'nbwrite'>
ST_2 : Operation 14 [1/1] (1.77ns)   --->   "%tmp_last_V = icmp eq i10 %i_01, -2" [real2xfft.cpp:82]   --->   Operation 14 'icmp' 'tmp_last_V' <Predicate = true> <Delay = 1.77> <Core = "Cmp">   --->   Core 25 'Cmp' <Latency = 0> <II = 1> <Delay = 1.77> <FuncUnit> <Opcode : 'icmp'> <InPorts = 2> <OutPorts = 1>
ST_2 : Operation 15 [1/1] (0.00ns)   --->   "%tmp_data = call i32 @_ssdm_op_BitConcatenate.i32.i16.i16(i16 %tmp_data_M_imag_V, i16 %tmp_data_M_real_V)" [real2xfft.cpp:83]   --->   Operation 15 'bitconcatenate' 'tmp_data' <Predicate = true> <Delay = 0.00>
ST_2 : Operation 16 [2/2] (0.00ns)   --->   "call void @_ssdm_op_Write.axis.volatile.i32P.i1P(i32* %dout_V_data, i1* %dout_V_last_V, i32 %tmp_data, i1 %tmp_last_V)" [real2xfft.cpp:83]   --->   Operation 16 'write' <Predicate = true> <Delay = 0.00> <Core = "AXI4Stream">   --->   Core 5 'AXI4Stream' <Latency = 0> <II = 1> <Delay = 1.00> <Adapter> <Opcode : >
ST_2 : Operation 17 [1/1] (1.73ns)   --->   "%i = add i11 2, %i_01_cast" [real2xfft.cpp:77]   --->   Operation 17 'add' 'i' <Predicate = true> <Delay = 1.73> <Core = "AddSub">   --->   Core 14 'AddSub' <Latency = 0> <II = 1> <Delay = 1.73> <FuncUnit> <Opcode : 'add' 'sub'> <InPorts = 2> <OutPorts = 1>
ST_2 : Operation 18 [1/1] (0.00ns)   --->   "%trunc_ln77 = trunc i11 %i to i10" [real2xfft.cpp:77]   --->   Operation 18 'trunc' 'trunc_ln77' <Predicate = true> <Delay = 0.00>
ST_2 : Operation 19 [1/1] (0.00ns)   --->   "%tmp = call i1 @_ssdm_op_BitSelect.i1.i11.i32(i11 %i, i32 10)" [real2xfft.cpp:77]   --->   Operation 19 'bitselect' 'tmp' <Predicate = true> <Delay = 0.00>
ST_2 : Operation 20 [1/1] (0.00ns)   --->   "br i1 %tmp, label %.exitStub, label %rewind_header" [real2xfft.cpp:77]   --->   Operation 20 'br' <Predicate = true> <Delay = 0.00>
ST_2 : Operation 21 [1/1] (0.00ns)   --->   "br label %rewind_header"   --->   Operation 21 'br' <Predicate = (tmp)> <Delay = 0.00>

State 3 <SV = 2> <Delay = 0.00>
ST_3 : Operation 22 [1/1] (0.00ns)   --->   "br label %real2xfft_output" [real2xfft.cpp:77]   --->   Operation 22 'br' <Predicate = (do_init)> <Delay = 0.00>
ST_3 : Operation 23 [1/1] (0.00ns)   --->   "call void (...)* @_ssdm_op_SpecLoopName([17 x i8]* @p_str4) nounwind" [real2xfft.cpp:77]   --->   Operation 23 'specloopname' <Predicate = true> <Delay = 0.00>
ST_3 : Operation 24 [1/1] (0.00ns)   --->   "%tmp_2 = call i32 (...)* @_ssdm_op_SpecRegionBegin([17 x i8]* @p_str4)" [real2xfft.cpp:77]   --->   Operation 24 'specregionbegin' 'tmp_2' <Predicate = true> <Delay = 0.00>
ST_3 : Operation 25 [1/1] (0.00ns)   --->   "call void (...)* @_ssdm_op_SpecPipeline(i32 -1, i32 1, i32 1, i32 0, [1 x i8]* @p_str2) nounwind" [real2xfft.cpp:78]   --->   Operation 25 'specpipeline' <Predicate = true> <Delay = 0.00>
ST_3 : Operation 26 [1/2] (0.00ns)   --->   "call void @_ssdm_op_Write.axis.volatile.i32P.i1P(i32* %dout_V_data, i1* %dout_V_last_V, i32 %tmp_data, i1 %tmp_last_V)" [real2xfft.cpp:83]   --->   Operation 26 'write' <Predicate = true> <Delay = 0.00> <Core = "AXI4Stream">   --->   Core 5 'AXI4Stream' <Latency = 0> <II = 1> <Delay = 1.00> <Adapter> <Opcode : >
ST_3 : Operation 27 [1/1] (0.00ns)   --->   "%empty = call i32 (...)* @_ssdm_op_SpecRegionEnd([17 x i8]* @p_str4, i32 %tmp_2)" [real2xfft.cpp:84]   --->   Operation 27 'specregionend' 'empty' <Predicate = true> <Delay = 0.00>
ST_3 : Operation 28 [1/1] (0.00ns)   --->   "%empty_38 = call i32 (...)* @_ssdm_op_SpecLoopTripCount(i64 512, i64 512, i64 512)"   --->   Operation 28 'speclooptripcount' 'empty_38' <Predicate = true> <Delay = 0.00>
ST_3 : Operation 29 [1/1] (0.00ns)   --->   "call void (...)* @_ssdm_op_Return()"   --->   Operation 29 'return' <Predicate = (tmp)> <Delay = 0.00>


============================================================
+ Verbose Summary: Binding
============================================================
STG Binding: 
---------------- STG Properties BEGIN ----------------
- Is combinational: 0
- Is one-state seq: 0
- Is datapath-only: 0
- Is pipelined: 0
- Is top level: 0
Port [ Return ] is wired: 1; IO mode=ap_ctrl_hs:ce=0
Port [ windowed_0]:  wired=1; compound=1; hidden=0; nouse=0; global=0; static=0; extern=0; dir=0; type=3; pingpong=0; private_global=0; IO mode=ap_fifo:ce=0
Port [ windowed_1]:  wired=1; compound=1; hidden=0; nouse=0; global=0; static=0; extern=0; dir=0; type=3; pingpong=0; private_global=0; IO mode=ap_fifo:ce=0
Port [ dout_V_data]:  wired=1; compound=1; hidden=0; nouse=0; global=0; static=0; extern=0; dir=1; type=0; pingpong=0; private_global=0; IO mode=axis:ce=0
Port [ dout_V_last_V]:  wired=1; compound=1; hidden=0; nouse=0; global=0; static=0; extern=0; dir=1; type=0; pingpong=0; private_global=0; IO mode=axis:ce=0
---------------- STG Properties END ------------------

---------------- Datapath Model BEGIN ----------------

<LifeTime>
<method=bitvector/>
specinterface_ln0 (specinterface    ) [ 0000]
specinterface_ln0 (specinterface    ) [ 0000]
specinterface_ln0 (specinterface    ) [ 0000]
br_ln77           (br               ) [ 0111]
do_init           (phi              ) [ 0011]
i_01              (phi              ) [ 0011]
br_ln0            (br               ) [ 0000]
i_01_cast         (zext             ) [ 0000]
tmp_data_M_real_V (read             ) [ 0000]
tmp_data_M_imag_V (read             ) [ 0000]
tmp_last_V        (icmp             ) [ 0011]
tmp_data          (bitconcatenate   ) [ 0011]
i                 (add              ) [ 0000]
trunc_ln77        (trunc            ) [ 0111]
tmp               (bitselect        ) [ 0011]
br_ln77           (br               ) [ 0111]
br_ln0            (br               ) [ 0111]
br_ln77           (br               ) [ 0000]
specloopname_ln77 (specloopname     ) [ 0000]
tmp_2             (specregionbegin  ) [ 0000]
specpipeline_ln78 (specpipeline     ) [ 0000]
write_ln83        (write            ) [ 0000]
empty             (specregionend    ) [ 0000]
empty_38          (speclooptripcount) [ 0000]
return_ln0        (return           ) [ 0000]
</LifeTime>

<model>

<comp_list>
<comp id="0" class="1000" name="windowed_0">
<pin_list>
<pin id="1" dir="1" index="0" bw="1" slack="0"/>
</pin_list>
<bind>
<StgValue><ssdm name="windowed_0"/></StgValue>
</bind>
</comp>

<comp id="2" class="1000" name="windowed_1">
<pin_list>
<pin id="3" dir="1" index="0" bw="1" slack="0"/>
</pin_list>
<bind>
<StgValue><ssdm name="windowed_1"/></StgValue>
</bind>
</comp>

<comp id="4" class="1000" name="dout_V_data">
<pin_list>
<pin id="5" dir="1" index="0" bw="1" slack="0"/>
</pin_list>
<bind>
<StgValue><ssdm name="dout_V_data"/></StgValue>
</bind>
</comp>

<comp id="6" class="1000" name="dout_V_last_V">
<pin_list>
<pin id="7" dir="1" index="0" bw="1" slack="0"/>
</pin_list>
<bind>
<StgValue><ssdm name="dout_V_last_V"/></StgValue>
</bind>
</comp>

<comp id="8" class="1001" name="const_8">
<pin_list>
<pin id="9" dir="1" index="0" bw="1" slack="2147483647"/>
</pin_list>
<bind>
<StgValue><ssdm name="_ssdm_op_SpecInterface"/></StgValue>
</bind>
</comp>

<comp id="10" class="1001" name="const_10">
<pin_list>
<pin id="11" dir="1" index="0" bw="1" slack="2147483647"/>
</pin_list>
<bind>
<StgValue><ssdm name="p_str"/></StgValue>
</bind>
</comp>

<comp id="12" class="1001" name="const_12">
<pin_list>
<pin id="13" dir="1" index="0" bw="1" slack="2147483647"/>
</pin_list>
<bind>
<StgValue><ssdm name=""/></StgValue>
</bind>
</comp>

<comp id="14" class="1001" name="const_14">
<pin_list>
<pin id="15" dir="1" index="0" bw="1" slack="2147483647"/>
</pin_list>
<bind>
<StgValue><ssdm name="p_str1"/></StgValue>
</bind>
</comp>

<comp id="16" class="1001" name="const_16">
<pin_list>
<pin id="17" dir="1" index="0" bw="1" slack="2147483647"/>
</pin_list>
<bind>
<StgValue><ssdm name=""/></StgValue>
</bind>
</comp>

<comp id="18" class="1001" name="const_18">
<pin_list>
<pin id="19" dir="1" index="0" bw="1" slack="2147483647"/>
</pin_list>
<bind>
<StgValue><ssdm name="p_str2"/></StgValue>
</bind>
</comp>

<comp id="20" class="1001" name="const_20">
<pin_list>
<pin id="21" dir="1" index="0" bw="1" slack="2147483647"/>
</pin_list>
<bind>
<StgValue><ssdm name="ap_fifo_str"/></StgValue>
</bind>
</comp>

<comp id="22" class="1001" name="const_22">
<pin_list>
<pin id="23" dir="1" index="0" bw="1" slack="2147483647"/>
</pin_list>
<bind>
<StgValue><ssdm name="p_str183"/></StgValue>
</bind>
</comp>

<comp id="24" class="1001" name="const_24">
<pin_list>
<pin id="25" dir="1" index="0" bw="1" slack="2147483647"/>
</pin_list>
<bind>
<StgValue><ssdm name="p_str184"/></StgValue>
</bind>
</comp>

<comp id="26" class="1001" name="const_26">
<pin_list>
<pin id="27" dir="1" index="0" bw="1" slack="2147483647"/>
</pin_list>
<bind>
<StgValue><ssdm name="p_str185"/></StgValue>
</bind>
</comp>

<comp id="28" class="1001" name="const_28">
<pin_list>
<pin id="29" dir="1" index="0" bw="1" slack="2147483647"/>
</pin_list>
<bind>
<StgValue><ssdm name="p_str186"/></StgValue>
</bind>
</comp>

<comp id="30" class="1001" name="const_30">
<pin_list>
<pin id="31" dir="1" index="0" bw="1" slack="2147483647"/>
</pin_list>
<bind>
<StgValue><ssdm name=""/></StgValue>
</bind>
</comp>

<comp id="32" class="1001" name="const_32">
<pin_list>
<pin id="33" dir="1" index="0" bw="1" slack="2147483647"/>
</pin_list>
<bind>
<StgValue><ssdm name=""/></StgValue>
</bind>
</comp>

<comp id="34" class="1001" name="const_34">
<pin_list>
<pin id="35" dir="1" index="0" bw="1" slack="2147483647"/>
</pin_list>
<bind>
<StgValue><ssdm name="p_str187"/></StgValue>
</bind>
</comp>

<comp id="36" class="1001" name="const_36">
<pin_list>
<pin id="37" dir="1" index="0" bw="1" slack="2147483647"/>
</pin_list>
<bind>
<StgValue><ssdm name="p_str188"/></StgValue>
</bind>
</comp>

<comp id="38" class="1001" name="const_38">
<pin_list>
<pin id="39" dir="1" index="0" bw="1" slack="2147483647"/>
</pin_list>
<bind>
<StgValue><ssdm name="p_str177"/></StgValue>
</bind>
</comp>

<comp id="40" class="1001" name="const_40">
<pin_list>
<pin id="41" dir="1" index="0" bw="1" slack="2147483647"/>
</pin_list>
<bind>
<StgValue><ssdm name="p_str178"/></StgValue>
</bind>
</comp>

<comp id="42" class="1001" name="const_42">
<pin_list>
<pin id="43" dir="1" index="0" bw="1" slack="2147483647"/>
</pin_list>
<bind>
<StgValue><ssdm name="p_str179"/></StgValue>
</bind>
</comp>

<comp id="44" class="1001" name="const_44">
<pin_list>
<pin id="45" dir="1" index="0" bw="1" slack="2147483647"/>
</pin_list>
<bind>
<StgValue><ssdm name="p_str180"/></StgValue>
</bind>
</comp>

<comp id="46" class="1001" name="const_46">
<pin_list>
<pin id="47" dir="1" index="0" bw="1" slack="2147483647"/>
</pin_list>
<bind>
<StgValue><ssdm name="p_str181"/></StgValue>
</bind>
</comp>

<comp id="48" class="1001" name="const_48">
<pin_list>
<pin id="49" dir="1" index="0" bw="1" slack="2147483647"/>
</pin_list>
<bind>
<StgValue><ssdm name="p_str182"/></StgValue>
</bind>
</comp>

<comp id="50" class="1001" name="const_50">
<pin_list>
<pin id="51" dir="1" index="0" bw="1" slack="0"/>
</pin_list>
<bind>
<StgValue><ssdm name=""/></StgValue>
</bind>
</comp>

<comp id="52" class="1001" name="const_52">
<pin_list>
<pin id="53" dir="1" index="0" bw="1" slack="0"/>
</pin_list>
<bind>
<StgValue><ssdm name=""/></StgValue>
</bind>
</comp>

<comp id="54" class="1001" name="const_54">
<pin_list>
<pin id="55" dir="1" index="0" bw="1" slack="0"/>
</pin_list>
<bind>
<StgValue><ssdm name=""/></StgValue>
</bind>
</comp>

<comp id="56" class="1001" name="const_56">
<pin_list>
<pin id="57" dir="1" index="0" bw="1" slack="0"/>
</pin_list>
<bind>
<StgValue><ssdm name="_ssdm_op_Read.ap_fifo.volatile.i16P"/></StgValue>
</bind>
</comp>

<comp id="58" class="1001" name="const_58">
<pin_list>
<pin id="59" dir="1" index="0" bw="1" slack="0"/>
</pin_list>
<bind>
<StgValue><ssdm name=""/></StgValue>
</bind>
</comp>

<comp id="60" class="1001" name="const_60">
<pin_list>
<pin id="61" dir="1" index="0" bw="1" slack="0"/>
</pin_list>
<bind>
<StgValue><ssdm name="_ssdm_op_BitConcatenate.i32.i16.i16"/></StgValue>
</bind>
</comp>

<comp id="62" class="1001" name="const_62">
<pin_list>
<pin id="63" dir="1" index="0" bw="1" slack="0"/>
</pin_list>
<bind>
<StgValue><ssdm name="_ssdm_op_Write.axis.volatile.i32P.i1P"/></StgValue>
</bind>
</comp>

<comp id="64" class="1001" name="const_64">
<pin_list>
<pin id="65" dir="1" index="0" bw="1" slack="0"/>
</pin_list>
<bind>
<StgValue><ssdm name=""/></StgValue>
</bind>
</comp>

<comp id="66" class="1001" name="const_66">
<pin_list>
<pin id="67" dir="1" index="0" bw="1" slack="0"/>
</pin_list>
<bind>
<StgValue><ssdm name="_ssdm_op_BitSelect.i1.i11.i32"/></StgValue>
</bind>
</comp>

<comp id="68" class="1001" name="const_68">
<pin_list>
<pin id="69" dir="1" index="0" bw="1" slack="0"/>
</pin_list>
<bind>
<StgValue><ssdm name=""/></StgValue>
</bind>
</comp>

<comp id="70" class="1001" name="const_70">
<pin_list>
<pin id="71" dir="1" index="0" bw="1" slack="2147483647"/>
</pin_list>
<bind>
<StgValue><ssdm name="_ssdm_op_SpecLoopName"/></StgValue>
</bind>
</comp>

<comp id="72" class="1001" name="const_72">
<pin_list>
<pin id="73" dir="1" index="0" bw="1" slack="2147483647"/>
</pin_list>
<bind>
<StgValue><ssdm name="p_str4"/></StgValue>
</bind>
</comp>

<comp id="74" class="1001" name="const_74">
<pin_list>
<pin id="75" dir="1" index="0" bw="1" slack="2147483647"/>
</pin_list>
<bind>
<StgValue><ssdm name="_ssdm_op_SpecRegionBegin"/></StgValue>
</bind>
</comp>

<comp id="76" class="1001" name="const_76">
<pin_list>
<pin id="77" dir="1" index="0" bw="1" slack="2147483647"/>
</pin_list>
<bind>
<StgValue><ssdm name="_ssdm_op_SpecPipeline"/></StgValue>
</bind>
</comp>

<comp id="78" class="1001" name="const_78">
<pin_list>
<pin id="79" dir="1" index="0" bw="1" slack="2147483647"/>
</pin_list>
<bind>
<StgValue><ssdm name=""/></StgValue>
</bind>
</comp>

<comp id="80" class="1001" name="const_80">
<pin_list>
<pin id="81" dir="1" index="0" bw="1" slack="2147483647"/>
</pin_list>
<bind>
<StgValue><ssdm name="_ssdm_op_SpecRegionEnd"/></StgValue>
</bind>
</comp>

<comp id="82" class="1001" name="const_82">
<pin_list>
<pin id="83" dir="1" index="0" bw="1" slack="2147483647"/>
</pin_list>
<bind>
<StgValue><ssdm name="_ssdm_op_SpecLoopTripCount"/></StgValue>
</bind>
</comp>

<comp id="84" class="1001" name="const_84">
<pin_list>
<pin id="85" dir="1" index="0" bw="1" slack="2147483647"/>
</pin_list>
<bind>
<StgValue><ssdm name=""/></StgValue>
</bind>
</comp>

<comp id="86" class="1004" name="tmp_data_M_real_V_read_fu_86">
<pin_list>
<pin id="87" dir="0" index="0" bw="16" slack="0"/>
<pin id="88" dir="0" index="1" bw="16" slack="0"/>
<pin id="89" dir="1" index="2" bw="16" slack="0"/>
</pin_list>
<bind>
<opcode="read(1150) " fcode="read"/>
<opset="tmp_data_M_real_V/2 "/>
</bind>
</comp>

<comp id="92" class="1004" name="tmp_data_M_imag_V_read_fu_92">
<pin_list>
<pin id="93" dir="0" index="0" bw="16" slack="0"/>
<pin id="94" dir="0" index="1" bw="16" slack="0"/>
<pin id="95" dir="1" index="2" bw="16" slack="0"/>
</pin_list>
<bind>
<opcode="read(1150) " fcode="read"/>
<opset="tmp_data_M_imag_V/2 "/>
</bind>
</comp>

<comp id="98" class="1004" name="grp_write_fu_98">
<pin_list>
<pin id="99" dir="0" index="0" bw="0" slack="0"/>
<pin id="100" dir="0" index="1" bw="32" slack="0"/>
<pin id="101" dir="0" index="2" bw="1" slack="0"/>
<pin id="102" dir="0" index="3" bw="32" slack="0"/>
<pin id="103" dir="0" index="4" bw="1" slack="0"/>
<pin id="104" dir="1" index="5" bw="0" slack="2147483647"/>
</pin_list>
<bind>
<opcode="write(1151) " fcode="write"/>
<opset="write_ln83/2 "/>
</bind>
</comp>

<comp id="108" class="1005" name="do_init_reg_108">
<pin_list>
<pin id="109" dir="0" index="0" bw="1" slack="1"/>
<pin id="110" dir="1" index="1" bw="1" slack="1"/>
</pin_list>
<bind>
<opset="do_init (phireg) "/>
</bind>
</comp>

<comp id="112" class="1004" name="do_init_phi_fu_112">
<pin_list>
<pin id="113" dir="0" index="0" bw="1" slack="1"/>
<pin id="114" dir="0" index="1" bw="0" slack="2147483647"/>
<pin id="115" dir="0" index="2" bw="1" slack="0"/>
<pin id="116" dir="0" index="3" bw="0" slack="2147483647"/>
<pin id="117" dir="0" index="4" bw="1" slack="0"/>
<pin id="118" dir="0" index="5" bw="0" slack="2147483647"/>
<pin id="119" dir="1" index="6" bw="1" slack="1"/>
</pin_list>
<bind>
<opcode="phi(47) " fcode="phi"/>
<opset="do_init/2 "/>
</bind>
</comp>

<comp id="124" class="1005" name="i_01_reg_124">
<pin_list>
<pin id="125" dir="0" index="0" bw="10" slack="1"/>
<pin id="126" dir="1" index="1" bw="10" slack="1"/>
</pin_list>
<bind>
<opset="i_01 (phireg) "/>
</bind>
</comp>

<comp id="128" class="1004" name="i_01_phi_fu_128">
<pin_list>
<pin id="129" dir="0" index="0" bw="1" slack="1"/>
<pin id="130" dir="0" index="1" bw="0" slack="2147483647"/>
<pin id="131" dir="0" index="2" bw="10" slack="0"/>
<pin id="132" dir="0" index="3" bw="0" slack="2147483647"/>
<pin id="133" dir="0" index="4" bw="1" slack="0"/>
<pin id="134" dir="0" index="5" bw="0" slack="2147483647"/>
<pin id="135" dir="1" index="6" bw="10" slack="0"/>
</pin_list>
<bind>
<opcode="phi(47) " fcode="phi"/>
<opset="i_01/2 "/>
</bind>
</comp>

<comp id="138" class="1004" name="i_01_cast_fu_138">
<pin_list>
<pin id="139" dir="0" index="0" bw="10" slack="0"/>
<pin id="140" dir="1" index="1" bw="11" slack="0"/>
</pin_list>
<bind>
<opcode="zext(34) " fcode="zext"/>
<opset="i_01_cast/2 "/>
</bind>
</comp>

<comp id="142" class="1004" name="tmp_last_V_fu_142">
<pin_list>
<pin id="143" dir="0" index="0" bw="10" slack="0"/>
<pin id="144" dir="0" index="1" bw="2" slack="0"/>
<pin id="145" dir="1" index="2" bw="1" slack="0"/>
</pin_list>
<bind>
<opcode="icmp(45) " fcode="icmp"/>
<opset="tmp_last_V/2 "/>
</bind>
</comp>

<comp id="149" class="1004" name="tmp_data_fu_149">
<pin_list>
<pin id="150" dir="0" index="0" bw="32" slack="0"/>
<pin id="151" dir="0" index="1" bw="16" slack="0"/>
<pin id="152" dir="0" index="2" bw="16" slack="0"/>
<pin id="153" dir="1" index="3" bw="32" slack="0"/>
</pin_list>
<bind>
<opcode="bitconcatenate(1004) " fcode="bitconcatenate"/>
<opset="tmp_data/2 "/>
</bind>
</comp>

<comp id="158" class="1004" name="i_fu_158">
<pin_list>
<pin id="159" dir="0" index="0" bw="3" slack="0"/>
<pin id="160" dir="0" index="1" bw="10" slack="0"/>
<pin id="161" dir="1" index="2" bw="11" slack="0"/>
</pin_list>
<bind>
<opcode="add(8) " fcode="add"/>
<opset="i/2 "/>
</bind>
</comp>

<comp id="164" class="1004" name="trunc_ln77_fu_164">
<pin_list>
<pin id="165" dir="0" index="0" bw="11" slack="0"/>
<pin id="166" dir="1" index="1" bw="10" slack="0"/>
</pin_list>
<bind>
<opcode="trunc(33) " fcode="trunc"/>
<opset="trunc_ln77/2 "/>
</bind>
</comp>

<comp id="168" class="1004" name="tmp_fu_168">
<pin_list>
<pin id="169" dir="0" index="0" bw="1" slack="0"/>
<pin id="170" dir="0" index="1" bw="11" slack="0"/>
<pin id="171" dir="0" index="2" bw="5" slack="0"/>
<pin id="172" dir="1" index="3" bw="1" slack="1"/>
</pin_list>
<bind>
<opcode="bitselect(1000) " fcode="bitselect"/>
<opset="tmp/2 "/>
</bind>
</comp>

<comp id="176" class="1004" name="return_ln0_fu_176">
<pin_list>
<pin id="177" dir="1" index="0" bw="0" slack="2147483647"/>
</pin_list>
<bind>
<opcode="return(1203) " fcode="return"/>
<opset="return_ln0/3 "/>
</bind>
</comp>

<comp id="178" class="1005" name="tmp_last_V_reg_178">
<pin_list>
<pin id="179" dir="0" index="0" bw="1" slack="1"/>
<pin id="180" dir="1" index="1" bw="1" slack="1"/>
</pin_list>
<bind>
<opset="tmp_last_V "/>
</bind>
</comp>

<comp id="183" class="1005" name="tmp_data_reg_183">
<pin_list>
<pin id="184" dir="0" index="0" bw="32" slack="1"/>
<pin id="185" dir="1" index="1" bw="32" slack="1"/>
</pin_list>
<bind>
<opset="tmp_data "/>
</bind>
</comp>

<comp id="188" class="1005" name="trunc_ln77_reg_188">
<pin_list>
<pin id="189" dir="0" index="0" bw="10" slack="0"/>
<pin id="190" dir="1" index="1" bw="10" slack="0"/>
</pin_list>
<bind>
<opset="trunc_ln77 "/>
</bind>
</comp>

<comp id="193" class="1005" name="tmp_reg_193">
<pin_list>
<pin id="194" dir="0" index="0" bw="1" slack="1"/>
<pin id="195" dir="1" index="1" bw="1" slack="2147483647"/>
</pin_list>
<bind>
<opset="tmp "/>
</bind>
</comp>

</comp_list>

<net_list>
<net id="90"><net_src comp="56" pin="0"/><net_sink comp="86" pin=0"/></net>

<net id="91"><net_src comp="0" pin="0"/><net_sink comp="86" pin=1"/></net>

<net id="96"><net_src comp="56" pin="0"/><net_sink comp="92" pin=0"/></net>

<net id="97"><net_src comp="2" pin="0"/><net_sink comp="92" pin=1"/></net>

<net id="105"><net_src comp="62" pin="0"/><net_sink comp="98" pin=0"/></net>

<net id="106"><net_src comp="4" pin="0"/><net_sink comp="98" pin=1"/></net>

<net id="107"><net_src comp="6" pin="0"/><net_sink comp="98" pin=2"/></net>

<net id="111"><net_src comp="50" pin="0"/><net_sink comp="108" pin=0"/></net>

<net id="120"><net_src comp="108" pin="1"/><net_sink comp="112" pin=0"/></net>

<net id="121"><net_src comp="52" pin="0"/><net_sink comp="112" pin=2"/></net>

<net id="122"><net_src comp="50" pin="0"/><net_sink comp="112" pin=4"/></net>

<net id="123"><net_src comp="112" pin="6"/><net_sink comp="108" pin=0"/></net>

<net id="127"><net_src comp="54" pin="0"/><net_sink comp="124" pin=0"/></net>

<net id="136"><net_src comp="124" pin="1"/><net_sink comp="128" pin=0"/></net>

<net id="137"><net_src comp="54" pin="0"/><net_sink comp="128" pin=4"/></net>

<net id="141"><net_src comp="128" pin="6"/><net_sink comp="138" pin=0"/></net>

<net id="146"><net_src comp="128" pin="6"/><net_sink comp="142" pin=0"/></net>

<net id="147"><net_src comp="58" pin="0"/><net_sink comp="142" pin=1"/></net>

<net id="148"><net_src comp="142" pin="2"/><net_sink comp="98" pin=4"/></net>

<net id="154"><net_src comp="60" pin="0"/><net_sink comp="149" pin=0"/></net>

<net id="155"><net_src comp="92" pin="2"/><net_sink comp="149" pin=1"/></net>

<net id="156"><net_src comp="86" pin="2"/><net_sink comp="149" pin=2"/></net>

<net id="157"><net_src comp="149" pin="3"/><net_sink comp="98" pin=3"/></net>

<net id="162"><net_src comp="64" pin="0"/><net_sink comp="158" pin=0"/></net>

<net id="163"><net_src comp="138" pin="1"/><net_sink comp="158" pin=1"/></net>

<net id="167"><net_src comp="158" pin="2"/><net_sink comp="164" pin=0"/></net>

<net id="173"><net_src comp="66" pin="0"/><net_sink comp="168" pin=0"/></net>

<net id="174"><net_src comp="158" pin="2"/><net_sink comp="168" pin=1"/></net>

<net id="175"><net_src comp="68" pin="0"/><net_sink comp="168" pin=2"/></net>

<net id="181"><net_src comp="142" pin="2"/><net_sink comp="178" pin=0"/></net>

<net id="182"><net_src comp="178" pin="1"/><net_sink comp="98" pin=4"/></net>

<net id="186"><net_src comp="149" pin="3"/><net_sink comp="183" pin=0"/></net>

<net id="187"><net_src comp="183" pin="1"/><net_sink comp="98" pin=3"/></net>

<net id="191"><net_src comp="164" pin="1"/><net_sink comp="188" pin=0"/></net>

<net id="192"><net_src comp="188" pin="1"/><net_sink comp="128" pin=2"/></net>

<net id="196"><net_src comp="168" pin="3"/><net_sink comp="193" pin=0"/></net>

</net_list>

</model> 
---------------- Datapath Model END ------------------

* FSMD analyzer results:
  - Output states:
	Port: dout_V_data | {3 }
	Port: dout_V_last_V | {3 }
 - Input state : 
	Port: Loop_real2xfft_outpu : windowed_0 | {2 }
	Port: Loop_real2xfft_outpu : windowed_1 | {2 }
  - Chain level:
	State 1
	State 2
		br_ln0 : 1
		i_01_cast : 1
		tmp_last_V : 1
		write_ln83 : 1
		i : 2
		trunc_ln77 : 3
		tmp : 3
		br_ln77 : 4
	State 3
		empty : 1


============================================================
+ Verbose Summary: Datapath Resource usage 
============================================================

* Functional unit list:
|----------|------------------------------|---------|---------|
| Operation|        Functional Unit       |    FF   |   LUT   |
|----------|------------------------------|---------|---------|
|    add   |           i_fu_158           |    0    |    14   |
|----------|------------------------------|---------|---------|
|   icmp   |       tmp_last_V_fu_142      |    0    |    13   |
|----------|------------------------------|---------|---------|
|   read   | tmp_data_M_real_V_read_fu_86 |    0    |    0    |
|          | tmp_data_M_imag_V_read_fu_92 |    0    |    0    |
|----------|------------------------------|---------|---------|
|   write  |        grp_write_fu_98       |    0    |    0    |
|----------|------------------------------|---------|---------|
|   zext   |       i_01_cast_fu_138       |    0    |    0    |
|----------|------------------------------|---------|---------|
|bitconcatenate|        tmp_data_fu_149       |    0    |    0    |
|----------|------------------------------|---------|---------|
|   trunc  |       trunc_ln77_fu_164      |    0    |    0    |
|----------|------------------------------|---------|---------|
| bitselect|          tmp_fu_168          |    0    |    0    |
|----------|------------------------------|---------|---------|
|  return  |       return_ln0_fu_176      |    0    |    0    |
|----------|------------------------------|---------|---------|
|   Total  |                              |    0    |    27   |
|----------|------------------------------|---------|---------|

Memories:
N/A

* Register list:
+------------------+--------+
|                  |   FF   |
+------------------+--------+
|  do_init_reg_108 |    1   |
|   i_01_reg_124   |   10   |
| tmp_data_reg_183 |   32   |
|tmp_last_V_reg_178|    1   |
|    tmp_reg_193   |    1   |
|trunc_ln77_reg_188|   10   |
+------------------+--------+
|       Total      |   55   |
+------------------+--------+

* Multiplexer (MUX) list: 
|-----------------|------|------|------|--------||---------||---------|
|       Comp      |  Pin | Size |  BW  | S x BW ||  Delay  ||   LUT   |
|-----------------|------|------|------|--------||---------||---------|
| grp_write_fu_98 |  p3  |   2  |  32  |   64   ||    9    |
| grp_write_fu_98 |  p4  |   2  |   1  |    2   ||    9    |
| do_init_reg_108 |  p0  |   2  |   1  |    2   ||    9    |
|-----------------|------|------|------|--------||---------||---------|
|      Total      |      |      |      |   68   ||  5.307  ||    27   |
|-----------------|------|------|------|--------||---------||---------|



* Summary:
+-----------+--------+--------+--------+
|           |  Delay |   FF   |   LUT  |
+-----------+--------+--------+--------+
|  Function |    -   |    0   |   27   |
|   Memory  |    -   |    -   |    -   |
|Multiplexer|    5   |    -   |   27   |
|  Register |    -   |   55   |    -   |
+-----------+--------+--------+--------+
|   Total   |    5   |   55   |   54   |
+-----------+--------+--------+--------+
