==============================================================
Vitis HLS - High-Level Synthesis from C, C++ and OpenCL v2020.2 (64-bit)
Copyright 1986-2020 Xilinx, Inc. All Rights Reserved.
==============================================================
INFO: [SYN 201-201] Setting up clock 'default' with a period of 10ns.
INFO: [HLS 200-10] Setting target device to 'xc7z020-clg400-1'
INFO: [HLS 200-1505] Using flow_target 'vivado'
INFO: [HLS 200-1510] Running: set_part xc7z020clg400-1 
INFO: [HLS 200-1510] Running: create_clock -period 10 -name default 
INFO: [SYN 201-201] Setting up clock 'default' with a period of 10ns.
INFO: [HLS 200-1510] Running: csim_design -quiet 
INFO: [SIM 211-2] *************** CSIM start ***************
INFO: [SIM 211-4] CSIM will launch GCC as the compiler.
INFO: [SIM 211-1] CSim done with 0 errors.
INFO: [SIM 211-3] *************** CSIM finish ***************
INFO: [HLS 200-111] Finished Command csim_design CPU user time: 1 seconds. CPU system time: 1 seconds. Elapsed time: 15.956 seconds; current allocated memory: 191.563 MB.
==============================================================
Vitis HLS - High-Level Synthesis from C, C++ and OpenCL v2020.2 (64-bit)
Copyright 1986-2020 Xilinx, Inc. All Rights Reserved.
==============================================================
INFO: [SYN 201-201] Setting up clock 'default' with a period of 10ns.
INFO: [HLS 200-10] Setting target device to 'xc7z020-clg400-1'
INFO: [HLS 200-1505] Using flow_target 'vivado'
INFO: [HLS 200-1510] Running: set_part xc7z020clg400-1 
INFO: [HLS 200-1510] Running: create_clock -period 10 -name default 
INFO: [SYN 201-201] Setting up clock 'default' with a period of 10ns.
INFO: [HLS 200-1510] Running: csim_design -quiet 
INFO: [SIM 211-2] *************** CSIM start ***************
INFO: [SIM 211-4] CSIM will launch GCC as the compiler.
INFO: [SIM 211-1] CSim done with 0 errors.
INFO: [SIM 211-3] *************** CSIM finish ***************
INFO: [HLS 200-111] Finished Command csim_design CPU user time: 1 seconds. CPU system time: 0 seconds. Elapsed time: 6.637 seconds; current allocated memory: 191.556 MB.
==============================================================
Vitis HLS - High-Level Synthesis from C, C++ and OpenCL v2020.2 (64-bit)
Copyright 1986-2020 Xilinx, Inc. All Rights Reserved.
==============================================================
INFO: [SYN 201-201] Setting up clock 'default' with a period of 10ns.
INFO: [HLS 200-10] Setting target device to 'xc7z020-clg400-1'
INFO: [HLS 200-1505] Using flow_target 'vivado'
INFO: [HLS 200-1510] Running: set_part xc7z020clg400-1 
INFO: [HLS 200-1510] Running: create_clock -period 10 -name default 
INFO: [HLS 200-1510] Running: csynth_design 
INFO: [HLS 200-111] Finished File checks and directory preparation: CPU user time: 0 seconds. CPU system time: 0 seconds. Elapsed time: 0.127 seconds; current allocated memory: 191.518 MB.
INFO: [HLS 200-10] Analyzing design file '../../../../Downloads/Using_IP_with_Zynq-20211014T130150Z-001/Using_IP_with_Zynq/lab1/hls_macc/hls_macc.c' ... 
WARNING: [HLS 207-3967] type specifier missing, defaults to 'int': ../../../../Downloads/Using_IP_with_Zynq-20211014T130150Z-001/Using_IP_with_Zynq/lab1/hls_macc/hls_macc.c:11:9
INFO: [HLS 200-111] Finished Source Code Analysis and Preprocessing: CPU user time: 0 seconds. CPU system time: 0 seconds. Elapsed time: 1.68 seconds; current allocated memory: 192.314 MB.
INFO: [HLS 200-777] Using interface defaults for 'Vivado' flow target.
INFO: [HLS 200-111] Finished Compiling Optimization and Transform: CPU user time: 0 seconds. CPU system time: 0 seconds. Elapsed time: 4.268 seconds; current allocated memory: 194.285 MB.
INFO: [HLS 200-111] Finished Checking Pragmas: CPU user time: 0 seconds. CPU system time: 0 seconds. Elapsed time: 0.091 seconds; current allocated memory: 194.286 MB.
INFO: [HLS 200-10] Starting code transformations ...
INFO: [HLS 200-111] Finished Standard Transforms: CPU user time: 0 seconds. CPU system time: 0 seconds. Elapsed time: 0.127 seconds; current allocated memory: 195.259 MB.
INFO: [HLS 200-10] Checking synthesizability ...
INFO: [HLS 200-111] Finished Checking Synthesizability: CPU user time: 0 seconds. CPU system time: 0 seconds. Elapsed time: 0.116 seconds; current allocated memory: 194.628 MB.
WARNING: [XFORM 203-803] Dropped interface mode 'ap_auto' on 'accum' (../../../../Downloads/Using_IP_with_Zynq-20211014T130150Z-001/Using_IP_with_Zynq/lab1/hls_macc/hls_macc.c:3) as it is incompatible with its interface mode 's_axilite'.
INFO: [HLS 200-111] Finished Loop, function and other optimizations: CPU user time: 1 seconds. CPU system time: 0 seconds. Elapsed time: 0.196 seconds; current allocated memory: 214.676 MB.
INFO: [HLS 200-111] Finished Architecture Synthesis: CPU user time: 0 seconds. CPU system time: 0 seconds. Elapsed time: 0.145 seconds; current allocated memory: 206.426 MB.
INFO: [HLS 200-10] Starting hardware synthesis ...
INFO: [HLS 200-10] Synthesizing 'hls_macc' ...
INFO: [HLS 200-10] ----------------------------------------------------------------
INFO: [HLS 200-42] -- Implementing module 'hls_macc' 
INFO: [HLS 200-10] ----------------------------------------------------------------
INFO: [SCHED 204-11] Starting scheduling ...
INFO: [SCHED 204-11] Finished scheduling.
INFO: [HLS 200-111] Finished Scheduling: CPU user time: 0 seconds. CPU system time: 0 seconds. Elapsed time: 0.177 seconds; current allocated memory: 206.661 MB.
INFO: [BIND 205-100] Starting micro-architecture generation ...
INFO: [BIND 205-101] Performing variable lifetime analysis.
INFO: [BIND 205-101] Exploring resource sharing.
INFO: [BIND 205-101] Binding ...
INFO: [BIND 205-100] Finished micro-architecture generation.
INFO: [HLS 200-111] Finished Binding: CPU user time: 0 seconds. CPU system time: 0 seconds. Elapsed time: 0.143 seconds; current allocated memory: 206.801 MB.
INFO: [HLS 200-10] ----------------------------------------------------------------
INFO: [HLS 200-10] -- Generating RTL for module 'hls_macc' 
INFO: [HLS 200-10] ----------------------------------------------------------------
WARNING: [RTGEN 206-101] Design contains AXI ports. Reset is fixed to synchronous and active low.
INFO: [RTGEN 206-500] Setting interface mode on port 'hls_macc/a' to 's_axilite & ap_none'.
INFO: [RTGEN 206-500] Setting interface mode on port 'hls_macc/b' to 's_axilite & ap_none'.
INFO: [RTGEN 206-500] Setting interface mode on port 'hls_macc/accum' to 's_axilite & ap_vld'.
INFO: [RTGEN 206-500] Setting interface mode on port 'hls_macc/accum_clr' to 's_axilite & ap_none'.
INFO: [RTGEN 206-500] Setting interface mode on function 'hls_macc' to 's_axilite & ap_ctrl_hs'.
WARNING: [RTGEN 206-101] Register 'acc_reg' is power-on initialization.
INFO: [RTGEN 206-100] Bundling port 'a', 'b', 'accum', 'accum_clr' to AXI-Lite port HLS_MACC_PERIPH_BUS.
INFO: [RTGEN 206-100] Generating core module 'mul_32s_32s_32_2_1': 1 instance(s).
INFO: [RTGEN 206-100] Finished creating RTL model for 'hls_macc'.
INFO: [HLS 200-111] Finished Creating RTL model: CPU user time: 0 seconds. CPU system time: 0 seconds. Elapsed time: 0.203 seconds; current allocated memory: 207.137 MB.
INFO: [RTMG 210-282] Generating pipelined core: 'hls_macc_mul_32s_32s_32_2_1_Multiplier_0'
INFO: [HLS 200-111] Finished Generating all RTL models: CPU user time: 1 seconds. CPU system time: 1 seconds. Elapsed time: 1.687 seconds; current allocated memory: 214.199 MB.
INFO: [VHDL 208-304] Generating VHDL RTL for hls_macc.
INFO: [VLOG 209-307] Generating Verilog RTL for hls_macc.
INFO: [HLS 200-789] **** Estimated Fmax: 144.68 MHz
INFO: [HLS 200-111] Finished Command csynth_design CPU user time: 3 seconds. CPU system time: 1 seconds. Elapsed time: 9.165 seconds; current allocated memory: 214.403 MB.
INFO: [HLS 200-112] Total CPU user time: 6 seconds. Total CPU system time: 2 seconds. Total elapsed time: 11.833 seconds; peak allocated memory: 214.676 MB.
==============================================================
Vitis HLS - High-Level Synthesis from C, C++ and OpenCL v2020.2 (64-bit)
Copyright 1986-2020 Xilinx, Inc. All Rights Reserved.
==============================================================
INFO: [SYN 201-201] Setting up clock 'default' with a period of 10ns.
INFO: [HLS 200-10] Setting target device to 'xc7z020-clg400-1'
INFO: [HLS 200-1505] Using flow_target 'vivado'
INFO: [HLS 200-1510] Running: set_part xc7z020clg400-1 
INFO: [HLS 200-1510] Running: create_clock -period 10 -name default 
INFO: [SYN 201-201] Setting up clock 'default' with a period of 10ns.
INFO: [HLS 200-1510] Running: cosim_design -trace_level all 
INFO: [COSIM 212-47] Using XSIM for RTL simulation.
INFO: [COSIM 212-14] Instrumenting C test bench ...
INFO: [COSIM 212-302] Starting C TB testing ... 
INFO: [COSIM 212-333] Generating C post check test bench ...
INFO: [COSIM 212-12] Generating RTL test bench ...
INFO: [COSIM 212-1] *** C/RTL co-simulation file generation completed. ***
INFO: [COSIM 212-323] Starting verilog simulation. 
INFO: [COSIM 212-15] Starting XSIM ...
INFO: [COSIM 212-316] Starting C post checking ...
INFO: [COSIM 212-1000] *** C/RTL co-simulation finished: PASS ***
INFO: [HLS 200-111] Finished Command cosim_design CPU user time: 0 seconds. CPU system time: 0 seconds. Elapsed time: 69.61 seconds; current allocated memory: 197.535 MB.
==============================================================
Vitis HLS - High-Level Synthesis from C, C++ and OpenCL v2020.2 (64-bit)
Copyright 1986-2020 Xilinx, Inc. All Rights Reserved.
==============================================================
INFO: [SYN 201-201] Setting up clock 'default' with a period of 10ns.
INFO: [HLS 200-10] Setting target device to 'xc7z020-clg400-1'
INFO: [HLS 200-1505] Using flow_target 'vivado'
INFO: [HLS 200-1510] Running: set_part xc7z020clg400-1 
INFO: [HLS 200-1510] Running: create_clock -period 10 -name default 
INFO: [SYN 201-201] Setting up clock 'default' with a period of 10ns.
INFO: [HLS 200-1510] Running: export_design -rtl verilog -format ip_catalog 
INFO: [IMPL 213-8] Exporting RTL as a Vivado IP.
INFO: [HLS 200-802] Generated output file use_ip_on_zynq_lab1/solution1/impl/export.zip
INFO: [HLS 200-111] Finished Command export_design CPU user time: 2 seconds. CPU system time: 0 seconds. Elapsed time: 9.61 seconds; current allocated memory: 199.000 MB.
==============================================================
Vitis HLS - High-Level Synthesis from C, C++ and OpenCL v2020.2 (64-bit)
Copyright 1986-2020 Xilinx, Inc. All Rights Reserved.
==============================================================
INFO: [SYN 201-201] Setting up clock 'default' with a period of 10ns.
INFO: [HLS 200-10] Setting target device to 'xc7z020-clg400-1'
INFO: [HLS 200-1505] Using flow_target 'vivado'
INFO: [HLS 200-1464] Running solution command: config_export -format=ip_catalog
INFO: [HLS 200-1464] Running solution command: config_export -rtl=verilog
INFO: [HLS 200-1510] Running: set_part xc7z020-clg400-1 
INFO: [HLS 200-1510] Running: create_clock -period 10 -name default 
INFO: [HLS 200-1510] Running: config_export -format ip_catalog -rtl verilog 
INFO: [HLS 200-1510] Running: set_directive_top -name hls_macc hls_macc 
INFO: [HLS 200-1510] Running: csim_design -quiet 
INFO: [SIM 211-2] *************** CSIM start ***************
INFO: [SIM 211-4] CSIM will launch GCC as the compiler.
ERROR: [SIM 211-100] 'csim_design' failed: compilation error(s).
INFO: [SIM 211-3] *************** CSIM finish ***************
INFO: [HLS 200-111] Finished Command csim_design CPU user time: 0 seconds. CPU system time: 0 seconds. Elapsed time: 0.787 seconds; current allocated memory: 191.684 MB.
==============================================================
Vitis HLS - High-Level Synthesis from C, C++ and OpenCL v2020.2 (64-bit)
Copyright 1986-2020 Xilinx, Inc. All Rights Reserved.
==============================================================
INFO: [SYN 201-201] Setting up clock 'default' with a period of 10ns.
INFO: [HLS 200-10] Setting target device to 'xc7z020-clg400-1'
INFO: [HLS 200-1505] Using flow_target 'vivado'
INFO: [HLS 200-1464] Running solution command: config_export -format=ip_catalog
INFO: [HLS 200-1464] Running solution command: config_export -rtl=verilog
INFO: [HLS 200-1510] Running: set_part xc7z020-clg400-1 
INFO: [HLS 200-1510] Running: create_clock -period 10 -name default 
INFO: [HLS 200-1510] Running: config_export -format ip_catalog -rtl verilog 
INFO: [HLS 200-1510] Running: set_directive_top -name hls_macc hls_macc 
INFO: [HLS 200-1510] Running: csim_design -quiet 
INFO: [SIM 211-2] *************** CSIM start ***************
INFO: [SIM 211-4] CSIM will launch GCC as the compiler.
ERROR: [SIM 211-100] 'csim_design' failed: compilation error(s).
INFO: [SIM 211-3] *************** CSIM finish ***************
INFO: [HLS 200-111] Finished Command csim_design CPU user time: 0 seconds. CPU system time: 0 seconds. Elapsed time: 0.454 seconds; current allocated memory: 191.684 MB.
==============================================================
Vitis HLS - High-Level Synthesis from C, C++ and OpenCL v2020.2 (64-bit)
Copyright 1986-2020 Xilinx, Inc. All Rights Reserved.
==============================================================
INFO: [SYN 201-201] Setting up clock 'default' with a period of 10ns.
INFO: [HLS 200-10] Setting target device to 'xc7z020-clg400-1'
INFO: [HLS 200-1505] Using flow_target 'vivado'
INFO: [HLS 200-1464] Running solution command: config_export -format=ip_catalog
INFO: [HLS 200-1464] Running solution command: config_export -rtl=verilog
INFO: [HLS 200-1510] Running: set_part xc7z020-clg400-1 
INFO: [HLS 200-1510] Running: create_clock -period 10 -name default 
INFO: [HLS 200-1510] Running: config_export -format ip_catalog -rtl verilog 
INFO: [HLS 200-1510] Running: set_directive_top -name hls_macc hls_macc 
INFO: [HLS 200-1510] Running: csynth_design 
WARNING: [HLS 200-40] Cannot find source file hls_macc.h; skipping it.
INFO: [HLS 200-111] Finished File checks and directory preparation: CPU user time: 0 seconds. CPU system time: 0 seconds. Elapsed time: 0.127 seconds; current allocated memory: 191.556 MB.
INFO: [HLS 200-10] Analyzing design file '../../../../Downloads/HLS/ug871-design-files/ug871-design-files-updated/Using_IP_with_Zynq/lab1/hls_macc/hls_macc.c' ... 
WARNING: [HLS 207-3967] type specifier missing, defaults to 'int': ../../../../Downloads/HLS/ug871-design-files/ug871-design-files-updated/Using_IP_with_Zynq/lab1/hls_macc/hls_macc.c:56:11
INFO: [HLS 200-111] Finished Source Code Analysis and Preprocessing: CPU user time: 0 seconds. CPU system time: 0 seconds. Elapsed time: 1.51 seconds; current allocated memory: 192.441 MB.
INFO: [HLS 200-777] Using interface defaults for 'Vivado' flow target.
INFO: [HLS 200-111] Finished Compiling Optimization and Transform: CPU user time: 0 seconds. CPU system time: 0 seconds. Elapsed time: 3.952 seconds; current allocated memory: 194.444 MB.
INFO: [HLS 200-111] Finished Checking Pragmas: CPU user time: 0 seconds. CPU system time: 0 seconds. Elapsed time: 0.086 seconds; current allocated memory: 194.445 MB.
INFO: [HLS 200-10] Starting code transformations ...
INFO: [HLS 200-111] Finished Standard Transforms: CPU user time: 0 seconds. CPU system time: 0 seconds. Elapsed time: 0.11 seconds; current allocated memory: 195.435 MB.
INFO: [HLS 200-10] Checking synthesizability ...
INFO: [HLS 200-111] Finished Checking Synthesizability: CPU user time: 0 seconds. CPU system time: 0 seconds. Elapsed time: 0.116 seconds; current allocated memory: 194.804 MB.
WARNING: [XFORM 203-803] Dropped interface mode 'ap_auto' on 'accum' (../../../../Downloads/HLS/ug871-design-files/ug871-design-files-updated/Using_IP_with_Zynq/lab1/hls_macc/hls_macc.c:48) as it is incompatible with its interface mode 's_axilite'.
INFO: [HLS 200-111] Finished Loop, function and other optimizations: CPU user time: 0 seconds. CPU system time: 0 seconds. Elapsed time: 0.19 seconds; current allocated memory: 214.842 MB.
INFO: [HLS 200-111] Finished Architecture Synthesis: CPU user time: 0 seconds. CPU system time: 0 seconds. Elapsed time: 0.127 seconds; current allocated memory: 206.590 MB.
INFO: [HLS 200-10] Starting hardware synthesis ...
INFO: [HLS 200-10] Synthesizing 'hls_macc' ...
INFO: [HLS 200-10] ----------------------------------------------------------------
INFO: [HLS 200-42] -- Implementing module 'hls_macc' 
INFO: [HLS 200-10] ----------------------------------------------------------------
INFO: [SCHED 204-11] Starting scheduling ...
INFO: [SCHED 204-11] Finished scheduling.
INFO: [HLS 200-111] Finished Scheduling: CPU user time: 1 seconds. CPU system time: 0 seconds. Elapsed time: 0.13 seconds; current allocated memory: 206.825 MB.
INFO: [BIND 205-100] Starting micro-architecture generation ...
INFO: [BIND 205-101] Performing variable lifetime analysis.
INFO: [BIND 205-101] Exploring resource sharing.
INFO: [BIND 205-101] Binding ...
INFO: [BIND 205-100] Finished micro-architecture generation.
INFO: [HLS 200-111] Finished Binding: CPU user time: 0 seconds. CPU system time: 0 seconds. Elapsed time: 0.122 seconds; current allocated memory: 206.965 MB.
INFO: [HLS 200-10] ----------------------------------------------------------------
INFO: [HLS 200-10] -- Generating RTL for module 'hls_macc' 
INFO: [HLS 200-10] ----------------------------------------------------------------
WARNING: [RTGEN 206-101] Design contains AXI ports. Reset is fixed to synchronous and active low.
INFO: [RTGEN 206-500] Setting interface mode on port 'hls_macc/a' to 's_axilite & ap_none'.
INFO: [RTGEN 206-500] Setting interface mode on port 'hls_macc/b' to 's_axilite & ap_none'.
INFO: [RTGEN 206-500] Setting interface mode on port 'hls_macc/accum' to 's_axilite & ap_vld'.
INFO: [RTGEN 206-500] Setting interface mode on port 'hls_macc/accum_clr' to 's_axilite & ap_none'.
INFO: [RTGEN 206-500] Setting interface mode on function 'hls_macc' to 's_axilite & ap_ctrl_hs'.
WARNING: [RTGEN 206-101] Register 'acc_reg' is power-on initialization.
INFO: [RTGEN 206-100] Bundling port 'a', 'b', 'accum', 'accum_clr' to AXI-Lite port HLS_MACC_PERIPH_BUS.
INFO: [RTGEN 206-100] Generating core module 'mul_32s_32s_32_2_1': 1 instance(s).
INFO: [RTGEN 206-100] Finished creating RTL model for 'hls_macc'.
INFO: [HLS 200-111] Finished Creating RTL model: CPU user time: 0 seconds. CPU system time: 0 seconds. Elapsed time: 0.184 seconds; current allocated memory: 207.272 MB.
INFO: [RTMG 210-282] Generating pipelined core: 'hls_macc_mul_32s_32s_32_2_1_Multiplier_0'
INFO: [HLS 200-111] Finished Generating all RTL models: CPU user time: 1 seconds. CPU system time: 1 seconds. Elapsed time: 1.585 seconds; current allocated memory: 214.332 MB.
INFO: [VHDL 208-304] Generating VHDL RTL for hls_macc.
INFO: [VLOG 209-307] Generating Verilog RTL for hls_macc.
INFO: [HLS 200-789] **** Estimated Fmax: 144.68 MHz
INFO: [HLS 200-111] Finished Command csynth_design CPU user time: 2 seconds. CPU system time: 1 seconds. Elapsed time: 8.437 seconds; current allocated memory: 214.552 MB.
INFO: [HLS 200-112] Total CPU user time: 5 seconds. Total CPU system time: 2 seconds. Total elapsed time: 11.096 seconds; peak allocated memory: 214.842 MB.
==============================================================
Vitis HLS - High-Level Synthesis from C, C++ and OpenCL v2020.2 (64-bit)
Copyright 1986-2020 Xilinx, Inc. All Rights Reserved.
==============================================================
INFO: [SYN 201-201] Setting up clock 'default' with a period of 10ns.
INFO: [HLS 200-10] Setting target device to 'xc7z020-clg400-1'
INFO: [HLS 200-1505] Using flow_target 'vivado'
INFO: [HLS 200-1464] Running solution command: config_export -format=ip_catalog
INFO: [HLS 200-1464] Running solution command: config_export -rtl=verilog
INFO: [HLS 200-1510] Running: set_part xc7z020-clg400-1 
INFO: [HLS 200-1510] Running: create_clock -period 10 -name default 
INFO: [HLS 200-1510] Running: config_export -format ip_catalog -rtl verilog 
INFO: [HLS 200-1510] Running: set_directive_top -name hls_macc hls_macc 
INFO: [HLS 200-1510] Running: cosim_design -trace_level all 
INFO: [COSIM 212-47] Using XSIM for RTL simulation.
INFO: [COSIM 212-14] Instrumenting C test bench ...
INFO: [COSIM 212-302] Starting C TB testing ... 
INFO: [COSIM 212-333] Generating C post check test bench ...
INFO: [COSIM 212-12] Generating RTL test bench ...
INFO: [COSIM 212-1] *** C/RTL co-simulation file generation completed. ***
INFO: [COSIM 212-323] Starting verilog simulation. 
INFO: [COSIM 212-15] Starting XSIM ...
INFO: [COSIM 212-316] Starting C post checking ...
INFO: [COSIM 212-1000] *** C/RTL co-simulation finished: PASS ***
INFO: [HLS 200-111] Finished Command cosim_design CPU user time: 1 seconds. CPU system time: 1 seconds. Elapsed time: 68.109 seconds; current allocated memory: 197.705 MB.
==============================================================
Vitis HLS - High-Level Synthesis from C, C++ and OpenCL v2020.2 (64-bit)
Copyright 1986-2020 Xilinx, Inc. All Rights Reserved.
==============================================================
INFO: [SYN 201-201] Setting up clock 'default' with a period of 10ns.
INFO: [HLS 200-10] Setting target device to 'xc7z020-clg400-1'
INFO: [HLS 200-1505] Using flow_target 'vivado'
INFO: [HLS 200-1464] Running solution command: config_export -format=ip_catalog
INFO: [HLS 200-1464] Running solution command: config_export -rtl=verilog
INFO: [HLS 200-1510] Running: set_part xc7z020-clg400-1 
INFO: [HLS 200-1510] Running: create_clock -period 10 -name default 
INFO: [HLS 200-1510] Running: config_export -format ip_catalog -rtl verilog 
INFO: [HLS 200-1510] Running: set_directive_top -name hls_macc hls_macc 
INFO: [HLS 200-1510] Running: set_directive_bind_op -op add -impl dsp hls_macc acc_reg 
INFO: [HLS 200-1510] Running: csynth_design 
WARNING: [HLS 200-40] Cannot find source file hls_macc.h; skipping it.
INFO: [HLS 200-111] Finished File checks and directory preparation: CPU user time: 0 seconds. CPU system time: 0 seconds. Elapsed time: 0.126 seconds; current allocated memory: 191.584 MB.
INFO: [HLS 200-10] Analyzing design file '../../../../Downloads/HLS/ug871-design-files/ug871-design-files-updated/Using_IP_with_Zynq/lab1/hls_macc/hls_macc.c' ... 
WARNING: [HLS 207-3967] type specifier missing, defaults to 'int': ../../../../Downloads/HLS/ug871-design-files/ug871-design-files-updated/Using_IP_with_Zynq/lab1/hls_macc/hls_macc.c:57:11
INFO: [HLS 200-111] Finished Source Code Analysis and Preprocessing: CPU user time: 0 seconds. CPU system time: 0 seconds. Elapsed time: 1.514 seconds; current allocated memory: 192.456 MB.
INFO: [HLS 200-777] Using interface defaults for 'Vivado' flow target.
INFO: [HLS 200-111] Finished Compiling Optimization and Transform: CPU user time: 0 seconds. CPU system time: 0 seconds. Elapsed time: 4.168 seconds; current allocated memory: 194.520 MB.
INFO: [HLS 200-111] Finished Checking Pragmas: CPU user time: 0 seconds. CPU system time: 0 seconds. Elapsed time: 0.094 seconds; current allocated memory: 194.521 MB.
INFO: [HLS 200-10] Starting code transformations ...
INFO: [HLS 200-111] Finished Standard Transforms: CPU user time: 0 seconds. CPU system time: 0 seconds. Elapsed time: 0.122 seconds; current allocated memory: 195.508 MB.
INFO: [HLS 200-10] Checking synthesizability ...
INFO: [HLS 200-111] Finished Checking Synthesizability: CPU user time: 0 seconds. CPU system time: 0 seconds. Elapsed time: 0.118 seconds; current allocated memory: 194.859 MB.
WARNING: [XFORM 203-803] Dropped interface mode 'ap_auto' on 'accum' (../../../../Downloads/HLS/ug871-design-files/ug871-design-files-updated/Using_IP_with_Zynq/lab1/hls_macc/hls_macc.c:48) as it is incompatible with its interface mode 's_axilite'.
INFO: [HLS 200-111] Finished Loop, function and other optimizations: CPU user time: 0 seconds. CPU system time: 0 seconds. Elapsed time: 0.174 seconds; current allocated memory: 214.902 MB.
INFO: [HLS 200-111] Finished Architecture Synthesis: CPU user time: 1 seconds. CPU system time: 0 seconds. Elapsed time: 0.139 seconds; current allocated memory: 206.656 MB.
INFO: [HLS 200-10] Starting hardware synthesis ...
INFO: [HLS 200-10] Synthesizing 'hls_macc' ...
INFO: [HLS 200-10] ----------------------------------------------------------------
INFO: [HLS 200-42] -- Implementing module 'hls_macc' 
INFO: [HLS 200-10] ----------------------------------------------------------------
INFO: [SCHED 204-11] Starting scheduling ...
INFO: [SCHED 204-11] Finished scheduling.
INFO: [HLS 200-111] Finished Scheduling: CPU user time: 0 seconds. CPU system time: 0 seconds. Elapsed time: 0.134 seconds; current allocated memory: 206.894 MB.
INFO: [BIND 205-100] Starting micro-architecture generation ...
INFO: [BIND 205-101] Performing variable lifetime analysis.
INFO: [BIND 205-101] Exploring resource sharing.
INFO: [BIND 205-101] Binding ...
INFO: [BIND 205-100] Finished micro-architecture generation.
INFO: [HLS 200-111] Finished Binding: CPU user time: 0 seconds. CPU system time: 0 seconds. Elapsed time: 0.131 seconds; current allocated memory: 207.071 MB.
INFO: [HLS 200-10] ----------------------------------------------------------------
INFO: [HLS 200-10] -- Generating RTL for module 'hls_macc' 
INFO: [HLS 200-10] ----------------------------------------------------------------
WARNING: [RTGEN 206-101] Design contains AXI ports. Reset is fixed to synchronous and active low.
INFO: [RTGEN 206-500] Setting interface mode on port 'hls_macc/a' to 's_axilite & ap_none'.
INFO: [RTGEN 206-500] Setting interface mode on port 'hls_macc/b' to 's_axilite & ap_none'.
INFO: [RTGEN 206-500] Setting interface mode on port 'hls_macc/accum' to 's_axilite & ap_vld'.
INFO: [RTGEN 206-500] Setting interface mode on port 'hls_macc/accum_clr' to 's_axilite & ap_none'.
INFO: [RTGEN 206-500] Setting interface mode on function 'hls_macc' to 's_axilite & ap_ctrl_hs'.
WARNING: [RTGEN 206-101] Register 'acc_reg' is power-on initialization.
INFO: [RTGEN 206-100] Bundling port 'a', 'b', 'accum', 'accum_clr' to AXI-Lite port HLS_MACC_PERIPH_BUS.
INFO: [RTGEN 206-100] Generating core module 'add_32ns_32ns_32_1_1': 1 instance(s).
INFO: [RTGEN 206-100] Generating core module 'mul_32s_32s_32_2_1': 1 instance(s).
INFO: [RTGEN 206-100] Finished creating RTL model for 'hls_macc'.
INFO: [HLS 200-111] Finished Creating RTL model: CPU user time: 0 seconds. CPU system time: 0 seconds. Elapsed time: 0.178 seconds; current allocated memory: 207.388 MB.
INFO: [RTMG 210-282] Generating pipelined core: 'hls_macc_mul_32s_32s_32_2_1_Multiplier_0'
INFO: [RTMG 210-287] Generating adder/subtractor assigned to DSP48: 'hls_macc_add_32ns_32ns_32_1_1_AddSub_DSP_0'
INFO: [HLS 200-111] Finished Generating all RTL models: CPU user time: 1 seconds. CPU system time: 1 seconds. Elapsed time: 1.736 seconds; current allocated memory: 214.419 MB.
INFO: [VHDL 208-304] Generating VHDL RTL for hls_macc.
INFO: [VLOG 209-307] Generating Verilog RTL for hls_macc.
INFO: [HLS 200-789] **** Estimated Fmax: 144.68 MHz
INFO: [HLS 200-111] Finished Command csynth_design CPU user time: 3 seconds. CPU system time: 1 seconds. Elapsed time: 8.828 seconds; current allocated memory: 214.608 MB.
INFO: [HLS 200-112] Total CPU user time: 6 seconds. Total CPU system time: 2 seconds. Total elapsed time: 11.686 seconds; peak allocated memory: 214.902 MB.
==============================================================
Vitis HLS - High-Level Synthesis from C, C++ and OpenCL v2020.2 (64-bit)
Copyright 1986-2020 Xilinx, Inc. All Rights Reserved.
==============================================================
INFO: [SYN 201-201] Setting up clock 'default' with a period of 10ns.
INFO: [HLS 200-10] Setting target device to 'xc7z020-clg400-1'
INFO: [HLS 200-1505] Using flow_target 'vivado'
INFO: [HLS 200-1464] Running solution command: config_export -format=ip_catalog
INFO: [HLS 200-1464] Running solution command: config_export -rtl=verilog
INFO: [HLS 200-1510] Running: set_part xc7z020-clg400-1 
INFO: [HLS 200-1510] Running: create_clock -period 10 -name default 
INFO: [HLS 200-1510] Running: config_export -format ip_catalog -rtl verilog 
INFO: [HLS 200-1510] Running: set_directive_top -name hls_macc hls_macc 
INFO: [HLS 200-1510] Running: set_directive_bind_op -op add -impl dsp hls_macc acc_reg 
INFO: [HLS 200-1510] Running: cosim_design -trace_level all 
INFO: [COSIM 212-47] Using XSIM for RTL simulation.
INFO: [COSIM 212-14] Instrumenting C test bench ...
INFO: [COSIM 212-302] Starting C TB testing ... 
INFO: [COSIM 212-333] Generating C post check test bench ...
INFO: [COSIM 212-12] Generating RTL test bench ...
INFO: [COSIM 212-1] *** C/RTL co-simulation file generation completed. ***
INFO: [COSIM 212-323] Starting verilog simulation. 
INFO: [COSIM 212-15] Starting XSIM ...
INFO: [COSIM 212-316] Starting C post checking ...
INFO: [COSIM 212-1000] *** C/RTL co-simulation finished: PASS ***
INFO: [HLS 200-111] Finished Command cosim_design CPU user time: 1 seconds. CPU system time: 1 seconds. Elapsed time: 65.459 seconds; current allocated memory: 197.721 MB.
==============================================================
Vitis HLS - High-Level Synthesis from C, C++ and OpenCL v2020.2 (64-bit)
Copyright 1986-2020 Xilinx, Inc. All Rights Reserved.
==============================================================
INFO: [SYN 201-201] Setting up clock 'default' with a period of 10ns.
INFO: [HLS 200-10] Setting target device to 'xc7z020-clg400-1'
INFO: [HLS 200-1505] Using flow_target 'vivado'
INFO: [HLS 200-1464] Running solution command: config_export -format=ip_catalog
INFO: [HLS 200-1464] Running solution command: config_export -rtl=verilog
INFO: [HLS 200-1510] Running: set_part xc7z020-clg400-1 
INFO: [HLS 200-1510] Running: create_clock -period 10 -name default 
INFO: [HLS 200-1510] Running: config_export -format ip_catalog -rtl verilog 
INFO: [HLS 200-1510] Running: set_directive_top -name hls_macc hls_macc 
INFO: [HLS 200-1510] Running: set_directive_bind_op -op add -impl dsp hls_macc acc_reg 
INFO: [HLS 200-1510] Running: csynth_design 
WARNING: [HLS 200-40] Cannot find source file hls_macc.h; skipping it.
INFO: [HLS 200-111] Finished File checks and directory preparation: CPU user time: 0 seconds. CPU system time: 0 seconds. Elapsed time: 0.125 seconds; current allocated memory: 191.585 MB.
INFO: [HLS 200-10] Analyzing design file '../../../../Downloads/HLS/ug871-design-files/ug871-design-files-updated/Using_IP_with_Zynq/lab1/hls_macc/hls_macc.c' ... 
ERROR: [HLS 214-124] use of undeclared identifier 'set_directive_bind_op': C:\Users\ethan_kvm\Downloads\HLS\ug871-design-files\ug871-design-files-updated\Using_IP_with_Zynq\lab1\hls_macc\hls_macc.c:55
ERROR: [HLS 214-124] use of undeclared identifier 'op': C:\Users\ethan_kvm\Downloads\HLS\ug871-design-files\ug871-design-files-updated\Using_IP_with_Zynq\lab1\hls_macc\hls_macc.c:55
ERROR: [HLS 214-124] use of undeclared identifier 'DSP': C:\Users\ethan_kvm\Downloads\HLS\ug871-design-files\ug871-design-files-updated\Using_IP_with_Zynq\lab1\hls_macc\hls_macc.c:61
ERROR: [HLS 214-124] use of undeclared identifier 'DSP': C:\Users\ethan_kvm\Downloads\HLS\ug871-design-files\ug871-design-files-updated\Using_IP_with_Zynq\lab1\hls_macc\hls_macc.c:62
INFO: [HLS 200-111] Finished Command csynth_design CPU user time: 0 seconds. CPU system time: 0 seconds. Elapsed time: 1.017 seconds; current allocated memory: 192.940 MB.
INFO: [HLS 200-112] Total CPU user time: 3 seconds. Total CPU system time: 1 seconds. Total elapsed time: 3.74 seconds; peak allocated memory: 192.619 MB.
==============================================================
Vitis HLS - High-Level Synthesis from C, C++ and OpenCL v2020.2 (64-bit)
Copyright 1986-2020 Xilinx, Inc. All Rights Reserved.
==============================================================
INFO: [SYN 201-201] Setting up clock 'default' with a period of 10ns.
INFO: [HLS 200-10] Setting target device to 'xc7z020-clg400-1'
INFO: [HLS 200-1505] Using flow_target 'vivado'
INFO: [HLS 200-1464] Running solution command: config_export -format=ip_catalog
INFO: [HLS 200-1464] Running solution command: config_export -rtl=verilog
INFO: [HLS 200-1510] Running: set_part xc7z020-clg400-1 
INFO: [HLS 200-1510] Running: create_clock -period 10 -name default 
INFO: [HLS 200-1510] Running: config_export -format ip_catalog -rtl verilog 
INFO: [HLS 200-1510] Running: set_directive_top -name hls_macc hls_macc 
INFO: [HLS 200-1510] Running: set_directive_bind_op -op add -impl dsp hls_macc acc_reg 
INFO: [HLS 200-1510] Running: csynth_design 
WARNING: [HLS 200-40] Cannot find source file hls_macc.h; skipping it.
INFO: [HLS 200-111] Finished File checks and directory preparation: CPU user time: 0 seconds. CPU system time: 0 seconds. Elapsed time: 0.127 seconds; current allocated memory: 191.584 MB.
INFO: [HLS 200-10] Analyzing design file '../../../../Downloads/HLS/ug871-design-files/ug871-design-files-updated/Using_IP_with_Zynq/lab1/hls_macc/hls_macc.c' ... 
WARNING: [HLS 207-5528] unexpected pragma argument 'acc_reg', expects '=': ../../../../Downloads/HLS/ug871-design-files/ug871-design-files-updated/Using_IP_with_Zynq/lab1/hls_macc/hls_macc.c:55:30
WARNING: [HLS 207-5528] unexpected pragma argument 'DSP', expects '=': ../../../../Downloads/HLS/ug871-design-files/ug871-design-files-updated/Using_IP_with_Zynq/lab1/hls_macc/hls_macc.c:56:30
WARNING: [HLS 207-3967] type specifier missing, defaults to 'int': ../../../../Downloads/HLS/ug871-design-files/ug871-design-files-updated/Using_IP_with_Zynq/lab1/hls_macc/hls_macc.c:59:11
INFO: [HLS 200-111] Finished Source Code Analysis and Preprocessing: CPU user time: 0 seconds. CPU system time: 0 seconds. Elapsed time: 1.441 seconds; current allocated memory: 192.490 MB.
INFO: [HLS 200-777] Using interface defaults for 'Vivado' flow target.
INFO: [HLS 200-111] Finished Compiling Optimization and Transform: CPU user time: 0 seconds. CPU system time: 0 seconds. Elapsed time: 3.932 seconds; current allocated memory: 194.538 MB.
INFO: [HLS 200-111] Finished Checking Pragmas: CPU user time: 0 seconds. CPU system time: 0 seconds. Elapsed time: 0.088 seconds; current allocated memory: 194.539 MB.
INFO: [HLS 200-10] Starting code transformations ...
INFO: [HLS 200-111] Finished Standard Transforms: CPU user time: 0 seconds. CPU system time: 0 seconds. Elapsed time: 0.111 seconds; current allocated memory: 195.526 MB.
INFO: [HLS 200-10] Checking synthesizability ...
INFO: [HLS 200-111] Finished Checking Synthesizability: CPU user time: 0 seconds. CPU system time: 0 seconds. Elapsed time: 0.114 seconds; current allocated memory: 194.877 MB.
WARNING: [XFORM 203-803] Dropped interface mode 'ap_auto' on 'accum' (../../../../Downloads/HLS/ug871-design-files/ug871-design-files-updated/Using_IP_with_Zynq/lab1/hls_macc/hls_macc.c:48) as it is incompatible with its interface mode 's_axilite'.
INFO: [HLS 200-111] Finished Loop, function and other optimizations: CPU user time: 0 seconds. CPU system time: 0 seconds. Elapsed time: 0.179 seconds; current allocated memory: 214.920 MB.
INFO: [HLS 200-111] Finished Architecture Synthesis: CPU user time: 1 seconds. CPU system time: 0 seconds. Elapsed time: 0.135 seconds; current allocated memory: 206.674 MB.
INFO: [HLS 200-10] Starting hardware synthesis ...
INFO: [HLS 200-10] Synthesizing 'hls_macc' ...
INFO: [HLS 200-10] ----------------------------------------------------------------
INFO: [HLS 200-42] -- Implementing module 'hls_macc' 
INFO: [HLS 200-10] ----------------------------------------------------------------
INFO: [SCHED 204-11] Starting scheduling ...
INFO: [SCHED 204-11] Finished scheduling.
INFO: [HLS 200-111] Finished Scheduling: CPU user time: 0 seconds. CPU system time: 0 seconds. Elapsed time: 0.126 seconds; current allocated memory: 206.912 MB.
INFO: [BIND 205-100] Starting micro-architecture generation ...
INFO: [BIND 205-101] Performing variable lifetime analysis.
INFO: [BIND 205-101] Exploring resource sharing.
INFO: [BIND 205-101] Binding ...
INFO: [BIND 205-100] Finished micro-architecture generation.
INFO: [HLS 200-111] Finished Binding: CPU user time: 0 seconds. CPU system time: 0 seconds. Elapsed time: 0.136 seconds; current allocated memory: 207.105 MB.
INFO: [HLS 200-10] ----------------------------------------------------------------
INFO: [HLS 200-10] -- Generating RTL for module 'hls_macc' 
INFO: [HLS 200-10] ----------------------------------------------------------------
WARNING: [RTGEN 206-101] Design contains AXI ports. Reset is fixed to synchronous and active low.
INFO: [RTGEN 206-500] Setting interface mode on port 'hls_macc/a' to 's_axilite & ap_none'.
INFO: [RTGEN 206-500] Setting interface mode on port 'hls_macc/b' to 's_axilite & ap_none'.
INFO: [RTGEN 206-500] Setting interface mode on port 'hls_macc/accum' to 's_axilite & ap_vld'.
INFO: [RTGEN 206-500] Setting interface mode on port 'hls_macc/accum_clr' to 's_axilite & ap_none'.
INFO: [RTGEN 206-500] Setting interface mode on function 'hls_macc' to 's_axilite & ap_ctrl_hs'.
WARNING: [RTGEN 206-101] Register 'acc_reg' is power-on initialization.
INFO: [RTGEN 206-100] Bundling port 'a', 'b', 'accum', 'accum_clr' to AXI-Lite port HLS_MACC_PERIPH_BUS.
INFO: [RTGEN 206-100] Generating core module 'add_32ns_32ns_32_1_1': 1 instance(s).
INFO: [RTGEN 206-100] Generating core module 'mul_32s_32s_32_2_1': 1 instance(s).
INFO: [RTGEN 206-100] Finished creating RTL model for 'hls_macc'.
INFO: [HLS 200-111] Finished Creating RTL model: CPU user time: 0 seconds. CPU system time: 0 seconds. Elapsed time: 0.172 seconds; current allocated memory: 207.422 MB.
INFO: [RTMG 210-282] Generating pipelined core: 'hls_macc_mul_32s_32s_32_2_1_Multiplier_0'
INFO: [RTMG 210-287] Generating adder/subtractor assigned to DSP48: 'hls_macc_add_32ns_32ns_32_1_1_AddSub_DSP_0'
INFO: [HLS 200-111] Finished Generating all RTL models: CPU user time: 1 seconds. CPU system time: 1 seconds. Elapsed time: 1.681 seconds; current allocated memory: 214.441 MB.
INFO: [VHDL 208-304] Generating VHDL RTL for hls_macc.
INFO: [VLOG 209-307] Generating Verilog RTL for hls_macc.
INFO: [HLS 200-789] **** Estimated Fmax: 144.68 MHz
INFO: [HLS 200-111] Finished Command csynth_design CPU user time: 3 seconds. CPU system time: 1 seconds. Elapsed time: 8.441 seconds; current allocated memory: 214.674 MB.
INFO: [HLS 200-112] Total CPU user time: 6 seconds. Total CPU system time: 2 seconds. Total elapsed time: 11.153 seconds; peak allocated memory: 214.920 MB.
==============================================================
Vitis HLS - High-Level Synthesis from C, C++ and OpenCL v2020.2 (64-bit)
Copyright 1986-2020 Xilinx, Inc. All Rights Reserved.
==============================================================
INFO: [SYN 201-201] Setting up clock 'default' with a period of 10ns.
INFO: [HLS 200-10] Setting target device to 'xc7z020-clg400-1'
INFO: [HLS 200-1505] Using flow_target 'vivado'
INFO: [HLS 200-1464] Running solution command: config_export -format=ip_catalog
INFO: [HLS 200-1464] Running solution command: config_export -rtl=verilog
INFO: [HLS 200-1510] Running: set_part xc7z020-clg400-1 
INFO: [HLS 200-1510] Running: create_clock -period 10 -name default 
INFO: [HLS 200-1510] Running: config_export -format ip_catalog -rtl verilog 
INFO: [HLS 200-1510] Running: set_directive_top -name hls_macc hls_macc 
INFO: [HLS 200-1510] Running: csynth_design 
WARNING: [HLS 200-40] Cannot find source file hls_macc.h; skipping it.
INFO: [HLS 200-111] Finished File checks and directory preparation: CPU user time: 0 seconds. CPU system time: 0 seconds. Elapsed time: 0.13 seconds; current allocated memory: 191.584 MB.
INFO: [HLS 200-10] Analyzing design file '../../../../Downloads/HLS/ug871-design-files/ug871-design-files-updated/Using_IP_with_Zynq/lab1/hls_macc/hls_macc.c' ... 
ERROR: [HLS 214-124] use of undeclared identifier 'acc_reg': C:\Users\ethan_kvm\Downloads\HLS\ug871-design-files\ug871-design-files-updated\Using_IP_with_Zynq\lab1\hls_macc\hls_macc.c:55
ERROR: [HLS 214-124] use of undeclared identifier 'DSP': C:\Users\ethan_kvm\Downloads\HLS\ug871-design-files\ug871-design-files-updated\Using_IP_with_Zynq\lab1\hls_macc\hls_macc.c:56
INFO: [HLS 200-111] Finished Command csynth_design CPU user time: 0 seconds. CPU system time: 0 seconds. Elapsed time: 0.983 seconds; current allocated memory: 192.905 MB.
INFO: [HLS 200-112] Total CPU user time: 3 seconds. Total CPU system time: 1 seconds. Total elapsed time: 3.628 seconds; peak allocated memory: 192.584 MB.
==============================================================
Vitis HLS - High-Level Synthesis from C, C++ and OpenCL v2020.2 (64-bit)
Copyright 1986-2020 Xilinx, Inc. All Rights Reserved.
==============================================================
INFO: [SYN 201-201] Setting up clock 'default' with a period of 10ns.
INFO: [HLS 200-10] Setting target device to 'xc7z020-clg400-1'
INFO: [HLS 200-1505] Using flow_target 'vivado'
INFO: [HLS 200-1464] Running solution command: config_export -format=ip_catalog
INFO: [HLS 200-1464] Running solution command: config_export -rtl=verilog
INFO: [HLS 200-1510] Running: set_part xc7z020-clg400-1 
INFO: [HLS 200-1510] Running: create_clock -period 10 -name default 
INFO: [HLS 200-1510] Running: config_export -format ip_catalog -rtl verilog 
INFO: [HLS 200-1510] Running: set_directive_top -name hls_macc hls_macc 
INFO: [HLS 200-1510] Running: csynth_design 
WARNING: [HLS 200-40] Cannot find source file hls_macc.h; skipping it.
INFO: [HLS 200-111] Finished File checks and directory preparation: CPU user time: 0 seconds. CPU system time: 0 seconds. Elapsed time: 0.128 seconds; current allocated memory: 191.584 MB.
INFO: [HLS 200-10] Analyzing design file '../../../../Downloads/HLS/ug871-design-files/ug871-design-files-updated/Using_IP_with_Zynq/lab1/hls_macc/hls_macc.c' ... 
ERROR: [HLS 214-124] use of undeclared identifier 'acc_reg': C:\Users\ethan_kvm\Downloads\HLS\ug871-design-files\ug871-design-files-updated\Using_IP_with_Zynq\lab1\hls_macc\hls_macc.c:55
ERROR: [HLS 214-124] use of undeclared identifier 'DSP': C:\Users\ethan_kvm\Downloads\HLS\ug871-design-files\ug871-design-files-updated\Using_IP_with_Zynq\lab1\hls_macc\hls_macc.c:56
INFO: [HLS 200-111] Finished Command csynth_design CPU user time: 0 seconds. CPU system time: 0 seconds. Elapsed time: 0.98 seconds; current allocated memory: 192.905 MB.
INFO: [HLS 200-112] Total CPU user time: 3 seconds. Total CPU system time: 1 seconds. Total elapsed time: 3.633 seconds; peak allocated memory: 192.584 MB.
==============================================================
Vitis HLS - High-Level Synthesis from C, C++ and OpenCL v2020.2 (64-bit)
Copyright 1986-2020 Xilinx, Inc. All Rights Reserved.
==============================================================
INFO: [SYN 201-201] Setting up clock 'default' with a period of 10ns.
INFO: [HLS 200-10] Setting target device to 'xc7z020-clg400-1'
INFO: [HLS 200-1505] Using flow_target 'vivado'
INFO: [HLS 200-1464] Running solution command: config_export -format=ip_catalog
INFO: [HLS 200-1464] Running solution command: config_export -rtl=verilog
INFO: [HLS 200-1510] Running: set_part xc7z020-clg400-1 
INFO: [HLS 200-1510] Running: create_clock -period 10 -name default 
INFO: [HLS 200-1510] Running: config_export -format ip_catalog -rtl verilog 
INFO: [HLS 200-1510] Running: set_directive_top -name hls_macc hls_macc 
INFO: [HLS 200-1510] Running: csynth_design 
WARNING: [HLS 200-40] Cannot find source file hls_macc.h; skipping it.
INFO: [HLS 200-111] Finished File checks and directory preparation: CPU user time: 0 seconds. CPU system time: 0 seconds. Elapsed time: 0.128 seconds; current allocated memory: 191.584 MB.
INFO: [HLS 200-10] Analyzing design file '../../../../Downloads/HLS/ug871-design-files/ug871-design-files-updated/Using_IP_with_Zynq/lab1/hls_macc/hls_macc.c' ... 
ERROR: [HLS 214-124] use of undeclared identifier 'DSP': C:\Users\ethan_kvm\Downloads\HLS\ug871-design-files\ug871-design-files-updated\Using_IP_with_Zynq\lab1\hls_macc\hls_macc.c:55
INFO: [HLS 200-111] Finished Command csynth_design CPU user time: 0 seconds. CPU system time: 0 seconds. Elapsed time: 0.958 seconds; current allocated memory: 192.936 MB.
INFO: [HLS 200-112] Total CPU user time: 3 seconds. Total CPU system time: 1 seconds. Total elapsed time: 3.6 seconds; peak allocated memory: 192.599 MB.
==============================================================
Vitis HLS - High-Level Synthesis from C, C++ and OpenCL v2020.2 (64-bit)
Copyright 1986-2020 Xilinx, Inc. All Rights Reserved.
==============================================================
INFO: [SYN 201-201] Setting up clock 'default' with a period of 10ns.
INFO: [HLS 200-10] Setting target device to 'xc7z020-clg400-1'
INFO: [HLS 200-1505] Using flow_target 'vivado'
INFO: [HLS 200-1464] Running solution command: config_export -format=ip_catalog
INFO: [HLS 200-1464] Running solution command: config_export -rtl=verilog
INFO: [HLS 200-1510] Running: set_part xc7z020-clg400-1 
INFO: [HLS 200-1510] Running: create_clock -period 10 -name default 
INFO: [HLS 200-1510] Running: config_export -format ip_catalog -rtl verilog 
INFO: [HLS 200-1510] Running: set_directive_top -name hls_macc hls_macc 
INFO: [HLS 200-1510] Running: csynth_design 
WARNING: [HLS 200-40] Cannot find source file hls_macc.h; skipping it.
INFO: [HLS 200-111] Finished File checks and directory preparation: CPU user time: 0 seconds. CPU system time: 0 seconds. Elapsed time: 0.129 seconds; current allocated memory: 191.584 MB.
INFO: [HLS 200-10] Analyzing design file '../../../../Downloads/HLS/ug871-design-files/ug871-design-files-updated/Using_IP_with_Zynq/lab1/hls_macc/hls_macc.c' ... 
ERROR: [HLS 207-5490] Invalid Directive: mult + dsp is invalid combination options: ../../../../Downloads/HLS/ug871-design-files/ug871-design-files-updated/Using_IP_with_Zynq/lab1/hls_macc/hls_macc.c:57:9
WARNING: [HLS 207-3967] type specifier missing, defaults to 'int': ../../../../Downloads/HLS/ug871-design-files/ug871-design-files-updated/Using_IP_with_Zynq/lab1/hls_macc/hls_macc.c:59:9
INFO: [HLS 200-111] Finished Command csynth_design CPU user time: 0 seconds. CPU system time: 0 seconds. Elapsed time: 1.558 seconds; current allocated memory: 192.937 MB.
INFO: [HLS 200-112] Total CPU user time: 3 seconds. Total CPU system time: 1 seconds. Total elapsed time: 4.312 seconds; peak allocated memory: 192.632 MB.
==============================================================
Vitis HLS - High-Level Synthesis from C, C++ and OpenCL v2020.2 (64-bit)
Copyright 1986-2020 Xilinx, Inc. All Rights Reserved.
==============================================================
INFO: [SYN 201-201] Setting up clock 'default' with a period of 10ns.
INFO: [HLS 200-10] Setting target device to 'xc7z020-clg400-1'
INFO: [HLS 200-1505] Using flow_target 'vivado'
INFO: [HLS 200-1464] Running solution command: config_export -format=ip_catalog
INFO: [HLS 200-1464] Running solution command: config_export -rtl=verilog
INFO: [HLS 200-1510] Running: set_part xc7z020-clg400-1 
INFO: [HLS 200-1510] Running: create_clock -period 10 -name default 
INFO: [HLS 200-1510] Running: config_export -format ip_catalog -rtl verilog 
INFO: [HLS 200-1510] Running: set_directive_top -name hls_macc hls_macc 
INFO: [HLS 200-1510] Running: csynth_design 
WARNING: [HLS 200-40] Cannot find source file hls_macc.h; skipping it.
INFO: [HLS 200-111] Finished File checks and directory preparation: CPU user time: 0 seconds. CPU system time: 0 seconds. Elapsed time: 0.129 seconds; current allocated memory: 191.584 MB.
INFO: [HLS 200-10] Analyzing design file '../../../../Downloads/HLS/ug871-design-files/ug871-design-files-updated/Using_IP_with_Zynq/lab1/hls_macc/hls_macc.c' ... 
WARNING: [HLS 207-3967] type specifier missing, defaults to 'int': ../../../../Downloads/HLS/ug871-design-files/ug871-design-files-updated/Using_IP_with_Zynq/lab1/hls_macc/hls_macc.c:57:11
INFO: [HLS 200-111] Finished Source Code Analysis and Preprocessing: CPU user time: 0 seconds. CPU system time: 0 seconds. Elapsed time: 1.391 seconds; current allocated memory: 192.440 MB.
INFO: [HLS 200-777] Using interface defaults for 'Vivado' flow target.
INFO: [HLS 200-111] Finished Compiling Optimization and Transform: CPU user time: 0 seconds. CPU system time: 0 seconds. Elapsed time: 3.952 seconds; current allocated memory: 194.473 MB.
INFO: [HLS 200-111] Finished Checking Pragmas: CPU user time: 0 seconds. CPU system time: 0 seconds. Elapsed time: 0.086 seconds; current allocated memory: 194.473 MB.
INFO: [HLS 200-10] Starting code transformations ...
INFO: [HLS 200-111] Finished Standard Transforms: CPU user time: 0 seconds. CPU system time: 0 seconds. Elapsed time: 0.104 seconds; current allocated memory: 195.448 MB.
INFO: [HLS 200-10] Checking synthesizability ...
INFO: [HLS 200-111] Finished Checking Synthesizability: CPU user time: 0 seconds. CPU system time: 0 seconds. Elapsed time: 0.112 seconds; current allocated memory: 194.817 MB.
WARNING: [XFORM 203-803] Dropped interface mode 'ap_auto' on 'accum' (../../../../Downloads/HLS/ug871-design-files/ug871-design-files-updated/Using_IP_with_Zynq/lab1/hls_macc/hls_macc.c:48) as it is incompatible with its interface mode 's_axilite'.
INFO: [HLS 200-111] Finished Loop, function and other optimizations: CPU user time: 0 seconds. CPU system time: 0 seconds. Elapsed time: 0.168 seconds; current allocated memory: 214.871 MB.
INFO: [HLS 200-111] Finished Architecture Synthesis: CPU user time: 0 seconds. CPU system time: 0 seconds. Elapsed time: 0.125 seconds; current allocated memory: 206.589 MB.
INFO: [HLS 200-10] Starting hardware synthesis ...
INFO: [HLS 200-10] Synthesizing 'hls_macc' ...
INFO: [HLS 200-10] ----------------------------------------------------------------
INFO: [HLS 200-42] -- Implementing module 'hls_macc' 
INFO: [HLS 200-10] ----------------------------------------------------------------
INFO: [SCHED 204-11] Starting scheduling ...
INFO: [SCHED 204-11] Finished scheduling.
INFO: [HLS 200-111] Finished Scheduling: CPU user time: 1 seconds. CPU system time: 0 seconds. Elapsed time: 0.129 seconds; current allocated memory: 206.824 MB.
INFO: [BIND 205-100] Starting micro-architecture generation ...
INFO: [BIND 205-101] Performing variable lifetime analysis.
INFO: [BIND 205-101] Exploring resource sharing.
INFO: [BIND 205-101] Binding ...
INFO: [BIND 205-100] Finished micro-architecture generation.
INFO: [HLS 200-111] Finished Binding: CPU user time: 0 seconds. CPU system time: 0 seconds. Elapsed time: 0.129 seconds; current allocated memory: 206.993 MB.
INFO: [HLS 200-10] ----------------------------------------------------------------
INFO: [HLS 200-10] -- Generating RTL for module 'hls_macc' 
INFO: [HLS 200-10] ----------------------------------------------------------------
WARNING: [RTGEN 206-101] Design contains AXI ports. Reset is fixed to synchronous and active low.
INFO: [RTGEN 206-500] Setting interface mode on port 'hls_macc/a' to 's_axilite & ap_none'.
INFO: [RTGEN 206-500] Setting interface mode on port 'hls_macc/b' to 's_axilite & ap_none'.
INFO: [RTGEN 206-500] Setting interface mode on port 'hls_macc/accum' to 's_axilite & ap_vld'.
INFO: [RTGEN 206-500] Setting interface mode on port 'hls_macc/accum_clr' to 's_axilite & ap_none'.
INFO: [RTGEN 206-500] Setting interface mode on function 'hls_macc' to 's_axilite & ap_ctrl_hs'.
WARNING: [RTGEN 206-101] Register 'acc_reg' is power-on initialization.
INFO: [RTGEN 206-100] Bundling port 'a', 'b', 'accum', 'accum_clr' to AXI-Lite port HLS_MACC_PERIPH_BUS.
INFO: [RTGEN 206-100] Generating core module 'mul_32s_32s_32_2_1': 1 instance(s).
INFO: [RTGEN 206-100] Finished creating RTL model for 'hls_macc'.
INFO: [HLS 200-111] Finished Creating RTL model: CPU user time: 0 seconds. CPU system time: 0 seconds. Elapsed time: 0.166 seconds; current allocated memory: 207.256 MB.
INFO: [RTMG 210-282] Generating pipelined core: 'hls_macc_mul_32s_32s_32_2_1_Multiplier_0'
INFO: [HLS 200-111] Finished Generating all RTL models: CPU user time: 1 seconds. CPU system time: 1 seconds. Elapsed time: 1.57 seconds; current allocated memory: 214.365 MB.
INFO: [VHDL 208-304] Generating VHDL RTL for hls_macc.
INFO: [VLOG 209-307] Generating Verilog RTL for hls_macc.
INFO: [HLS 200-789] **** Estimated Fmax: 144.68 MHz
INFO: [HLS 200-111] Finished Command csynth_design CPU user time: 2 seconds. CPU system time: 1 seconds. Elapsed time: 8.255 seconds; current allocated memory: 214.569 MB.
INFO: [HLS 200-112] Total CPU user time: 5 seconds. Total CPU system time: 2 seconds. Total elapsed time: 10.909 seconds; peak allocated memory: 214.871 MB.
==============================================================
Vitis HLS - High-Level Synthesis from C, C++ and OpenCL v2020.2 (64-bit)
Copyright 1986-2020 Xilinx, Inc. All Rights Reserved.
==============================================================
INFO: [SYN 201-201] Setting up clock 'default' with a period of 10ns.
INFO: [HLS 200-10] Setting target device to 'xc7z020-clg400-1'
INFO: [HLS 200-1505] Using flow_target 'vivado'
INFO: [HLS 200-1464] Running solution command: config_export -format=ip_catalog
INFO: [HLS 200-1464] Running solution command: config_export -rtl=verilog
INFO: [HLS 200-1510] Running: set_part xc7z020-clg400-1 
INFO: [HLS 200-1510] Running: create_clock -period 10 -name default 
INFO: [HLS 200-1510] Running: config_export -format ip_catalog -rtl verilog 
INFO: [HLS 200-1510] Running: set_directive_top -name hls_macc hls_macc 
INFO: [HLS 200-1510] Running: set_directive_bind_op -op add -impl dsp hls_macc accum_reg 
INFO: [HLS 200-1510] Running: csynth_design 
WARNING: [HLS 200-40] Cannot find source file hls_macc.h; skipping it.
INFO: [HLS 200-111] Finished File checks and directory preparation: CPU user time: 0 seconds. CPU system time: 0 seconds. Elapsed time: 0.131 seconds; current allocated memory: 191.585 MB.
INFO: [HLS 200-10] Analyzing design file '../../../../Downloads/HLS/ug871-design-files/ug871-design-files-updated/Using_IP_with_Zynq/lab1/hls_macc/hls_macc.c' ... 
WARNING: [HLS 207-3967] type specifier missing, defaults to 'int': ../../../../Downloads/HLS/ug871-design-files/ug871-design-files-updated/Using_IP_with_Zynq/lab1/hls_macc/hls_macc.c:57:11
INFO: [HLS 200-111] Finished Source Code Analysis and Preprocessing: CPU user time: 0 seconds. CPU system time: 0 seconds. Elapsed time: 1.417 seconds; current allocated memory: 192.456 MB.
INFO: [HLS 200-777] Using interface defaults for 'Vivado' flow target.
INFO: [HLS 200-111] Finished Compiling Optimization and Transform: CPU user time: 0 seconds. CPU system time: 0 seconds. Elapsed time: 3.92 seconds; current allocated memory: 194.473 MB.
INFO: [HLS 200-111] Finished Checking Pragmas: CPU user time: 0 seconds. CPU system time: 0 seconds. Elapsed time: 0.087 seconds; current allocated memory: 194.474 MB.
INFO: [HLS 200-10] Starting code transformations ...
INFO: [HLS 200-111] Finished Standard Transforms: CPU user time: 0 seconds. CPU system time: 0 seconds. Elapsed time: 0.106 seconds; current allocated memory: 195.480 MB.
INFO: [HLS 200-10] Checking synthesizability ...
INFO: [HLS 200-111] Finished Checking Synthesizability: CPU user time: 0 seconds. CPU system time: 0 seconds. Elapsed time: 0.109 seconds; current allocated memory: 194.834 MB.
WARNING: [XFORM 203-803] Dropped interface mode 'ap_auto' on 'accum' (../../../../Downloads/HLS/ug871-design-files/ug871-design-files-updated/Using_IP_with_Zynq/lab1/hls_macc/hls_macc.c:48) as it is incompatible with its interface mode 's_axilite'.
INFO: [HLS 200-111] Finished Loop, function and other optimizations: CPU user time: 1 seconds. CPU system time: 0 seconds. Elapsed time: 0.163 seconds; current allocated memory: 214.871 MB.
INFO: [HLS 200-111] Finished Architecture Synthesis: CPU user time: 0 seconds. CPU system time: 0 seconds. Elapsed time: 0.127 seconds; current allocated memory: 206.605 MB.
INFO: [HLS 200-10] Starting hardware synthesis ...
INFO: [HLS 200-10] Synthesizing 'hls_macc' ...
INFO: [HLS 200-10] ----------------------------------------------------------------
INFO: [HLS 200-42] -- Implementing module 'hls_macc' 
INFO: [HLS 200-10] ----------------------------------------------------------------
INFO: [SCHED 204-11] Starting scheduling ...
INFO: [SCHED 204-11] Finished scheduling.
INFO: [HLS 200-111] Finished Scheduling: CPU user time: 0 seconds. CPU system time: 0 seconds. Elapsed time: 0.126 seconds; current allocated memory: 206.825 MB.
INFO: [BIND 205-100] Starting micro-architecture generation ...
INFO: [BIND 205-101] Performing variable lifetime analysis.
INFO: [BIND 205-101] Exploring resource sharing.
INFO: [BIND 205-101] Binding ...
INFO: [BIND 205-100] Finished micro-architecture generation.
INFO: [HLS 200-111] Finished Binding: CPU user time: 0 seconds. CPU system time: 0 seconds. Elapsed time: 0.128 seconds; current allocated memory: 206.994 MB.
INFO: [HLS 200-10] ----------------------------------------------------------------
INFO: [HLS 200-10] -- Generating RTL for module 'hls_macc' 
INFO: [HLS 200-10] ----------------------------------------------------------------
WARNING: [RTGEN 206-101] Design contains AXI ports. Reset is fixed to synchronous and active low.
INFO: [RTGEN 206-500] Setting interface mode on port 'hls_macc/a' to 's_axilite & ap_none'.
INFO: [RTGEN 206-500] Setting interface mode on port 'hls_macc/b' to 's_axilite & ap_none'.
INFO: [RTGEN 206-500] Setting interface mode on port 'hls_macc/accum' to 's_axilite & ap_vld'.
INFO: [RTGEN 206-500] Setting interface mode on port 'hls_macc/accum_clr' to 's_axilite & ap_none'.
INFO: [RTGEN 206-500] Setting interface mode on function 'hls_macc' to 's_axilite & ap_ctrl_hs'.
WARNING: [RTGEN 206-101] Register 'acc_reg' is power-on initialization.
INFO: [RTGEN 206-100] Bundling port 'a', 'b', 'accum', 'accum_clr' to AXI-Lite port HLS_MACC_PERIPH_BUS.
INFO: [RTGEN 206-100] Generating core module 'mul_32s_32s_32_2_1': 1 instance(s).
INFO: [RTGEN 206-100] Finished creating RTL model for 'hls_macc'.
INFO: [HLS 200-111] Finished Creating RTL model: CPU user time: 0 seconds. CPU system time: 0 seconds. Elapsed time: 0.163 seconds; current allocated memory: 207.302 MB.
INFO: [RTMG 210-282] Generating pipelined core: 'hls_macc_mul_32s_32s_32_2_1_Multiplier_0'
INFO: [HLS 200-111] Finished Generating all RTL models: CPU user time: 1 seconds. CPU system time: 1 seconds. Elapsed time: 1.567 seconds; current allocated memory: 214.377 MB.
INFO: [VHDL 208-304] Generating VHDL RTL for hls_macc.
INFO: [VLOG 209-307] Generating Verilog RTL for hls_macc.
INFO: [HLS 200-789] **** Estimated Fmax: 144.68 MHz
INFO: [HLS 200-111] Finished Command csynth_design CPU user time: 2 seconds. CPU system time: 1 seconds. Elapsed time: 8.237 seconds; current allocated memory: 214.581 MB.
INFO: [HLS 200-112] Total CPU user time: 5 seconds. Total CPU system time: 2 seconds. Total elapsed time: 11.006 seconds; peak allocated memory: 214.871 MB.
==============================================================
Vitis HLS - High-Level Synthesis from C, C++ and OpenCL v2020.2 (64-bit)
Copyright 1986-2020 Xilinx, Inc. All Rights Reserved.
==============================================================
INFO: [SYN 201-201] Setting up clock 'default' with a period of 10ns.
INFO: [HLS 200-10] Setting target device to 'xc7z020-clg400-1'
INFO: [HLS 200-1505] Using flow_target 'vivado'
INFO: [HLS 200-1464] Running solution command: config_export -format=ip_catalog
INFO: [HLS 200-1464] Running solution command: config_export -rtl=verilog
INFO: [HLS 200-1510] Running: set_part xc7z020-clg400-1 
INFO: [HLS 200-1510] Running: create_clock -period 10 -name default 
INFO: [HLS 200-1510] Running: config_export -format ip_catalog -rtl verilog 
INFO: [HLS 200-1510] Running: set_directive_top -name hls_macc hls_macc 
INFO: [HLS 200-1510] Running: csynth_design 
WARNING: [HLS 200-40] Cannot find source file hls_macc.h; skipping it.
INFO: [HLS 200-111] Finished File checks and directory preparation: CPU user time: 0 seconds. CPU system time: 0 seconds. Elapsed time: 0.128 seconds; current allocated memory: 191.585 MB.
INFO: [HLS 200-10] Analyzing design file '../../../../Downloads/HLS/ug871-design-files/ug871-design-files-updated/Using_IP_with_Zynq/lab1/hls_macc/hls_macc.c' ... 
WARNING: [HLS 207-3967] type specifier missing, defaults to 'int': ../../../../Downloads/HLS/ug871-design-files/ug871-design-files-updated/Using_IP_with_Zynq/lab1/hls_macc/hls_macc.c:57:11
INFO: [HLS 200-111] Finished Source Code Analysis and Preprocessing: CPU user time: 0 seconds. CPU system time: 0 seconds. Elapsed time: 1.427 seconds; current allocated memory: 192.440 MB.
INFO: [HLS 200-777] Using interface defaults for 'Vivado' flow target.
INFO: [HLS 200-111] Finished Compiling Optimization and Transform: CPU user time: 0 seconds. CPU system time: 0 seconds. Elapsed time: 3.91 seconds; current allocated memory: 194.473 MB.
INFO: [HLS 200-111] Finished Checking Pragmas: CPU user time: 0 seconds. CPU system time: 0 seconds. Elapsed time: 0.092 seconds; current allocated memory: 194.474 MB.
INFO: [HLS 200-10] Starting code transformations ...
INFO: [HLS 200-111] Finished Standard Transforms: CPU user time: 0 seconds. CPU system time: 0 seconds. Elapsed time: 0.105 seconds; current allocated memory: 195.448 MB.
INFO: [HLS 200-10] Checking synthesizability ...
INFO: [HLS 200-111] Finished Checking Synthesizability: CPU user time: 0 seconds. CPU system time: 0 seconds. Elapsed time: 0.109 seconds; current allocated memory: 194.818 MB.
WARNING: [XFORM 203-803] Dropped interface mode 'ap_auto' on 'accum' (../../../../Downloads/HLS/ug871-design-files/ug871-design-files-updated/Using_IP_with_Zynq/lab1/hls_macc/hls_macc.c:48) as it is incompatible with its interface mode 's_axilite'.
INFO: [HLS 200-111] Finished Loop, function and other optimizations: CPU user time: 0 seconds. CPU system time: 0 seconds. Elapsed time: 0.172 seconds; current allocated memory: 214.871 MB.
INFO: [HLS 200-111] Finished Architecture Synthesis: CPU user time: 0 seconds. CPU system time: 0 seconds. Elapsed time: 0.129 seconds; current allocated memory: 206.589 MB.
INFO: [HLS 200-10] Starting hardware synthesis ...
INFO: [HLS 200-10] Synthesizing 'hls_macc' ...
INFO: [HLS 200-10] ----------------------------------------------------------------
INFO: [HLS 200-42] -- Implementing module 'hls_macc' 
INFO: [HLS 200-10] ----------------------------------------------------------------
INFO: [SCHED 204-11] Starting scheduling ...
INFO: [SCHED 204-11] Finished scheduling.
INFO: [HLS 200-111] Finished Scheduling: CPU user time: 1 seconds. CPU system time: 0 seconds. Elapsed time: 0.126 seconds; current allocated memory: 206.825 MB.
INFO: [BIND 205-100] Starting micro-architecture generation ...
INFO: [BIND 205-101] Performing variable lifetime analysis.
INFO: [BIND 205-101] Exploring resource sharing.
INFO: [BIND 205-101] Binding ...
INFO: [BIND 205-100] Finished micro-architecture generation.
INFO: [HLS 200-111] Finished Binding: CPU user time: 0 seconds. CPU system time: 0 seconds. Elapsed time: 0.123 seconds; current allocated memory: 206.994 MB.
INFO: [HLS 200-10] ----------------------------------------------------------------
INFO: [HLS 200-10] -- Generating RTL for module 'hls_macc' 
INFO: [HLS 200-10] ----------------------------------------------------------------
WARNING: [RTGEN 206-101] Design contains AXI ports. Reset is fixed to synchronous and active low.
INFO: [RTGEN 206-500] Setting interface mode on port 'hls_macc/a' to 's_axilite & ap_none'.
INFO: [RTGEN 206-500] Setting interface mode on port 'hls_macc/b' to 's_axilite & ap_none'.
INFO: [RTGEN 206-500] Setting interface mode on port 'hls_macc/accum' to 's_axilite & ap_vld'.
INFO: [RTGEN 206-500] Setting interface mode on port 'hls_macc/accum_clr' to 's_axilite & ap_none'.
INFO: [RTGEN 206-500] Setting interface mode on function 'hls_macc' to 's_axilite & ap_ctrl_hs'.
WARNING: [RTGEN 206-101] Register 'acc_reg' is power-on initialization.
INFO: [RTGEN 206-100] Bundling port 'a', 'b', 'accum', 'accum_clr' to AXI-Lite port HLS_MACC_PERIPH_BUS.
INFO: [RTGEN 206-100] Generating core module 'mul_32s_32s_32_2_1': 1 instance(s).
INFO: [RTGEN 206-100] Finished creating RTL model for 'hls_macc'.
INFO: [HLS 200-111] Finished Creating RTL model: CPU user time: 0 seconds. CPU system time: 1 seconds. Elapsed time: 0.171 seconds; current allocated memory: 207.256 MB.
INFO: [RTMG 210-282] Generating pipelined core: 'hls_macc_mul_32s_32s_32_2_1_Multiplier_0'
INFO: [HLS 200-111] Finished Generating all RTL models: CPU user time: 1 seconds. CPU system time: 0 seconds. Elapsed time: 1.654 seconds; current allocated memory: 214.361 MB.
INFO: [VHDL 208-304] Generating VHDL RTL for hls_macc.
INFO: [VLOG 209-307] Generating Verilog RTL for hls_macc.
INFO: [HLS 200-789] **** Estimated Fmax: 144.68 MHz
INFO: [HLS 200-111] Finished Command csynth_design CPU user time: 2 seconds. CPU system time: 1 seconds. Elapsed time: 8.343 seconds; current allocated memory: 214.565 MB.
INFO: [HLS 200-112] Total CPU user time: 5 seconds. Total CPU system time: 2 seconds. Total elapsed time: 11.117 seconds; peak allocated memory: 214.871 MB.
==============================================================
Vitis HLS - High-Level Synthesis from C, C++ and OpenCL v2020.2 (64-bit)
Copyright 1986-2020 Xilinx, Inc. All Rights Reserved.
==============================================================
INFO: [SYN 201-201] Setting up clock 'default' with a period of 10ns.
INFO: [HLS 200-10] Setting target device to 'xc7z020-clg400-1'
INFO: [HLS 200-1505] Using flow_target 'vivado'
INFO: [HLS 200-1464] Running solution command: config_export -format=ip_catalog
INFO: [HLS 200-1464] Running solution command: config_export -rtl=verilog
INFO: [HLS 200-1510] Running: set_part xc7z020-clg400-1 
INFO: [HLS 200-1510] Running: create_clock -period 10 -name default 
INFO: [HLS 200-1510] Running: config_export -format ip_catalog -rtl verilog 
INFO: [HLS 200-1510] Running: set_directive_top -name hls_macc hls_macc 
INFO: [HLS 200-1510] Running: set_directive_bind_op -op add -impl dsp hls_macc accum 
INFO: [HLS 200-1510] Running: csynth_design 
WARNING: [HLS 200-40] Cannot find source file hls_macc.h; skipping it.
INFO: [HLS 200-111] Finished File checks and directory preparation: CPU user time: 1 seconds. CPU system time: 0 seconds. Elapsed time: 0.13 seconds; current allocated memory: 191.585 MB.
INFO: [HLS 200-10] Analyzing design file '../../../../Downloads/HLS/ug871-design-files/ug871-design-files-updated/Using_IP_with_Zynq/lab1/hls_macc/hls_macc.c' ... 
WARNING: [HLS 207-3967] type specifier missing, defaults to 'int': ../../../../Downloads/HLS/ug871-design-files/ug871-design-files-updated/Using_IP_with_Zynq/lab1/hls_macc/hls_macc.c:58:11
INFO: [HLS 200-111] Finished Source Code Analysis and Preprocessing: CPU user time: 0 seconds. CPU system time: 0 seconds. Elapsed time: 1.42 seconds; current allocated memory: 192.472 MB.
INFO: [HLS 200-777] Using interface defaults for 'Vivado' flow target.
INFO: [HLS 200-111] Finished Compiling Optimization and Transform: CPU user time: 0 seconds. CPU system time: 0 seconds. Elapsed time: 3.979 seconds; current allocated memory: 194.505 MB.
INFO: [HLS 200-111] Finished Checking Pragmas: CPU user time: 0 seconds. CPU system time: 0 seconds. Elapsed time: 0.087 seconds; current allocated memory: 194.505 MB.
INFO: [HLS 200-10] Starting code transformations ...
INFO: [HLS 200-111] Finished Standard Transforms: CPU user time: 0 seconds. CPU system time: 0 seconds. Elapsed time: 0.11 seconds; current allocated memory: 195.495 MB.
INFO: [HLS 200-10] Checking synthesizability ...
INFO: [HLS 200-111] Finished Checking Synthesizability: CPU user time: 0 seconds. CPU system time: 0 seconds. Elapsed time: 0.111 seconds; current allocated memory: 194.849 MB.
WARNING: [XFORM 203-803] Dropped interface mode 'ap_auto' on 'accum' (../../../../Downloads/HLS/ug871-design-files/ug871-design-files-updated/Using_IP_with_Zynq/lab1/hls_macc/hls_macc.c:48) as it is incompatible with its interface mode 's_axilite'.
INFO: [HLS 200-111] Finished Loop, function and other optimizations: CPU user time: 0 seconds. CPU system time: 0 seconds. Elapsed time: 0.163 seconds; current allocated memory: 214.902 MB.
INFO: [HLS 200-111] Finished Architecture Synthesis: CPU user time: 0 seconds. CPU system time: 0 seconds. Elapsed time: 0.131 seconds; current allocated memory: 206.637 MB.
INFO: [HLS 200-10] Starting hardware synthesis ...
INFO: [HLS 200-10] Synthesizing 'hls_macc' ...
INFO: [HLS 200-10] ----------------------------------------------------------------
INFO: [HLS 200-42] -- Implementing module 'hls_macc' 
INFO: [HLS 200-10] ----------------------------------------------------------------
INFO: [SCHED 204-11] Starting scheduling ...
INFO: [SCHED 204-11] Finished scheduling.
INFO: [HLS 200-111] Finished Scheduling: CPU user time: 0 seconds. CPU system time: 0 seconds. Elapsed time: 0.133 seconds; current allocated memory: 206.840 MB.
INFO: [BIND 205-100] Starting micro-architecture generation ...
INFO: [BIND 205-101] Performing variable lifetime analysis.
INFO: [BIND 205-101] Exploring resource sharing.
INFO: [BIND 205-101] Binding ...
INFO: [BIND 205-100] Finished micro-architecture generation.
INFO: [HLS 200-111] Finished Binding: CPU user time: 1 seconds. CPU system time: 0 seconds. Elapsed time: 0.128 seconds; current allocated memory: 207.025 MB.
INFO: [HLS 200-10] ----------------------------------------------------------------
INFO: [HLS 200-10] -- Generating RTL for module 'hls_macc' 
INFO: [HLS 200-10] ----------------------------------------------------------------
WARNING: [RTGEN 206-101] Design contains AXI ports. Reset is fixed to synchronous and active low.
INFO: [RTGEN 206-500] Setting interface mode on port 'hls_macc/a' to 's_axilite & ap_none'.
INFO: [RTGEN 206-500] Setting interface mode on port 'hls_macc/b' to 's_axilite & ap_none'.
INFO: [RTGEN 206-500] Setting interface mode on port 'hls_macc/accum' to 's_axilite & ap_vld'.
INFO: [RTGEN 206-500] Setting interface mode on port 'hls_macc/accum_clr' to 's_axilite & ap_none'.
INFO: [RTGEN 206-500] Setting interface mode on function 'hls_macc' to 's_axilite & ap_ctrl_hs'.
WARNING: [RTGEN 206-101] Register 'acc_reg' is power-on initialization.
INFO: [RTGEN 206-100] Bundling port 'a', 'b', 'accum', 'accum_clr' to AXI-Lite port HLS_MACC_PERIPH_BUS.
INFO: [RTGEN 206-100] Generating core module 'mul_32s_32s_32_2_1': 1 instance(s).
INFO: [RTGEN 206-100] Finished creating RTL model for 'hls_macc'.
INFO: [HLS 200-111] Finished Creating RTL model: CPU user time: 0 seconds. CPU system time: 0 seconds. Elapsed time: 0.17 seconds; current allocated memory: 207.333 MB.
INFO: [RTMG 210-282] Generating pipelined core: 'hls_macc_mul_32s_32s_32_2_1_Multiplier_0'
INFO: [HLS 200-111] Finished Generating all RTL models: CPU user time: 1 seconds. CPU system time: 1 seconds. Elapsed time: 1.553 seconds; current allocated memory: 214.381 MB.
INFO: [VHDL 208-304] Generating VHDL RTL for hls_macc.
INFO: [VLOG 209-307] Generating Verilog RTL for hls_macc.
INFO: [HLS 200-789] **** Estimated Fmax: 144.68 MHz
INFO: [HLS 200-111] Finished Command csynth_design CPU user time: 3 seconds. CPU system time: 1 seconds. Elapsed time: 8.313 seconds; current allocated memory: 214.585 MB.
INFO: [HLS 200-112] Total CPU user time: 5 seconds. Total CPU system time: 2 seconds. Total elapsed time: 10.991 seconds; peak allocated memory: 214.902 MB.
==============================================================
Vitis HLS - High-Level Synthesis from C, C++ and OpenCL v2020.2 (64-bit)
Copyright 1986-2020 Xilinx, Inc. All Rights Reserved.
==============================================================
INFO: [SYN 201-201] Setting up clock 'default' with a period of 10ns.
INFO: [HLS 200-10] Setting target device to 'xc7z020-clg400-1'
INFO: [HLS 200-1505] Using flow_target 'vivado'
INFO: [HLS 200-1464] Running solution command: config_export -format=ip_catalog
INFO: [HLS 200-1464] Running solution command: config_export -rtl=verilog
INFO: [HLS 200-1510] Running: set_part xc7z020-clg400-1 
INFO: [HLS 200-1510] Running: create_clock -period 10 -name default 
INFO: [HLS 200-1510] Running: config_export -format ip_catalog -rtl verilog 
INFO: [HLS 200-1510] Running: set_directive_top -name hls_macc hls_macc 
INFO: [HLS 200-1510] Running: set_directive_bind_op -op add -impl dsp hls_macc acc_reg 
INFO: [HLS 200-1510] Running: csynth_design 
WARNING: [HLS 200-40] Cannot find source file hls_macc.h; skipping it.
INFO: [HLS 200-111] Finished File checks and directory preparation: CPU user time: 0 seconds. CPU system time: 0 seconds. Elapsed time: 0.137 seconds; current allocated memory: 191.585 MB.
INFO: [HLS 200-10] Analyzing design file '../../../../Downloads/HLS/ug871-design-files/ug871-design-files-updated/Using_IP_with_Zynq/lab1/hls_macc/hls_macc.c' ... 
WARNING: [HLS 207-3967] type specifier missing, defaults to 'int': ../../../../Downloads/HLS/ug871-design-files/ug871-design-files-updated/Using_IP_with_Zynq/lab1/hls_macc/hls_macc.c:58:11
INFO: [HLS 200-111] Finished Source Code Analysis and Preprocessing: CPU user time: 0 seconds. CPU system time: 0 seconds. Elapsed time: 1.441 seconds; current allocated memory: 192.456 MB.
INFO: [HLS 200-777] Using interface defaults for 'Vivado' flow target.
INFO: [HLS 200-111] Finished Compiling Optimization and Transform: CPU user time: 0 seconds. CPU system time: 1 seconds. Elapsed time: 3.952 seconds; current allocated memory: 194.520 MB.
INFO: [HLS 200-111] Finished Checking Pragmas: CPU user time: 0 seconds. CPU system time: 0 seconds. Elapsed time: 0.09 seconds; current allocated memory: 194.521 MB.
INFO: [HLS 200-10] Starting code transformations ...
INFO: [HLS 200-111] Finished Standard Transforms: CPU user time: 0 seconds. CPU system time: 0 seconds. Elapsed time: 0.109 seconds; current allocated memory: 195.508 MB.
INFO: [HLS 200-10] Checking synthesizability ...
INFO: [HLS 200-111] Finished Checking Synthesizability: CPU user time: 0 seconds. CPU system time: 0 seconds. Elapsed time: 0.112 seconds; current allocated memory: 194.860 MB.
WARNING: [XFORM 203-803] Dropped interface mode 'ap_auto' on 'accum' (../../../../Downloads/HLS/ug871-design-files/ug871-design-files-updated/Using_IP_with_Zynq/lab1/hls_macc/hls_macc.c:48) as it is incompatible with its interface mode 's_axilite'.
INFO: [HLS 200-111] Finished Loop, function and other optimizations: CPU user time: 0 seconds. CPU system time: 0 seconds. Elapsed time: 0.186 seconds; current allocated memory: 214.903 MB.
INFO: [HLS 200-111] Finished Architecture Synthesis: CPU user time: 0 seconds. CPU system time: 0 seconds. Elapsed time: 0.131 seconds; current allocated memory: 206.657 MB.
INFO: [HLS 200-10] Starting hardware synthesis ...
INFO: [HLS 200-10] Synthesizing 'hls_macc' ...
INFO: [HLS 200-10] ----------------------------------------------------------------
INFO: [HLS 200-42] -- Implementing module 'hls_macc' 
INFO: [HLS 200-10] ----------------------------------------------------------------
INFO: [SCHED 204-11] Starting scheduling ...
INFO: [SCHED 204-11] Finished scheduling.
INFO: [HLS 200-111] Finished Scheduling: CPU user time: 0 seconds. CPU system time: 0 seconds. Elapsed time: 0.131 seconds; current allocated memory: 206.895 MB.
INFO: [BIND 205-100] Starting micro-architecture generation ...
INFO: [BIND 205-101] Performing variable lifetime analysis.
INFO: [BIND 205-101] Exploring resource sharing.
INFO: [BIND 205-101] Binding ...
INFO: [BIND 205-100] Finished micro-architecture generation.
INFO: [HLS 200-111] Finished Binding: CPU user time: 1 seconds. CPU system time: 0 seconds. Elapsed time: 0.127 seconds; current allocated memory: 207.072 MB.
INFO: [HLS 200-10] ----------------------------------------------------------------
INFO: [HLS 200-10] -- Generating RTL for module 'hls_macc' 
INFO: [HLS 200-10] ----------------------------------------------------------------
WARNING: [RTGEN 206-101] Design contains AXI ports. Reset is fixed to synchronous and active low.
INFO: [RTGEN 206-500] Setting interface mode on port 'hls_macc/a' to 's_axilite & ap_none'.
INFO: [RTGEN 206-500] Setting interface mode on port 'hls_macc/b' to 's_axilite & ap_none'.
INFO: [RTGEN 206-500] Setting interface mode on port 'hls_macc/accum' to 's_axilite & ap_vld'.
INFO: [RTGEN 206-500] Setting interface mode on port 'hls_macc/accum_clr' to 's_axilite & ap_none'.
INFO: [RTGEN 206-500] Setting interface mode on function 'hls_macc' to 's_axilite & ap_ctrl_hs'.
WARNING: [RTGEN 206-101] Register 'acc_reg' is power-on initialization.
INFO: [RTGEN 206-100] Bundling port 'a', 'b', 'accum', 'accum_clr' to AXI-Lite port HLS_MACC_PERIPH_BUS.
INFO: [RTGEN 206-100] Generating core module 'add_32ns_32ns_32_1_1': 1 instance(s).
INFO: [RTGEN 206-100] Generating core module 'mul_32s_32s_32_2_1': 1 instance(s).
INFO: [RTGEN 206-100] Finished creating RTL model for 'hls_macc'.
INFO: [HLS 200-111] Finished Creating RTL model: CPU user time: 0 seconds. CPU system time: 0 seconds. Elapsed time: 0.167 seconds; current allocated memory: 207.389 MB.
INFO: [RTMG 210-282] Generating pipelined core: 'hls_macc_mul_32s_32s_32_2_1_Multiplier_0'
INFO: [RTMG 210-287] Generating adder/subtractor assigned to DSP48: 'hls_macc_add_32ns_32ns_32_1_1_AddSub_DSP_0'
INFO: [HLS 200-111] Finished Generating all RTL models: CPU user time: 1 seconds. CPU system time: 0 seconds. Elapsed time: 1.643 seconds; current allocated memory: 214.435 MB.
INFO: [VHDL 208-304] Generating VHDL RTL for hls_macc.
INFO: [VLOG 209-307] Generating Verilog RTL for hls_macc.
INFO: [HLS 200-789] **** Estimated Fmax: 144.68 MHz
INFO: [HLS 200-111] Finished Command csynth_design CPU user time: 2 seconds. CPU system time: 1 seconds. Elapsed time: 8.415 seconds; current allocated memory: 214.639 MB.
INFO: [HLS 200-112] Total CPU user time: 5 seconds. Total CPU system time: 2 seconds. Total elapsed time: 11.302 seconds; peak allocated memory: 214.903 MB.
==============================================================
Vitis HLS - High-Level Synthesis from C, C++ and OpenCL v2020.2 (64-bit)
Copyright 1986-2020 Xilinx, Inc. All Rights Reserved.
==============================================================
INFO: [SYN 201-201] Setting up clock 'default' with a period of 10ns.
INFO: [HLS 200-10] Setting target device to 'xc7z020-clg400-1'
INFO: [HLS 200-1505] Using flow_target 'vivado'
INFO: [HLS 200-1464] Running solution command: config_export -format=ip_catalog
INFO: [HLS 200-1464] Running solution command: config_export -rtl=verilog
INFO: [HLS 200-1510] Running: set_part xc7z020-clg400-1 
INFO: [HLS 200-1510] Running: create_clock -period 10 -name default 
INFO: [HLS 200-1510] Running: config_export -format ip_catalog -rtl verilog 
INFO: [HLS 200-1510] Running: set_directive_top -name hls_macc hls_macc 
INFO: [HLS 200-1510] Running: set_directive_bind_op -op add -impl dsp hls_macc acc_reg 
INFO: [HLS 200-1510] Running: set_directive_bind_op -op mul -impl dsp hls_macc dsp 
INFO: [HLS 200-1510] Running: csynth_design 
WARNING: [HLS 200-40] Cannot find source file hls_macc.h; skipping it.
INFO: [HLS 200-111] Finished File checks and directory preparation: CPU user time: 0 seconds. CPU system time: 0 seconds. Elapsed time: 0.122 seconds; current allocated memory: 191.586 MB.
INFO: [HLS 200-10] Analyzing design file '../../../../Downloads/HLS/ug871-design-files/ug871-design-files-updated/Using_IP_with_Zynq/lab1/hls_macc/hls_macc.c' ... 
WARNING: [HLS 207-3967] type specifier missing, defaults to 'int': ../../../../Downloads/HLS/ug871-design-files/ug871-design-files-updated/Using_IP_with_Zynq/lab1/hls_macc/hls_macc.c:58:11
INFO: [HLS 200-111] Finished Source Code Analysis and Preprocessing: CPU user time: 1 seconds. CPU system time: 0 seconds. Elapsed time: 1.427 seconds; current allocated memory: 192.473 MB.
INFO: [HLS 200-777] Using interface defaults for 'Vivado' flow target.
INFO: [HLS 200-111] Finished Compiling Optimization and Transform: CPU user time: 0 seconds. CPU system time: 0 seconds. Elapsed time: 3.903 seconds; current allocated memory: 194.521 MB.
INFO: [HLS 200-111] Finished Checking Pragmas: CPU user time: 0 seconds. CPU system time: 0 seconds. Elapsed time: 0.091 seconds; current allocated memory: 194.522 MB.
INFO: [HLS 200-10] Starting code transformations ...
INFO: [HLS 200-111] Finished Standard Transforms: CPU user time: 0 seconds. CPU system time: 1 seconds. Elapsed time: 0.109 seconds; current allocated memory: 195.526 MB.
INFO: [HLS 200-10] Checking synthesizability ...
INFO: [HLS 200-111] Finished Checking Synthesizability: CPU user time: 0 seconds. CPU system time: 0 seconds. Elapsed time: 0.119 seconds; current allocated memory: 194.895 MB.
WARNING: [XFORM 203-803] Dropped interface mode 'ap_auto' on 'accum' (../../../../Downloads/HLS/ug871-design-files/ug871-design-files-updated/Using_IP_with_Zynq/lab1/hls_macc/hls_macc.c:48) as it is incompatible with its interface mode 's_axilite'.
INFO: [HLS 200-111] Finished Loop, function and other optimizations: CPU user time: 0 seconds. CPU system time: 0 seconds. Elapsed time: 0.184 seconds; current allocated memory: 214.977 MB.
INFO: [HLS 200-111] Finished Architecture Synthesis: CPU user time: 0 seconds. CPU system time: 0 seconds. Elapsed time: 0.135 seconds; current allocated memory: 206.772 MB.
INFO: [HLS 200-10] Starting hardware synthesis ...
INFO: [HLS 200-10] Synthesizing 'hls_macc' ...
INFO: [HLS 200-10] ----------------------------------------------------------------
INFO: [HLS 200-42] -- Implementing module 'hls_macc' 
INFO: [HLS 200-10] ----------------------------------------------------------------
INFO: [SCHED 204-11] Starting scheduling ...
INFO: [SCHED 204-11] Finished scheduling.
INFO: [HLS 200-111] Finished Scheduling: CPU user time: 0 seconds. CPU system time: 0 seconds. Elapsed time: 0.136 seconds; current allocated memory: 206.961 MB.
INFO: [BIND 205-100] Starting micro-architecture generation ...
INFO: [BIND 205-101] Performing variable lifetime analysis.
INFO: [BIND 205-101] Exploring resource sharing.
INFO: [BIND 205-101] Binding ...
INFO: [BIND 205-100] Finished micro-architecture generation.
INFO: [HLS 200-111] Finished Binding: CPU user time: 1 seconds. CPU system time: 0 seconds. Elapsed time: 0.132 seconds; current allocated memory: 207.128 MB.
INFO: [HLS 200-10] ----------------------------------------------------------------
INFO: [HLS 200-10] -- Generating RTL for module 'hls_macc' 
INFO: [HLS 200-10] ----------------------------------------------------------------
WARNING: [RTGEN 206-101] Design contains AXI ports. Reset is fixed to synchronous and active low.
INFO: [RTGEN 206-500] Setting interface mode on port 'hls_macc/a' to 's_axilite & ap_none'.
INFO: [RTGEN 206-500] Setting interface mode on port 'hls_macc/b' to 's_axilite & ap_none'.
INFO: [RTGEN 206-500] Setting interface mode on port 'hls_macc/accum' to 's_axilite & ap_vld'.
INFO: [RTGEN 206-500] Setting interface mode on port 'hls_macc/accum_clr' to 's_axilite & ap_none'.
INFO: [RTGEN 206-500] Setting interface mode on function 'hls_macc' to 's_axilite & ap_ctrl_hs'.
WARNING: [RTGEN 206-101] Register 'acc_reg' is power-on initialization.
INFO: [RTGEN 206-100] Bundling port 'a', 'b', 'accum', 'accum_clr' to AXI-Lite port HLS_MACC_PERIPH_BUS.
INFO: [RTGEN 206-100] Generating core module 'add_32ns_32ns_32_1_1': 1 instance(s).
INFO: [RTGEN 206-100] Generating core module 'mul_32s_32s_32_2_1': 1 instance(s).
INFO: [RTGEN 206-100] Finished creating RTL model for 'hls_macc'.
INFO: [HLS 200-111] Finished Creating RTL model: CPU user time: 0 seconds. CPU system time: 0 seconds. Elapsed time: 0.175 seconds; current allocated memory: 207.430 MB.
INFO: [RTMG 210-282] Generating pipelined core: 'hls_macc_mul_32s_32s_32_2_1_Mul_DSP_0'
INFO: [RTMG 210-287] Generating adder/subtractor assigned to DSP48: 'hls_macc_add_32ns_32ns_32_1_1_AddSub_DSP_0'
INFO: [HLS 200-111] Finished Generating all RTL models: CPU user time: 1 seconds. CPU system time: 0 seconds. Elapsed time: 1.754 seconds; current allocated memory: 214.453 MB.
INFO: [VHDL 208-304] Generating VHDL RTL for hls_macc.
INFO: [VLOG 209-307] Generating Verilog RTL for hls_macc.
INFO: [HLS 200-789] **** Estimated Fmax: 151.56 MHz
INFO: [HLS 200-111] Finished Command csynth_design CPU user time: 3 seconds. CPU system time: 1 seconds. Elapsed time: 8.479 seconds; current allocated memory: 214.687 MB.
INFO: [HLS 200-112] Total CPU user time: 5 seconds. Total CPU system time: 2 seconds. Total elapsed time: 11.106 seconds; peak allocated memory: 214.977 MB.
==============================================================
Vitis HLS - High-Level Synthesis from C, C++ and OpenCL v2020.2 (64-bit)
Copyright 1986-2020 Xilinx, Inc. All Rights Reserved.
==============================================================
INFO: [SYN 201-201] Setting up clock 'default' with a period of 10ns.
INFO: [HLS 200-10] Setting target device to 'xc7z020-clg400-1'
INFO: [HLS 200-1505] Using flow_target 'vivado'
INFO: [HLS 200-1464] Running solution command: config_export -format=ip_catalog
INFO: [HLS 200-1464] Running solution command: config_export -rtl=verilog
INFO: [HLS 200-1510] Running: set_part xc7z020-clg400-1 
INFO: [HLS 200-1510] Running: create_clock -period 10 -name default 
INFO: [HLS 200-1510] Running: config_export -format ip_catalog -rtl verilog 
INFO: [HLS 200-1510] Running: set_directive_top -name hls_macc hls_macc 
INFO: [HLS 200-1510] Running: set_directive_bind_op -op add -impl dsp hls_macc acc_reg 
INFO: [HLS 200-1510] Running: set_directive_bind_op -op mul -impl dsp hls_macc dsp 
INFO: [HLS 200-1510] Running: cosim_design -trace_level all 
INFO: [COSIM 212-47] Using XSIM for RTL simulation.
INFO: [COSIM 212-14] Instrumenting C test bench ...
INFO: [COSIM 212-302] Starting C TB testing ... 
INFO: [COSIM 212-333] Generating C post check test bench ...
INFO: [COSIM 212-12] Generating RTL test bench ...
INFO: [COSIM 212-1] *** C/RTL co-simulation file generation completed. ***
INFO: [COSIM 212-323] Starting verilog simulation. 
INFO: [COSIM 212-15] Starting XSIM ...
INFO: [COSIM 212-316] Starting C post checking ...
INFO: [COSIM 212-1000] *** C/RTL co-simulation finished: PASS ***
INFO: [HLS 200-111] Finished Command cosim_design CPU user time: 0 seconds. CPU system time: 1 seconds. Elapsed time: 66.082 seconds; current allocated memory: 197.733 MB.
