INFO: [SIM 2] *************** CSIM start ***************
INFO: [SIM 4] CSIM will launch GCC as the compiler.
   Compiling(apcc) ../../../../../../../../Downloads/Using_IP_with_Zynq-20211014T130150Z-001/Using_IP_with_Zynq/lab1/hls_macc/hls_macc_test.c in debug mode
INFO: [HLS 200-10] Running 'C:/Xilinx/Vitis_HLS/2020.2/bin/unwrapped/win64.o/apcc.exe'
INFO: [HLS 200-10] For user 'ethan_kvm' on host 'desktop-abl2o87' (Windows NT_amd64 version 6.2) on Thu Oct 14 21:11:29 +0800 2021
INFO: [HLS 200-10] In directory 'C:/Users/ethan_kvm/AppData/Roaming/Xilinx/Vitis/use_ip_on_zynq_lab1/solution1/csim/build'
../../../../../../../../Downloads/Using_IP_with_Zynq-20211014T130150Z-001/Using_IP_with_Zynq/lab1/hls_macc/hls_macc_test.c:55:1: warning: control reaches end of non-void function [-Wreturn-type]
}
^
1 warning generated.
../../../../../../../../Downloads/Using_IP_with_Zynq-20211014T130150Z-001/Using_IP_with_Zynq/lab1/hls_macc/hls_macc_test.c:55:1: warning: control reaches end of non-void function [-Wreturn-type]
}
^
1 warning generated.
INFO: [APCC 202-3] Tmp directory is apcc_db
INFO: [APCC 202-1] APCC is done.
   Compiling(apcc) ../../../../../../../../Downloads/Using_IP_with_Zynq-20211014T130150Z-001/Using_IP_with_Zynq/lab1/hls_macc/hls_macc.c in debug mode
INFO: [HLS 200-10] Running 'C:/Xilinx/Vitis_HLS/2020.2/bin/unwrapped/win64.o/apcc.exe'
INFO: [HLS 200-10] For user 'ethan_kvm' on host 'desktop-abl2o87' (Windows NT_amd64 version 6.2) on Thu Oct 14 21:11:36 +0800 2021
INFO: [HLS 200-10] In directory 'C:/Users/ethan_kvm/AppData/Roaming/Xilinx/Vitis/use_ip_on_zynq_lab1/solution1/csim/build'
INFO: [APCC 202-3] Tmp directory is apcc_db
INFO: [APCC 202-1] APCC is done.
   Generating csim.exe

*** 32 Tests Passed ***

INFO: [SIM 1] CSim done with 0 errors.
INFO: [SIM 3] *************** CSIM finish ***************
