

================================================================
== Vivado HLS Report for 'Loop_real2xfft_outpu'
================================================================
* Date:           Sun Oct 17 00:24:34 2021

* Version:        2020.1 (Build 2897737 on Wed May 27 20:21:37 MDT 2020)
* Project:        fe_vhls_prj
* Solution:       solution1
* Product family: zynq
* Target device:  xc7z020-clg400-1


================================================================
== Performance Estimates
================================================================
+ Timing: 
    * Summary: 
    +--------+---------+----------+------------+
    |  Clock |  Target | Estimated| Uncertainty|
    +--------+---------+----------+------------+
    |ap_clk  | 4.00 ns | 1.770 ns |   0.50 ns  |
    +--------+---------+----------+------------+

+ Latency: 
    * Summary: 
    +---------+---------+----------+----------+-----+-----+---------------------------------------------+
    |  Latency (cycles) |  Latency (absolute) |  Interval |                   Pipeline                  |
    |   min   |   max   |    min   |    max   | min | max |                     Type                    |
    +---------+---------+----------+----------+-----+-----+---------------------------------------------+
    |      512|      513| 2.048 us | 2.052 us |  512|  512| loop rewind(delay=0 initiation interval(s)) |
    +---------+---------+----------+----------+-----+-----+---------------------------------------------+

    + Detail: 
        * Instance: 
        N/A

        * Loop: 
        +--------------------+---------+---------+----------+-----------+-----------+------+----------+
        |                    |  Latency (cycles) | Iteration|  Initiation Interval  | Trip |          |
        |      Loop Name     |   min   |   max   |  Latency |  achieved |   target  | Count| Pipelined|
        +--------------------+---------+---------+----------+-----------+-----------+------+----------+
        |- real2xfft_output  |      512|      512|         2|          1|          1|   512|    yes   |
        +--------------------+---------+---------+----------+-----------+-----------+------+----------+



================================================================
== Utilization Estimates
================================================================
* Summary: 
+-----------------+---------+-------+--------+-------+-----+
|       Name      | BRAM_18K| DSP48E|   FF   |  LUT  | URAM|
+-----------------+---------+-------+--------+-------+-----+
|DSP              |        -|      -|       -|      -|    -|
|Expression       |        -|      -|       0|     38|    -|
|FIFO             |        -|      -|       -|      -|    -|
|Instance         |        -|      -|       -|      -|    -|
|Memory           |        -|      -|       -|      -|    -|
|Multiplexer      |        -|      -|       -|     84|    -|
|Register         |        -|      -|      25|      -|    -|
+-----------------+---------+-------+--------+-------+-----+
|Total            |        0|      0|      25|    122|    0|
+-----------------+---------+-------+--------+-------+-----+
|Available        |      280|    220|  106400|  53200|    0|
+-----------------+---------+-------+--------+-------+-----+
|Utilization (%)  |        0|      0|   ~0   |   ~0  |    0|
+-----------------+---------+-------+--------+-------+-----+

+ Detail: 
    * Instance: 
    N/A

    * DSP48E: 
    N/A

    * Memory: 
    N/A

    * FIFO: 
    N/A

    * Expression: 
    +----------------------------------+----------+-------+---+----+------------+------------+
    |           Variable Name          | Operation| DSP48E| FF| LUT| Bitwidth P0| Bitwidth P1|
    +----------------------------------+----------+-------+---+----+------------+------------+
    |i_fu_158_p2                       |     +    |      0|  0|  13|           2|          11|
    |ap_condition_78                   |    and   |      0|  0|   2|           1|           1|
    |dout_TLAST_int                    |   icmp   |      0|  0|  13|          10|           3|
    |ap_block_pp0_stage0_01001         |    or    |      0|  0|   2|           1|           1|
    |ap_block_pp0_stage0_11001         |    or    |      0|  0|   2|           1|           1|
    |ap_block_state1                   |    or    |      0|  0|   2|           1|           1|
    |ap_block_state2_pp0_stage0_iter0  |    or    |      0|  0|   2|           1|           1|
    |ap_enable_pp0                     |    xor   |      0|  0|   2|           1|           2|
    +----------------------------------+----------+-------+---+----+------------+------------+
    |Total                             |          |      0|  0|  38|          18|          21|
    +----------------------------------+----------+-------+---+----+------------+------------+

    * Multiplexer: 
    +-------------------------------+----+-----------+-----+-----------+
    |              Name             | LUT| Input Size| Bits| Total Bits|
    +-------------------------------+----+-----------+-----+-----------+
    |ap_NS_fsm                      |  15|          3|    1|          3|
    |ap_done                        |   9|          2|    1|          2|
    |ap_enable_reg_pp0_iter1        |   9|          2|    1|          2|
    |ap_phi_mux_i_01_phi_fu_128_p6  |  15|          3|   10|         30|
    |dout_TDATA_blk_n               |   9|          2|    1|          2|
    |i_01_reg_124                   |   9|          2|   10|         20|
    |windowed_0_blk_n               |   9|          2|    1|          2|
    |windowed_1_blk_n               |   9|          2|    1|          2|
    +-------------------------------+----+-----------+-----+-----------+
    |Total                          |  84|         18|   26|         63|
    +-------------------------------+----+-----------+-----+-----------+

    * Register: 
    +-------------------------+----+----+-----+-----------+
    |           Name          | FF | LUT| Bits| Const Bits|
    +-------------------------+----+----+-----+-----------+
    |ap_CS_fsm                |   2|   0|    2|          0|
    |ap_done_reg              |   1|   0|    1|          0|
    |ap_enable_reg_pp0_iter1  |   1|   0|    1|          0|
    |i_01_reg_124             |  10|   0|   10|          0|
    |tmp_reg_193              |   1|   0|    1|          0|
    |trunc_ln77_reg_188       |  10|   0|   10|          0|
    +-------------------------+----+----+-----+-----------+
    |Total                    |  25|   0|   25|          0|
    +-------------------------+----+----+-----+-----------+



================================================================
== Interface
================================================================
* Summary: 
+--------------------+-----+-----+------------+----------------------+--------------+
|      RTL Ports     | Dir | Bits|  Protocol  |     Source Object    |    C Type    |
+--------------------+-----+-----+------------+----------------------+--------------+
|ap_clk              |  in |    1| ap_ctrl_hs | Loop_real2xfft_outpu | return value |
|ap_rst              |  in |    1| ap_ctrl_hs | Loop_real2xfft_outpu | return value |
|ap_start            |  in |    1| ap_ctrl_hs | Loop_real2xfft_outpu | return value |
|ap_done             | out |    1| ap_ctrl_hs | Loop_real2xfft_outpu | return value |
|ap_continue         |  in |    1| ap_ctrl_hs | Loop_real2xfft_outpu | return value |
|ap_idle             | out |    1| ap_ctrl_hs | Loop_real2xfft_outpu | return value |
|ap_ready            | out |    1| ap_ctrl_hs | Loop_real2xfft_outpu | return value |
|windowed_0_dout     |  in |   16|   ap_fifo  |      windowed_0      |    pointer   |
|windowed_0_empty_n  |  in |    1|   ap_fifo  |      windowed_0      |    pointer   |
|windowed_0_read     | out |    1|   ap_fifo  |      windowed_0      |    pointer   |
|windowed_1_dout     |  in |   16|   ap_fifo  |      windowed_1      |    pointer   |
|windowed_1_empty_n  |  in |    1|   ap_fifo  |      windowed_1      |    pointer   |
|windowed_1_read     | out |    1|   ap_fifo  |      windowed_1      |    pointer   |
|dout_TREADY         |  in |    1|    axis    |     dout_V_last_V    |    pointer   |
|dout_TVALID         | out |    1|    axis    |     dout_V_last_V    |    pointer   |
|dout_TLAST          | out |    1|    axis    |     dout_V_last_V    |    pointer   |
|dout_TDATA          | out |   32|    axis    |      dout_V_data     |    pointer   |
+--------------------+-----+-----+------------+----------------------+--------------+

