INFO: [SIM 2] *************** CSIM start ***************
INFO: [SIM 4] CSIM will launch GCC as the compiler.
   Compiling ../../../../hls_realfft_test.cpp in debug mode
   Compiling ../../../../xfft2real.cpp in debug mode
   Compiling ../../../../real2xfft.cpp in debug mode
   Generating csim.exe
   0:	HW: {  0.012207,  0.000000 }; mag = 0.012207	SW: {  0.012207,  0.000031 }; mag = 0.012207
   1:	HW: { -0.009003,  0.001129 }; mag = 0.009073	SW: { -0.009033,  0.001068 }; mag = 0.009096
   2:	HW: {  0.001984, -0.000275 }; mag = 0.002003	SW: {  0.001923, -0.000275 }; mag = 0.001942
   3:	HW: {  0.000092,  0.000000 }; mag = 0.000092	SW: {  0.000031, -0.000031 }; mag = 0.000043
   4:	HW: {  0.000000,  0.000000 }; mag = 0.000000	SW: {  0.000000,  0.000000 }; mag = 0.000000
   5:	HW: {  0.000000,  0.000000 }; mag = 0.000000	SW: {  0.000000,  0.000000 }; mag = 0.000000
   6:	HW: {  0.000000,  0.000000 }; mag = 0.000000	SW: {  0.000000,  0.000000 }; mag = 0.000000
   7:	HW: {  0.000000,  0.000000 }; mag = 0.000000	SW: {  0.000000,  0.000000 }; mag = 0.000000
   8:	HW: {  0.000000,  0.000000 }; mag = 0.000000	SW: {  0.000000,  0.000000 }; mag = 0.000000
   9:	HW: {  0.000000,  0.000000 }; mag = 0.000000	SW: { -0.000031,  0.000000 }; mag = 0.000031
  10:	HW: {  0.000000,  0.000000 }; mag = 0.000000	SW: {  0.000000,  0.000000 }; mag = 0.000000
  11:	HW: {  0.000000,  0.000000 }; mag = 0.000000	SW: {  0.000000,  0.000000 }; mag = 0.000000
  12:	HW: {  0.000000,  0.000000 }; mag = 0.000000	SW: {  0.000000,  0.000000 }; mag = 0.000000
  13:	HW: {  0.000000,  0.000000 }; mag = 0.000000	SW: {  0.000000,  0.000000 }; mag = 0.000000
  14:	HW: {  0.000000,  0.000000 }; mag = 0.000000	SW: { -0.000031,  0.000000 }; mag = 0.000031
  15:	HW: {  0.000000,  0.000000 }; mag = 0.000000	SW: { -0.000031, -0.000031 }; mag = 0.000043
  16:	HW: { -0.000031,  0.000000 }; mag = 0.000031	SW: { -0.000031,  0.000000 }; mag = 0.000031
  17:	HW: {  0.000000,  0.000000 }; mag = 0.000000	SW: {  0.000000,  0.000000 }; mag = 0.000000
  18:	HW: {  0.000000,  0.000000 }; mag = 0.000000	SW: {  0.000000,  0.000000 }; mag = 0.000000
  19:	HW: {  0.000000,  0.000000 }; mag = 0.000000	SW: {  0.000000,  0.000000 }; mag = 0.000000
  20:	HW: {  0.000000,  0.000000 }; mag = 0.000000	SW: {  0.000000,  0.000000 }; mag = 0.000000
  21:	HW: {  0.000000,  0.000000 }; mag = 0.000000	SW: {  0.000000,  0.000000 }; mag = 0.000000
  22:	HW: {  0.000000,  0.000000 }; mag = 0.000000	SW: {  0.000000,  0.000000 }; mag = 0.000000
  23:	HW: {  0.000000,  0.000000 }; mag = 0.000000	SW: {  0.000000,  0.000000 }; mag = 0.000000
  24:	HW: {  0.000000,  0.000000 }; mag = 0.000000	SW: {  0.000000,  0.000000 }; mag = 0.000000
  25:	HW: {  0.000000,  0.000000 }; mag = 0.000000	SW: {  0.000000,  0.000000 }; mag = 0.000000
  26:	HW: {  0.000000,  0.000000 }; mag = 0.000000	SW: {  0.000000,  0.000000 }; mag = 0.000000
  27:	HW: {  0.000000,  0.000000 }; mag = 0.000000	SW: {  0.000000,  0.000000 }; mag = 0.000000
  28:	HW: {  0.000000,  0.000000 }; mag = 0.000000	SW: {  0.000000,  0.000000 }; mag = 0.000000
  29:	HW: {  0.000000,  0.000000 }; mag = 0.000000	SW: { -0.000031,  0.000000 }; mag = 0.000031
  30:	HW: {  0.000000,  0.000000 }; mag = 0.000000	SW: {  0.000000,  0.000000 }; mag = 0.000000
  31:	HW: {  0.000000,  0.000000 }; mag = 0.000000	SW: {  0.000000,  0.000000 }; mag = 0.000000
  32:	HW: {  0.000000,  0.000000 }; mag = 0.000000	SW: {  0.000000,  0.000000 }; mag = 0.000000
  33:	HW: {  0.000000,  0.000000 }; mag = 0.000000	SW: {  0.000000,  0.000000 }; mag = 0.000000
  34:	HW: {  0.000000,  0.015808 }; mag = 0.015808	SW: {  0.000000,  0.015778 }; mag = 0.015778
  35:	HW: {  0.000000, -0.037170 }; mag = 0.037170	SW: { -0.000031, -0.037170 }; mag = 0.037170
  36:	HW: {  0.000000,  0.015808 }; mag = 0.015808	SW: { -0.000031,  0.015778 }; mag = 0.015778
  37:	HW: {  0.000000,  0.000000 }; mag = 0.000000	SW: {  0.000000,  0.000000 }; mag = 0.000000
  38:	HW: {  0.000000,  0.000000 }; mag = 0.000000	SW: {  0.000000,  0.000000 }; mag = 0.000000
  39:	HW: {  0.000000,  0.000000 }; mag = 0.000000	SW: {  0.000000,  0.000000 }; mag = 0.000000
  40:	HW: {  0.000000,  0.000000 }; mag = 0.000000	SW: {  0.000000,  0.000000 }; mag = 0.000000
  41:	HW: {  0.000000,  0.000000 }; mag = 0.000000	SW: {  0.000000,  0.000000 }; mag = 0.000000
  42:	HW: {  0.000000,  0.000000 }; mag = 0.000000	SW: {  0.000000,  0.000000 }; mag = 0.000000
  43:	HW: {  0.000000,  0.000000 }; mag = 0.000000	SW: {  0.000000,  0.000000 }; mag = 0.000000
  44:	HW: {  0.000000,  0.000000 }; mag = 0.000000	SW: {  0.000000,  0.000000 }; mag = 0.000000
  45:	HW: {  0.000000,  0.000000 }; mag = 0.000000	SW: {  0.000000,  0.000000 }; mag = 0.000000
  46:	HW: {  0.000000,  0.000000 }; mag = 0.000000	SW: {  0.000000,  0.000000 }; mag = 0.000000
  47:	HW: {  0.000000,  0.000000 }; mag = 0.000000	SW: {  0.000000,  0.000000 }; mag = 0.000000
  48:	HW: {  0.000000,  0.000000 }; mag = 0.000000	SW: {  0.000000,  0.000000 }; mag = 0.000000
  49:	HW: {  0.000000,  0.000000 }; mag = 0.000000	SW: {  0.000000,  0.000000 }; mag = 0.000000
  50:	HW: {  0.000000,  0.000000 }; mag = 0.000000	SW: {  0.000000,  0.000000 }; mag = 0.000000
  51:	HW: {  0.000000,  0.000000 }; mag = 0.000000	SW: {  0.000000,  0.000000 }; mag = 0.000000
  52:	HW: {  0.000000,  0.000000 }; mag = 0.000000	SW: {  0.000000,  0.000000 }; mag = 0.000000
  53:	HW: {  0.000000,  0.000000 }; mag = 0.000000	SW: {  0.000000,  0.000000 }; mag = 0.000000
  54:	HW: {  0.000000,  0.000000 }; mag = 0.000000	SW: {  0.000000,  0.000000 }; mag = 0.000000
  55:	HW: {  0.000000,  0.000000 }; mag = 0.000000	SW: {  0.000000,  0.000000 }; mag = 0.000000
  56:	HW: {  0.000000,  0.000000 }; mag = 0.000000	SW: { -0.000031,  0.000000 }; mag = 0.000031
  57:	HW: {  0.000000,  0.000000 }; mag = 0.000000	SW: {  0.000000,  0.000000 }; mag = 0.000000
  58:	HW: {  0.000000,  0.000000 }; mag = 0.000000	SW: {  0.000000,  0.000000 }; mag = 0.000000
  59:	HW: {  0.000000,  0.000000 }; mag = 0.000000	SW: {  0.000000,  0.000000 }; mag = 0.000000
  60:	HW: {  0.000000,  0.000000 }; mag = 0.000000	SW: {  0.000000,  0.000000 }; mag = 0.000000
  61:	HW: {  0.000000,  0.000000 }; mag = 0.000000	SW: {  0.000000,  0.000000 }; mag = 0.000000
  62:	HW: {  0.000000,  0.000000 }; mag = 0.000000	SW: {  0.000000,  0.000000 }; mag = 0.000000
  63:	HW: {  0.000000,  0.000000 }; mag = 0.000000	SW: {  0.000000,  0.000000 }; mag = 0.000000
  64:	HW: {  0.000000,  0.000000 }; mag = 0.000000	SW: {  0.000000,  0.000000 }; mag = 0.000000
  65:	HW: {  0.000000,  0.000000 }; mag = 0.000000	SW: {  0.000000,  0.000000 }; mag = 0.000000
  66:	HW: {  0.000000,  0.000000 }; mag = 0.000000	SW: {  0.000000,  0.000000 }; mag = 0.000000
  67:	HW: {  0.000000,  0.000000 }; mag = 0.000000	SW: {  0.000000,  0.000000 }; mag = 0.000000
  68:	HW: {  0.000000,  0.000000 }; mag = 0.000000	SW: {  0.000000,  0.000000 }; mag = 0.000000
  69:	HW: {  0.000000,  0.000000 }; mag = 0.000000	SW: {  0.000000,  0.000000 }; mag = 0.000000
  70:	HW: {  0.000000,  0.000000 }; mag = 0.000000	SW: {  0.000000,  0.000000 }; mag = 0.000000
  71:	HW: {  0.000000,  0.000000 }; mag = 0.000000	SW: {  0.000000,  0.000000 }; mag = 0.000000
  72:	HW: {  0.000000,  0.000000 }; mag = 0.000000	SW: {  0.000000,  0.000000 }; mag = 0.000000
  73:	HW: {  0.000000,  0.000000 }; mag = 0.000000	SW: {  0.000000,  0.000000 }; mag = 0.000000
  74:	HW: {  0.000000,  0.000000 }; mag = 0.000000	SW: {  0.000000,  0.000000 }; mag = 0.000000
  75:	HW: {  0.000000,  0.000000 }; mag = 0.000000	SW: {  0.000000,  0.000000 }; mag = 0.000000
  76:	HW: {  0.000000,  0.000000 }; mag = 0.000000	SW: {  0.000000,  0.000000 }; mag = 0.000000
  77:	HW: {  0.000000,  0.000000 }; mag = 0.000000	SW: {  0.000000,  0.000000 }; mag = 0.000000
  78:	HW: {  0.000000,  0.000000 }; mag = 0.000000	SW: {  0.000000,  0.000000 }; mag = 0.000000
  79:	HW: {  0.000000,  0.000000 }; mag = 0.000000	SW: {  0.000000,  0.000000 }; mag = 0.000000
  80:	HW: {  0.000000,  0.000000 }; mag = 0.000000	SW: {  0.000000,  0.000000 }; mag = 0.000000
  81:	HW: {  0.000000,  0.000000 }; mag = 0.000000	SW: {  0.000000,  0.000000 }; mag = 0.000000
  82:	HW: {  0.000000,  0.000000 }; mag = 0.000000	SW: {  0.000000,  0.000000 }; mag = 0.000000
  83:	HW: {  0.000000,  0.000000 }; mag = 0.000000	SW: {  0.000000,  0.000000 }; mag = 0.000000
  84:	HW: {  0.000000,  0.000000 }; mag = 0.000000	SW: {  0.000000,  0.000000 }; mag = 0.000000
  85:	HW: {  0.000000,  0.000000 }; mag = 0.000000	SW: {  0.000000,  0.000000 }; mag = 0.000000
  86:	HW: {  0.000000,  0.000000 }; mag = 0.000000	SW: {  0.000000,  0.000000 }; mag = 0.000000
  87:	HW: {  0.000000,  0.000000 }; mag = 0.000000	SW: {  0.000000,  0.000000 }; mag = 0.000000
  88:	HW: {  0.000000,  0.000000 }; mag = 0.000000	SW: {  0.000000,  0.000000 }; mag = 0.000000
  89:	HW: {  0.000000,  0.000000 }; mag = 0.000000	SW: {  0.000000,  0.000000 }; mag = 0.000000
  90:	HW: {  0.000000,  0.000000 }; mag = 0.000000	SW: {  0.000000,  0.000000 }; mag = 0.000000
  91:	HW: {  0.000000,  0.000000 }; mag = 0.000000	SW: {  0.000000,  0.000000 }; mag = 0.000000
  92:	HW: {  0.000000,  0.000000 }; mag = 0.000000	SW: {  0.000000,  0.000000 }; mag = 0.000000
  93:	HW: {  0.000000,  0.000000 }; mag = 0.000000	SW: {  0.000000,  0.000000 }; mag = 0.000000
  94:	HW: {  0.000000,  0.000000 }; mag = 0.000000	SW: {  0.000000,  0.000000 }; mag = 0.000000
  95:	HW: {  0.000000,  0.000000 }; mag = 0.000000	SW: {  0.000000,  0.000000 }; mag = 0.000000
  96:	HW: {  0.000000,  0.000000 }; mag = 0.000000	SW: {  0.000000,  0.000000 }; mag = 0.000000
  97:	HW: {  0.000000,  0.000000 }; mag = 0.000000	SW: {  0.000000,  0.000000 }; mag = 0.000000
  98:	HW: {  0.000000,  0.000000 }; mag = 0.000000	SW: {  0.000000,  0.000000 }; mag = 0.000000
  99:	HW: {  0.008362,  0.008362 }; mag = 0.011825	SW: {  0.008331,  0.008362 }; mag = 0.011804
 100:	HW: { -0.019714, -0.019714 }; mag = 0.027880	SW: { -0.019745, -0.019714 }; mag = 0.027902
 101:	HW: {  0.008331,  0.008362 }; mag = 0.011804	SW: {  0.008331,  0.008362 }; mag = 0.011804
 102:	HW: {  0.000000,  0.000000 }; mag = 0.000000	SW: {  0.000000,  0.000000 }; mag = 0.000000
 103:	HW: {  0.000000,  0.000000 }; mag = 0.000000	SW: {  0.000000,  0.000000 }; mag = 0.000000
 104:	HW: {  0.000000,  0.000000 }; mag = 0.000000	SW: {  0.000000,  0.000000 }; mag = 0.000000
 105:	HW: {  0.000000,  0.000000 }; mag = 0.000000	SW: {  0.000000,  0.000000 }; mag = 0.000000
 106:	HW: {  0.000000,  0.000000 }; mag = 0.000000	SW: {  0.000000,  0.000000 }; mag = 0.000000
 107:	HW: {  0.000000,  0.000000 }; mag = 0.000000	SW: {  0.000000,  0.000000 }; mag = 0.000000
 108:	HW: {  0.000000,  0.000000 }; mag = 0.000000	SW: {  0.000000,  0.000000 }; mag = 0.000000
 109:	HW: {  0.000000,  0.000000 }; mag = 0.000000	SW: {  0.000000,  0.000000 }; mag = 0.000000
 110:	HW: {  0.000000,  0.000000 }; mag = 0.000000	SW: {  0.000000,  0.000000 }; mag = 0.000000
 111:	HW: {  0.000000,  0.000000 }; mag = 0.000000	SW: {  0.000000,  0.000000 }; mag = 0.000000
 112:	HW: {  0.000000,  0.000000 }; mag = 0.000000	SW: {  0.000000,  0.000000 }; mag = 0.000000
 113:	HW: {  0.000000,  0.000000 }; mag = 0.000000	SW: {  0.000000,  0.000000 }; mag = 0.000000
 114:	HW: {  0.000000,  0.000000 }; mag = 0.000000	SW: {  0.000000,  0.000000 }; mag = 0.000000
 115:	HW: {  0.000000,  0.000000 }; mag = 0.000000	SW: {  0.000000,  0.000000 }; mag = 0.000000
 116:	HW: {  0.000000,  0.000000 }; mag = 0.000000	SW: {  0.000000,  0.000000 }; mag = 0.000000
 117:	HW: {  0.000000,  0.000000 }; mag = 0.000000	SW: {  0.000000,  0.000000 }; mag = 0.000000
 118:	HW: {  0.000000,  0.000000 }; mag = 0.000000	SW: {  0.000000,  0.000000 }; mag = 0.000000
 119:	HW: {  0.000000,  0.000000 }; mag = 0.000000	SW: {  0.000000,  0.000000 }; mag = 0.000000
 120:	HW: {  0.000000,  0.000000 }; mag = 0.000000	SW: {  0.000000,  0.000000 }; mag = 0.000000
 121:	HW: {  0.000000,  0.000000 }; mag = 0.000000	SW: {  0.000000,  0.000000 }; mag = 0.000000
 122:	HW: {  0.000000,  0.000000 }; mag = 0.000000	SW: {  0.000000,  0.000000 }; mag = 0.000000
 123:	HW: {  0.000000,  0.000000 }; mag = 0.000000	SW: {  0.000000,  0.000000 }; mag = 0.000000
 124:	HW: {  0.000000,  0.000000 }; mag = 0.000000	SW: {  0.000000,  0.000000 }; mag = 0.000000
 125:	HW: {  0.000000,  0.000000 }; mag = 0.000000	SW: {  0.000000,  0.000000 }; mag = 0.000000
 126:	HW: {  0.000000,  0.000000 }; mag = 0.000000	SW: {  0.000000,  0.000000 }; mag = 0.000000
 127:	HW: {  0.000000,  0.000000 }; mag = 0.000000	SW: {  0.000000,  0.000000 }; mag = 0.000000
 128:	HW: {  0.000000,  0.000000 }; mag = 0.000000	SW: {  0.000000,  0.000000 }; mag = 0.000000
 129:	HW: {  0.000000,  0.000000 }; mag = 0.000000	SW: {  0.000000,  0.000000 }; mag = 0.000000
 130:	HW: {  0.000000,  0.000000 }; mag = 0.000000	SW: {  0.000000,  0.000000 }; mag = 0.000000
 131:	HW: {  0.000000,  0.000000 }; mag = 0.000000	SW: {  0.000000,  0.000000 }; mag = 0.000000
 132:	HW: {  0.000000,  0.000000 }; mag = 0.000000	SW: {  0.000000,  0.000000 }; mag = 0.000000
 133:	HW: {  0.000000,  0.000000 }; mag = 0.000000	SW: {  0.000000,  0.000000 }; mag = 0.000000
 134:	HW: {  0.000000,  0.000000 }; mag = 0.000000	SW: {  0.000000,  0.000000 }; mag = 0.000000
 135:	HW: {  0.000000,  0.000000 }; mag = 0.000000	SW: {  0.000000,  0.000000 }; mag = 0.000000
 136:	HW: {  0.000000,  0.000000 }; mag = 0.000000	SW: {  0.000000,  0.000000 }; mag = 0.000000
 137:	HW: {  0.000000,  0.000000 }; mag = 0.000000	SW: {  0.000000,  0.000000 }; mag = 0.000000
 138:	HW: {  0.000000,  0.000000 }; mag = 0.000000	SW: {  0.000000, -0.000031 }; mag = 0.000031
 139:	HW: {  0.000000,  0.000000 }; mag = 0.000000	SW: {  0.000000,  0.000000 }; mag = 0.000000
 140:	HW: {  0.000000,  0.000000 }; mag = 0.000000	SW: {  0.000000,  0.000000 }; mag = 0.000000
 141:	HW: {  0.000000,  0.000000 }; mag = 0.000000	SW: {  0.000000,  0.000000 }; mag = 0.000000
 142:	HW: {  0.000000,  0.000000 }; mag = 0.000000	SW: {  0.000000,  0.000000 }; mag = 0.000000
 143:	HW: {  0.000000,  0.000000 }; mag = 0.000000	SW: {  0.000000,  0.000000 }; mag = 0.000000
 144:	HW: {  0.000000,  0.000000 }; mag = 0.000000	SW: {  0.000000,  0.000000 }; mag = 0.000000
 145:	HW: {  0.000000,  0.000000 }; mag = 0.000000	SW: {  0.000000,  0.000000 }; mag = 0.000000
 146:	HW: {  0.000000,  0.000000 }; mag = 0.000000	SW: {  0.000000,  0.000000 }; mag = 0.000000
 147:	HW: {  0.000000,  0.000000 }; mag = 0.000000	SW: {  0.000000,  0.000000 }; mag = 0.000000
 148:	HW: {  0.000000,  0.000000 }; mag = 0.000000	SW: {  0.000000,  0.000000 }; mag = 0.000000
 149:	HW: {  0.000000,  0.000000 }; mag = 0.000000	SW: {  0.000000,  0.000000 }; mag = 0.000000
 150:	HW: {  0.000000,  0.000000 }; mag = 0.000000	SW: {  0.000000,  0.000000 }; mag = 0.000000
 151:	HW: {  0.000000,  0.000000 }; mag = 0.000000	SW: {  0.000000,  0.000000 }; mag = 0.000000
 152:	HW: {  0.000000,  0.000000 }; mag = 0.000000	SW: {  0.000000,  0.000000 }; mag = 0.000000
 153:	HW: {  0.000000,  0.000000 }; mag = 0.000000	SW: {  0.000000,  0.000000 }; mag = 0.000000
 154:	HW: {  0.000000,  0.000000 }; mag = 0.000000	SW: {  0.000000,  0.000000 }; mag = 0.000000
 155:	HW: {  0.000000,  0.000000 }; mag = 0.000000	SW: {  0.000000,  0.000000 }; mag = 0.000000
 156:	HW: {  0.000000,  0.000000 }; mag = 0.000000	SW: {  0.000000,  0.000000 }; mag = 0.000000
 157:	HW: {  0.000000,  0.000000 }; mag = 0.000000	SW: {  0.000000,  0.000000 }; mag = 0.000000
 158:	HW: {  0.000000,  0.000000 }; mag = 0.000000	SW: {  0.000000,  0.000000 }; mag = 0.000000
 159:	HW: {  0.000000,  0.000000 }; mag = 0.000000	SW: {  0.000000,  0.000000 }; mag = 0.000000
 160:	HW: {  0.000000,  0.000000 }; mag = 0.000000	SW: {  0.000000,  0.000000 }; mag = 0.000000
 161:	HW: {  0.000000,  0.000000 }; mag = 0.000000	SW: {  0.000000,  0.000000 }; mag = 0.000000
 162:	HW: {  0.000000,  0.000000 }; mag = 0.000000	SW: {  0.000000,  0.000000 }; mag = 0.000000
 163:	HW: {  0.000000,  0.000000 }; mag = 0.000000	SW: {  0.000000,  0.000000 }; mag = 0.000000
 164:	HW: {  0.000000,  0.000000 }; mag = 0.000000	SW: {  0.000000,  0.000000 }; mag = 0.000000
 165:	HW: {  0.000000,  0.000000 }; mag = 0.000000	SW: {  0.000000,  0.000000 }; mag = 0.000000
 166:	HW: {  0.000000,  0.000000 }; mag = 0.000000	SW: {  0.000000,  0.000000 }; mag = 0.000000
 167:	HW: {  0.000000,  0.000000 }; mag = 0.000000	SW: {  0.000000,  0.000000 }; mag = 0.000000
 168:	HW: {  0.000000,  0.000000 }; mag = 0.000000	SW: {  0.000000,  0.000000 }; mag = 0.000000
 169:	HW: {  0.000000,  0.000000 }; mag = 0.000000	SW: {  0.000000,  0.000000 }; mag = 0.000000
 170:	HW: {  0.000000,  0.000000 }; mag = 0.000000	SW: {  0.000000,  0.000000 }; mag = 0.000000
 171:	HW: {  0.000000,  0.000000 }; mag = 0.000000	SW: {  0.000000,  0.000000 }; mag = 0.000000
 172:	HW: {  0.000000,  0.000000 }; mag = 0.000000	SW: {  0.000000,  0.000000 }; mag = 0.000000
 173:	HW: {  0.000000,  0.000000 }; mag = 0.000000	SW: {  0.000000,  0.000000 }; mag = 0.000000
 174:	HW: {  0.000000,  0.000000 }; mag = 0.000000	SW: {  0.000000,  0.000000 }; mag = 0.000000
 175:	HW: {  0.000000,  0.000000 }; mag = 0.000000	SW: {  0.000000,  0.000000 }; mag = 0.000000
 176:	HW: {  0.000000,  0.000000 }; mag = 0.000000	SW: {  0.000000,  0.000000 }; mag = 0.000000
 177:	HW: {  0.000000,  0.000000 }; mag = 0.000000	SW: {  0.000000,  0.000000 }; mag = 0.000000
 178:	HW: {  0.000000,  0.000000 }; mag = 0.000000	SW: {  0.000000,  0.000000 }; mag = 0.000000
 179:	HW: {  0.000000,  0.000000 }; mag = 0.000000	SW: {  0.000000,  0.000000 }; mag = 0.000000
 180:	HW: {  0.000000,  0.000000 }; mag = 0.000000	SW: {  0.000000,  0.000000 }; mag = 0.000000
 181:	HW: {  0.000000,  0.000000 }; mag = 0.000000	SW: {  0.000000,  0.000000 }; mag = 0.000000
 182:	HW: {  0.000000,  0.000000 }; mag = 0.000000	SW: {  0.000000,  0.000000 }; mag = 0.000000
 183:	HW: {  0.000000,  0.000000 }; mag = 0.000000	SW: {  0.000000,  0.000000 }; mag = 0.000000
 184:	HW: {  0.000000,  0.000000 }; mag = 0.000000	SW: {  0.000000,  0.000000 }; mag = 0.000000
 185:	HW: {  0.000000,  0.000000 }; mag = 0.000000	SW: {  0.000000,  0.000000 }; mag = 0.000000
 186:	HW: {  0.000000,  0.000000 }; mag = 0.000000	SW: {  0.000000,  0.000000 }; mag = 0.000000
 187:	HW: {  0.000000,  0.000000 }; mag = 0.000000	SW: {  0.000000,  0.000000 }; mag = 0.000000
 188:	HW: {  0.000000,  0.000000 }; mag = 0.000000	SW: {  0.000000,  0.000000 }; mag = 0.000000
 189:	HW: {  0.000000,  0.000000 }; mag = 0.000000	SW: {  0.000000,  0.000000 }; mag = 0.000000
 190:	HW: {  0.000000,  0.000000 }; mag = 0.000000	SW: {  0.000000,  0.000000 }; mag = 0.000000
 191:	HW: {  0.000000,  0.000000 }; mag = 0.000000	SW: {  0.000000,  0.000000 }; mag = 0.000000
 192:	HW: {  0.000000,  0.000000 }; mag = 0.000000	SW: {  0.000000,  0.000000 }; mag = 0.000000
 193:	HW: {  0.000000,  0.000000 }; mag = 0.000000	SW: {  0.000000,  0.000000 }; mag = 0.000000
 194:	HW: {  0.000000,  0.000000 }; mag = 0.000000	SW: {  0.000000,  0.000000 }; mag = 0.000000
 195:	HW: {  0.000000,  0.000000 }; mag = 0.000000	SW: {  0.000000,  0.000000 }; mag = 0.000000
 196:	HW: {  0.000000,  0.000000 }; mag = 0.000000	SW: {  0.000000,  0.000000 }; mag = 0.000000
 197:	HW: {  0.000000,  0.000000 }; mag = 0.000000	SW: {  0.000000,  0.000000 }; mag = 0.000000
 198:	HW: {  0.000000,  0.000000 }; mag = 0.000000	SW: {  0.000000,  0.000000 }; mag = 0.000000
 199:	HW: {  0.000000,  0.000000 }; mag = 0.000000	SW: {  0.000000,  0.000000 }; mag = 0.000000
 200:	HW: {  0.011841,  0.000000 }; mag = 0.011841	SW: {  0.011841,  0.000000 }; mag = 0.011841
 201:	HW: { -0.027893,  0.000000 }; mag = 0.027893	SW: { -0.027893,  0.000000 }; mag = 0.027893
 202:	HW: {  0.011841,  0.000000 }; mag = 0.011841	SW: {  0.011841,  0.000000 }; mag = 0.011841
 203:	HW: {  0.000000,  0.000000 }; mag = 0.000000	SW: {  0.000000,  0.000000 }; mag = 0.000000
 204:	HW: {  0.000000,  0.000000 }; mag = 0.000000	SW: {  0.000000,  0.000000 }; mag = 0.000000
 205:	HW: {  0.000000,  0.000000 }; mag = 0.000000	SW: {  0.000000,  0.000000 }; mag = 0.000000
 206:	HW: {  0.000000,  0.000000 }; mag = 0.000000	SW: {  0.000000,  0.000000 }; mag = 0.000000
 207:	HW: {  0.000000,  0.000000 }; mag = 0.000000	SW: {  0.000000,  0.000000 }; mag = 0.000000
 208:	HW: {  0.000000,  0.000000 }; mag = 0.000000	SW: {  0.000000,  0.000000 }; mag = 0.000000
 209:	HW: {  0.000000,  0.000000 }; mag = 0.000000	SW: {  0.000000,  0.000000 }; mag = 0.000000
 210:	HW: {  0.000000,  0.000000 }; mag = 0.000000	SW: {  0.000000,  0.000000 }; mag = 0.000000
 211:	HW: {  0.000000,  0.000000 }; mag = 0.000000	SW: {  0.000000,  0.000000 }; mag = 0.000000
 212:	HW: {  0.000000,  0.000000 }; mag = 0.000000	SW: {  0.000000,  0.000000 }; mag = 0.000000
 213:	HW: {  0.000000,  0.000000 }; mag = 0.000000	SW: {  0.000000,  0.000000 }; mag = 0.000000
 214:	HW: {  0.000000,  0.000000 }; mag = 0.000000	SW: {  0.000000,  0.000000 }; mag = 0.000000
 215:	HW: {  0.000000,  0.000000 }; mag = 0.000000	SW: {  0.000000,  0.000000 }; mag = 0.000000
 216:	HW: {  0.000000,  0.000000 }; mag = 0.000000	SW: {  0.000000,  0.000000 }; mag = 0.000000
 217:	HW: {  0.000000,  0.000000 }; mag = 0.000000	SW: {  0.000000,  0.000000 }; mag = 0.000000
 218:	HW: {  0.000000,  0.000000 }; mag = 0.000000	SW: {  0.000000,  0.000000 }; mag = 0.000000
 219:	HW: {  0.000000,  0.000000 }; mag = 0.000000	SW: {  0.000000,  0.000000 }; mag = 0.000000
 220:	HW: {  0.000000,  0.000000 }; mag = 0.000000	SW: {  0.000000,  0.000000 }; mag = 0.000000
 221:	HW: {  0.000000,  0.000000 }; mag = 0.000000	SW: {  0.000000,  0.000000 }; mag = 0.000000
 222:	HW: {  0.000000,  0.000000 }; mag = 0.000000	SW: {  0.000000,  0.000000 }; mag = 0.000000
 223:	HW: {  0.000000,  0.000000 }; mag = 0.000000	SW: {  0.000000,  0.000000 }; mag = 0.000000
 224:	HW: {  0.000000,  0.000000 }; mag = 0.000000	SW: {  0.000000,  0.000000 }; mag = 0.000000
 225:	HW: {  0.000000,  0.000000 }; mag = 0.000000	SW: {  0.000000,  0.000000 }; mag = 0.000000
 226:	HW: {  0.000000,  0.000000 }; mag = 0.000000	SW: {  0.000000,  0.000000 }; mag = 0.000000
 227:	HW: {  0.000000,  0.000000 }; mag = 0.000000	SW: {  0.000000,  0.000000 }; mag = 0.000000
 228:	HW: {  0.000000,  0.000000 }; mag = 0.000000	SW: {  0.000000,  0.000000 }; mag = 0.000000
 229:	HW: {  0.000000,  0.000000 }; mag = 0.000000	SW: {  0.000000,  0.000000 }; mag = 0.000000
 230:	HW: {  0.000000,  0.000000 }; mag = 0.000000	SW: {  0.000000,  0.000000 }; mag = 0.000000
 231:	HW: {  0.000000,  0.000000 }; mag = 0.000000	SW: {  0.000000,  0.000000 }; mag = 0.000000
 232:	HW: {  0.000000,  0.000000 }; mag = 0.000000	SW: {  0.000000,  0.000000 }; mag = 0.000000
 233:	HW: {  0.000000,  0.000000 }; mag = 0.000000	SW: {  0.000000,  0.000000 }; mag = 0.000000
 234:	HW: {  0.000000,  0.000000 }; mag = 0.000000	SW: {  0.000000,  0.000000 }; mag = 0.000000
 235:	HW: {  0.000000,  0.000000 }; mag = 0.000000	SW: {  0.000000,  0.000000 }; mag = 0.000000
 236:	HW: {  0.000000,  0.000000 }; mag = 0.000000	SW: {  0.000000,  0.000000 }; mag = 0.000000
 237:	HW: {  0.000000,  0.000000 }; mag = 0.000000	SW: {  0.000000,  0.000000 }; mag = 0.000000
 238:	HW: {  0.000000,  0.000000 }; mag = 0.000000	SW: {  0.000000,  0.000000 }; mag = 0.000000
 239:	HW: {  0.000000,  0.000000 }; mag = 0.000000	SW: {  0.000000,  0.000000 }; mag = 0.000000
 240:	HW: {  0.000000,  0.000000 }; mag = 0.000000	SW: {  0.000000,  0.000000 }; mag = 0.000000
 241:	HW: {  0.000000,  0.000000 }; mag = 0.000000	SW: {  0.000000,  0.000000 }; mag = 0.000000
 242:	HW: {  0.000000,  0.000000 }; mag = 0.000000	SW: {  0.000000,  0.000000 }; mag = 0.000000
 243:	HW: {  0.000000,  0.000000 }; mag = 0.000000	SW: {  0.000000,  0.000000 }; mag = 0.000000
 244:	HW: {  0.000000,  0.000000 }; mag = 0.000000	SW: {  0.000000,  0.000000 }; mag = 0.000000
 245:	HW: {  0.000000,  0.000000 }; mag = 0.000000	SW: {  0.000000,  0.000000 }; mag = 0.000000
 246:	HW: {  0.000000,  0.000000 }; mag = 0.000000	SW: {  0.000000,  0.000000 }; mag = 0.000000
 247:	HW: {  0.000000,  0.000000 }; mag = 0.000000	SW: {  0.000000,  0.000000 }; mag = 0.000000
 248:	HW: {  0.000000,  0.000000 }; mag = 0.000000	SW: {  0.000000,  0.000000 }; mag = 0.000000
 249:	HW: {  0.000000,  0.000000 }; mag = 0.000000	SW: {  0.000000,  0.000000 }; mag = 0.000000
 250:	HW: {  0.000000,  0.000000 }; mag = 0.000000	SW: {  0.000000,  0.000000 }; mag = 0.000000
 251:	HW: {  0.000000,  0.000000 }; mag = 0.000000	SW: {  0.000000,  0.000000 }; mag = 0.000000
 252:	HW: {  0.000000,  0.000000 }; mag = 0.000000	SW: {  0.000000,  0.000000 }; mag = 0.000000
 253:	HW: {  0.000000,  0.000000 }; mag = 0.000000	SW: {  0.000000,  0.000000 }; mag = 0.000000
 254:	HW: {  0.000000,  0.000000 }; mag = 0.000000	SW: {  0.000000,  0.000000 }; mag = 0.000000
 255:	HW: { -0.013977, -0.014008 }; mag = 0.019788	SW: { -0.014008, -0.013977 }; mag = 0.019788
 256:	HW: {  0.032867, -0.032837 }; mag = 0.046460	SW: {  0.032867,  0.032837 }; mag = 0.046460
 257:	HW: { -0.013977, -0.014008 }; mag = 0.019788	SW: { -0.014008, -0.014008 }; mag = 0.019810
 258:	HW: {  0.000000,  0.000000 }; mag = 0.000000	SW: {  0.000000,  0.000000 }; mag = 0.000000
 259:	HW: {  0.000000,  0.000000 }; mag = 0.000000	SW: {  0.000000,  0.000000 }; mag = 0.000000
 260:	HW: {  0.000000,  0.000000 }; mag = 0.000000	SW: {  0.000000,  0.000000 }; mag = 0.000000
 261:	HW: {  0.000000,  0.000000 }; mag = 0.000000	SW: {  0.000000,  0.000000 }; mag = 0.000000
 262:	HW: {  0.000000,  0.000000 }; mag = 0.000000	SW: {  0.000000,  0.000000 }; mag = 0.000000
 263:	HW: {  0.000000,  0.000000 }; mag = 0.000000	SW: {  0.000000,  0.000000 }; mag = 0.000000
 264:	HW: {  0.000000,  0.000000 }; mag = 0.000000	SW: {  0.000000,  0.000000 }; mag = 0.000000
 265:	HW: {  0.000000,  0.000000 }; mag = 0.000000	SW: {  0.000000,  0.000000 }; mag = 0.000000
 266:	HW: {  0.000000,  0.000000 }; mag = 0.000000	SW: {  0.000000,  0.000000 }; mag = 0.000000
 267:	HW: {  0.000000,  0.000000 }; mag = 0.000000	SW: {  0.000000,  0.000000 }; mag = 0.000000
 268:	HW: {  0.000000,  0.000000 }; mag = 0.000000	SW: {  0.000000,  0.000000 }; mag = 0.000000
 269:	HW: {  0.000000,  0.000000 }; mag = 0.000000	SW: {  0.000000,  0.000000 }; mag = 0.000000
 270:	HW: {  0.000000,  0.000000 }; mag = 0.000000	SW: {  0.000000,  0.000000 }; mag = 0.000000
 271:	HW: {  0.000000,  0.000000 }; mag = 0.000000	SW: {  0.000000,  0.000000 }; mag = 0.000000
 272:	HW: {  0.000000,  0.000000 }; mag = 0.000000	SW: {  0.000000,  0.000000 }; mag = 0.000000
 273:	HW: {  0.000000,  0.000000 }; mag = 0.000000	SW: {  0.000000,  0.000000 }; mag = 0.000000
 274:	HW: {  0.000000,  0.000000 }; mag = 0.000000	SW: {  0.000000,  0.000000 }; mag = 0.000000
 275:	HW: {  0.000000,  0.000000 }; mag = 0.000000	SW: {  0.000000,  0.000000 }; mag = 0.000000
 276:	HW: {  0.000000,  0.000000 }; mag = 0.000000	SW: {  0.000000,  0.000000 }; mag = 0.000000
 277:	HW: {  0.000000,  0.000000 }; mag = 0.000000	SW: {  0.000000,  0.000000 }; mag = 0.000000
 278:	HW: {  0.000000,  0.000000 }; mag = 0.000000	SW: {  0.000000,  0.000000 }; mag = 0.000000
 279:	HW: {  0.000000,  0.000000 }; mag = 0.000000	SW: {  0.000000,  0.000000 }; mag = 0.000000
 280:	HW: {  0.000000,  0.000000 }; mag = 0.000000	SW: {  0.000000,  0.000000 }; mag = 0.000000
 281:	HW: {  0.000000,  0.000000 }; mag = 0.000000	SW: {  0.000000,  0.000000 }; mag = 0.000000
 282:	HW: {  0.000000,  0.000000 }; mag = 0.000000	SW: {  0.000000,  0.000000 }; mag = 0.000000
 283:	HW: {  0.000000,  0.000000 }; mag = 0.000000	SW: {  0.000000,  0.000000 }; mag = 0.000000
 284:	HW: {  0.000000,  0.000000 }; mag = 0.000000	SW: {  0.000000,  0.000000 }; mag = 0.000000
 285:	HW: {  0.000000,  0.000000 }; mag = 0.000000	SW: {  0.000000,  0.000000 }; mag = 0.000000
 286:	HW: {  0.000000,  0.000000 }; mag = 0.000000	SW: {  0.000000,  0.000000 }; mag = 0.000000
 287:	HW: {  0.000000,  0.000000 }; mag = 0.000000	SW: {  0.000000,  0.000000 }; mag = 0.000000
 288:	HW: {  0.000000,  0.000000 }; mag = 0.000000	SW: {  0.000000,  0.000000 }; mag = 0.000000
 289:	HW: {  0.000000,  0.000000 }; mag = 0.000000	SW: {  0.000000,  0.000000 }; mag = 0.000000
 290:	HW: {  0.000000,  0.000000 }; mag = 0.000000	SW: {  0.000000,  0.000000 }; mag = 0.000000
 291:	HW: {  0.000000,  0.000000 }; mag = 0.000000	SW: {  0.000000,  0.000000 }; mag = 0.000000
 292:	HW: {  0.000000,  0.000000 }; mag = 0.000000	SW: {  0.000000,  0.000000 }; mag = 0.000000
 293:	HW: {  0.000000,  0.000000 }; mag = 0.000000	SW: {  0.000000,  0.000000 }; mag = 0.000000
 294:	HW: {  0.000000,  0.000000 }; mag = 0.000000	SW: {  0.000000,  0.000000 }; mag = 0.000000
 295:	HW: {  0.000000,  0.000000 }; mag = 0.000000	SW: {  0.000000,  0.000000 }; mag = 0.000000
 296:	HW: {  0.000000,  0.000000 }; mag = 0.000000	SW: {  0.000000,  0.000000 }; mag = 0.000000
 297:	HW: {  0.000000,  0.000000 }; mag = 0.000000	SW: {  0.000000,  0.000000 }; mag = 0.000000
 298:	HW: {  0.000000,  0.000000 }; mag = 0.000000	SW: {  0.000000,  0.000000 }; mag = 0.000000
 299:	HW: {  0.000000,  0.000000 }; mag = 0.000000	SW: {  0.000000,  0.000000 }; mag = 0.000000
 300:	HW: {  0.000000,  0.000000 }; mag = 0.000000	SW: {  0.000000,  0.000000 }; mag = 0.000000
 301:	HW: {  0.000000,  0.000000 }; mag = 0.000000	SW: {  0.000000,  0.000000 }; mag = 0.000000
 302:	HW: {  0.000000,  0.000000 }; mag = 0.000000	SW: {  0.000000,  0.000000 }; mag = 0.000000
 303:	HW: {  0.000000,  0.000000 }; mag = 0.000000	SW: {  0.000000,  0.000000 }; mag = 0.000000
 304:	HW: {  0.000000,  0.000000 }; mag = 0.000000	SW: {  0.000000,  0.000000 }; mag = 0.000000
 305:	HW: {  0.000000,  0.000000 }; mag = 0.000000	SW: {  0.000000,  0.000000 }; mag = 0.000000
 306:	HW: {  0.000000,  0.000000 }; mag = 0.000000	SW: {  0.000000,  0.000000 }; mag = 0.000000
 307:	HW: {  0.000000,  0.000000 }; mag = 0.000000	SW: {  0.000000,  0.000000 }; mag = 0.000000
 308:	HW: {  0.000000,  0.000000 }; mag = 0.000000	SW: {  0.000000,  0.000000 }; mag = 0.000000
 309:	HW: {  0.000000,  0.000000 }; mag = 0.000000	SW: {  0.000000,  0.000000 }; mag = 0.000000
 310:	HW: {  0.000000,  0.000000 }; mag = 0.000000	SW: {  0.000000,  0.000000 }; mag = 0.000000
 311:	HW: {  0.000000,  0.000000 }; mag = 0.000000	SW: {  0.000000,  0.000000 }; mag = 0.000000
 312:	HW: {  0.000000,  0.000000 }; mag = 0.000000	SW: {  0.000000,  0.000000 }; mag = 0.000000
 313:	HW: {  0.000000,  0.000000 }; mag = 0.000000	SW: {  0.000000,  0.000000 }; mag = 0.000000
 314:	HW: {  0.000000,  0.000000 }; mag = 0.000000	SW: {  0.000000,  0.000000 }; mag = 0.000000
 315:	HW: {  0.000000,  0.000000 }; mag = 0.000000	SW: {  0.000000,  0.000000 }; mag = 0.000000
 316:	HW: {  0.000000,  0.000000 }; mag = 0.000000	SW: {  0.000000,  0.000000 }; mag = 0.000000
 317:	HW: {  0.000000,  0.000000 }; mag = 0.000000	SW: {  0.000000,  0.000000 }; mag = 0.000000
 318:	HW: {  0.000000,  0.000000 }; mag = 0.000000	SW: {  0.000000,  0.000000 }; mag = 0.000000
 319:	HW: {  0.000000,  0.000000 }; mag = 0.000000	SW: {  0.000000,  0.000000 }; mag = 0.000000
 320:	HW: {  0.000000,  0.000000 }; mag = 0.000000	SW: {  0.000000,  0.000000 }; mag = 0.000000
 321:	HW: {  0.000000,  0.000000 }; mag = 0.000000	SW: {  0.000000,  0.000000 }; mag = 0.000000
 322:	HW: {  0.000000,  0.000000 }; mag = 0.000000	SW: {  0.000000,  0.000000 }; mag = 0.000000
 323:	HW: {  0.000000,  0.000000 }; mag = 0.000000	SW: {  0.000000,  0.000000 }; mag = 0.000000
 324:	HW: {  0.000000,  0.000000 }; mag = 0.000000	SW: {  0.000000,  0.000000 }; mag = 0.000000
 325:	HW: {  0.000000,  0.000000 }; mag = 0.000000	SW: {  0.000000,  0.000000 }; mag = 0.000000
 326:	HW: {  0.000000,  0.000000 }; mag = 0.000000	SW: {  0.000000,  0.000000 }; mag = 0.000000
 327:	HW: {  0.000000,  0.000000 }; mag = 0.000000	SW: {  0.000000,  0.000000 }; mag = 0.000000
 328:	HW: {  0.000000,  0.000000 }; mag = 0.000000	SW: {  0.000000,  0.000000 }; mag = 0.000000
 329:	HW: {  0.000000,  0.000000 }; mag = 0.000000	SW: {  0.000000,  0.000000 }; mag = 0.000000
 330:	HW: {  0.000000,  0.000000 }; mag = 0.000000	SW: {  0.000000,  0.000000 }; mag = 0.000000
 331:	HW: {  0.000000,  0.000000 }; mag = 0.000000	SW: {  0.000000,  0.000000 }; mag = 0.000000
 332:	HW: {  0.000000,  0.000000 }; mag = 0.000000	SW: {  0.000000,  0.000000 }; mag = 0.000000
 333:	HW: {  0.000000,  0.000000 }; mag = 0.000000	SW: {  0.000000,  0.000000 }; mag = 0.000000
 334:	HW: {  0.000000,  0.000000 }; mag = 0.000000	SW: {  0.000000,  0.000000 }; mag = 0.000000
 335:	HW: {  0.000000,  0.000000 }; mag = 0.000000	SW: {  0.000000,  0.000000 }; mag = 0.000000
 336:	HW: {  0.000000,  0.000000 }; mag = 0.000000	SW: {  0.000000,  0.000000 }; mag = 0.000000
 337:	HW: {  0.000000,  0.000000 }; mag = 0.000000	SW: {  0.000000,  0.000000 }; mag = 0.000000
 338:	HW: {  0.000000,  0.000000 }; mag = 0.000000	SW: {  0.000000,  0.000000 }; mag = 0.000000
 339:	HW: {  0.000000,  0.000000 }; mag = 0.000000	SW: {  0.000000,  0.000000 }; mag = 0.000000
 340:	HW: {  0.000000,  0.000000 }; mag = 0.000000	SW: {  0.000000,  0.000000 }; mag = 0.000000
 341:	HW: {  0.000000,  0.000000 }; mag = 0.000000	SW: {  0.000000,  0.000000 }; mag = 0.000000
 342:	HW: {  0.000000,  0.000000 }; mag = 0.000000	SW: {  0.000000,  0.000000 }; mag = 0.000000
 343:	HW: {  0.000000,  0.000000 }; mag = 0.000000	SW: {  0.000000,  0.000000 }; mag = 0.000000
 344:	HW: {  0.000000,  0.000000 }; mag = 0.000000	SW: {  0.000000,  0.000000 }; mag = 0.000000
 345:	HW: {  0.000000,  0.000000 }; mag = 0.000000	SW: {  0.000000,  0.000000 }; mag = 0.000000
 346:	HW: {  0.000000,  0.000000 }; mag = 0.000000	SW: {  0.000000,  0.000000 }; mag = 0.000000
 347:	HW: {  0.000000,  0.000000 }; mag = 0.000000	SW: {  0.000000,  0.000000 }; mag = 0.000000
 348:	HW: {  0.000000,  0.000000 }; mag = 0.000000	SW: {  0.000000,  0.000000 }; mag = 0.000000
 349:	HW: {  0.000000,  0.000000 }; mag = 0.000000	SW: {  0.000000,  0.000000 }; mag = 0.000000
 350:	HW: {  0.000000,  0.000000 }; mag = 0.000000	SW: {  0.000000,  0.000000 }; mag = 0.000000
 351:	HW: {  0.000000,  0.000000 }; mag = 0.000000	SW: {  0.000000,  0.000000 }; mag = 0.000000
 352:	HW: {  0.000000,  0.000000 }; mag = 0.000000	SW: {  0.000000,  0.000000 }; mag = 0.000000
 353:	HW: {  0.000000,  0.000000 }; mag = 0.000000	SW: {  0.000000,  0.000000 }; mag = 0.000000
 354:	HW: {  0.000000,  0.000000 }; mag = 0.000000	SW: {  0.000000,  0.000000 }; mag = 0.000000
 355:	HW: {  0.000000,  0.000000 }; mag = 0.000000	SW: {  0.000000,  0.000000 }; mag = 0.000000
 356:	HW: {  0.000000,  0.000000 }; mag = 0.000000	SW: {  0.000000,  0.000000 }; mag = 0.000000
 357:	HW: {  0.000000,  0.000000 }; mag = 0.000000	SW: {  0.000000,  0.000000 }; mag = 0.000000
 358:	HW: {  0.000000,  0.000000 }; mag = 0.000000	SW: {  0.000000,  0.000000 }; mag = 0.000000
 359:	HW: {  0.000000,  0.000000 }; mag = 0.000000	SW: {  0.000000,  0.000000 }; mag = 0.000000
 360:	HW: {  0.000000,  0.000000 }; mag = 0.000000	SW: {  0.000000,  0.000000 }; mag = 0.000000
 361:	HW: {  0.000000,  0.000000 }; mag = 0.000000	SW: {  0.000000,  0.000000 }; mag = 0.000000
 362:	HW: {  0.000000,  0.000000 }; mag = 0.000000	SW: {  0.000000,  0.000000 }; mag = 0.000000
 363:	HW: {  0.000000,  0.000000 }; mag = 0.000000	SW: {  0.000000,  0.000000 }; mag = 0.000000
 364:	HW: {  0.000000,  0.000000 }; mag = 0.000000	SW: {  0.000000,  0.000000 }; mag = 0.000000
 365:	HW: {  0.000000,  0.000000 }; mag = 0.000000	SW: {  0.000000,  0.000000 }; mag = 0.000000
 366:	HW: {  0.000000,  0.000000 }; mag = 0.000000	SW: {  0.000000,  0.000000 }; mag = 0.000000
 367:	HW: {  0.000000,  0.000000 }; mag = 0.000000	SW: {  0.000000,  0.000000 }; mag = 0.000000
 368:	HW: {  0.000000,  0.000000 }; mag = 0.000000	SW: {  0.000000,  0.000000 }; mag = 0.000000
 369:	HW: {  0.000000,  0.000000 }; mag = 0.000000	SW: {  0.000000,  0.000000 }; mag = 0.000000
 370:	HW: {  0.000000,  0.000000 }; mag = 0.000000	SW: {  0.000000,  0.000000 }; mag = 0.000000
 371:	HW: {  0.000000,  0.000000 }; mag = 0.000000	SW: {  0.000000,  0.000000 }; mag = 0.000000
 372:	HW: {  0.000000,  0.000000 }; mag = 0.000000	SW: {  0.000000,  0.000000 }; mag = 0.000000
 373:	HW: {  0.000000,  0.000000 }; mag = 0.000000	SW: {  0.000000,  0.000000 }; mag = 0.000000
 374:	HW: { -0.013977, -0.013977 }; mag = 0.019767	SW: { -0.013977, -0.013977 }; mag = 0.019767
 375:	HW: {  0.032867,  0.032867 }; mag = 0.046482	SW: {  0.032867,  0.032867 }; mag = 0.046482
 376:	HW: { -0.013947, -0.013977 }; mag = 0.019745	SW: { -0.013977, -0.013977 }; mag = 0.019767
 377:	HW: {  0.000000,  0.000000 }; mag = 0.000000	SW: {  0.000000,  0.000000 }; mag = 0.000000
 378:	HW: {  0.000000,  0.000000 }; mag = 0.000000	SW: {  0.000000,  0.000000 }; mag = 0.000000
 379:	HW: {  0.000000,  0.000000 }; mag = 0.000000	SW: {  0.000000,  0.000000 }; mag = 0.000000
 380:	HW: {  0.000000,  0.000000 }; mag = 0.000000	SW: {  0.000000,  0.000000 }; mag = 0.000000
 381:	HW: {  0.000000,  0.000000 }; mag = 0.000000	SW: {  0.000000,  0.000000 }; mag = 0.000000
 382:	HW: {  0.000000,  0.000000 }; mag = 0.000000	SW: {  0.000000,  0.000000 }; mag = 0.000000
 383:	HW: {  0.000000,  0.000000 }; mag = 0.000000	SW: {  0.000000,  0.000000 }; mag = 0.000000
 384:	HW: {  0.000000,  0.000000 }; mag = 0.000000	SW: {  0.000000,  0.000000 }; mag = 0.000000
 385:	HW: {  0.000000,  0.000000 }; mag = 0.000000	SW: {  0.000000,  0.000000 }; mag = 0.000000
 386:	HW: {  0.000000,  0.000000 }; mag = 0.000000	SW: {  0.000000,  0.000000 }; mag = 0.000000
 387:	HW: {  0.000000,  0.000000 }; mag = 0.000000	SW: {  0.000000,  0.000000 }; mag = 0.000000
 388:	HW: {  0.000000,  0.000000 }; mag = 0.000000	SW: {  0.000000,  0.000000 }; mag = 0.000000
 389:	HW: {  0.000000,  0.000000 }; mag = 0.000000	SW: {  0.000000,  0.000000 }; mag = 0.000000
 390:	HW: {  0.000000,  0.000000 }; mag = 0.000000	SW: {  0.000000,  0.000000 }; mag = 0.000000
 391:	HW: {  0.000000,  0.000000 }; mag = 0.000000	SW: {  0.000000,  0.000000 }; mag = 0.000000
 392:	HW: {  0.000000,  0.000000 }; mag = 0.000000	SW: {  0.000000,  0.000000 }; mag = 0.000000
 393:	HW: {  0.000000,  0.000000 }; mag = 0.000000	SW: {  0.000000,  0.000000 }; mag = 0.000000
 394:	HW: {  0.000000,  0.000000 }; mag = 0.000000	SW: {  0.000000,  0.000000 }; mag = 0.000000
 395:	HW: {  0.000000,  0.000000 }; mag = 0.000000	SW: {  0.000000,  0.000000 }; mag = 0.000000
 396:	HW: {  0.000000,  0.000000 }; mag = 0.000000	SW: {  0.000000,  0.000000 }; mag = 0.000000
 397:	HW: {  0.000000,  0.000000 }; mag = 0.000000	SW: {  0.000000,  0.000000 }; mag = 0.000000
 398:	HW: {  0.000000,  0.000000 }; mag = 0.000000	SW: {  0.000000,  0.000000 }; mag = 0.000000
 399:	HW: {  0.000000,  0.000000 }; mag = 0.000000	SW: {  0.000000,  0.000000 }; mag = 0.000000
 400:	HW: {  0.000000,  0.000000 }; mag = 0.000000	SW: {  0.000000,  0.000000 }; mag = 0.000000
 401:	HW: {  0.000000,  0.000000 }; mag = 0.000000	SW: {  0.000000,  0.000000 }; mag = 0.000000
 402:	HW: {  0.000000,  0.000000 }; mag = 0.000000	SW: {  0.000000,  0.000000 }; mag = 0.000000
 403:	HW: {  0.000000,  0.000000 }; mag = 0.000000	SW: {  0.000000,  0.000000 }; mag = 0.000000
 404:	HW: {  0.000000,  0.000000 }; mag = 0.000000	SW: {  0.000000,  0.000000 }; mag = 0.000000
 405:	HW: {  0.000000,  0.000000 }; mag = 0.000000	SW: {  0.000000,  0.000000 }; mag = 0.000000
 406:	HW: {  0.000000,  0.000000 }; mag = 0.000000	SW: {  0.000000,  0.000000 }; mag = 0.000000
 407:	HW: {  0.000000,  0.000000 }; mag = 0.000000	SW: {  0.000000,  0.000000 }; mag = 0.000000
 408:	HW: {  0.000000,  0.000000 }; mag = 0.000000	SW: {  0.000000,  0.000000 }; mag = 0.000000
 409:	HW: {  0.000000,  0.000000 }; mag = 0.000000	SW: {  0.000000,  0.000000 }; mag = 0.000000
 410:	HW: {  0.000000,  0.000000 }; mag = 0.000000	SW: {  0.000000,  0.000000 }; mag = 0.000000
 411:	HW: {  0.000000,  0.000000 }; mag = 0.000000	SW: {  0.000000,  0.000000 }; mag = 0.000000
 412:	HW: {  0.000000,  0.000000 }; mag = 0.000000	SW: {  0.000000, -0.000031 }; mag = 0.000031
 413:	HW: {  0.000000,  0.000000 }; mag = 0.000000	SW: {  0.000000,  0.000000 }; mag = 0.000000
 414:	HW: {  0.000000,  0.000000 }; mag = 0.000000	SW: {  0.000000,  0.000000 }; mag = 0.000000
 415:	HW: {  0.000000,  0.000000 }; mag = 0.000000	SW: {  0.000000,  0.000000 }; mag = 0.000000
 416:	HW: {  0.000000,  0.000000 }; mag = 0.000000	SW: {  0.000000,  0.000000 }; mag = 0.000000
 417:	HW: {  0.000000,  0.000000 }; mag = 0.000000	SW: {  0.000000,  0.000000 }; mag = 0.000000
 418:	HW: {  0.000000,  0.000000 }; mag = 0.000000	SW: {  0.000000,  0.000000 }; mag = 0.000000
 419:	HW: {  0.000000,  0.000000 }; mag = 0.000000	SW: {  0.000000,  0.000000 }; mag = 0.000000
 420:	HW: {  0.000000,  0.000000 }; mag = 0.000000	SW: {  0.000000,  0.000000 }; mag = 0.000000
 421:	HW: {  0.000000,  0.000000 }; mag = 0.000000	SW: {  0.000000,  0.000000 }; mag = 0.000000
 422:	HW: {  0.000000,  0.000000 }; mag = 0.000000	SW: {  0.000000,  0.000000 }; mag = 0.000000
 423:	HW: {  0.000000,  0.000000 }; mag = 0.000000	SW: {  0.000000,  0.000000 }; mag = 0.000000
 424:	HW: {  0.000000,  0.000000 }; mag = 0.000000	SW: {  0.000000,  0.000000 }; mag = 0.000000
 425:	HW: {  0.000000,  0.000000 }; mag = 0.000000	SW: {  0.000000,  0.000000 }; mag = 0.000000
 426:	HW: {  0.000000,  0.000000 }; mag = 0.000000	SW: {  0.000000,  0.000000 }; mag = 0.000000
 427:	HW: {  0.000000,  0.000000 }; mag = 0.000000	SW: {  0.000000,  0.000000 }; mag = 0.000000
 428:	HW: {  0.000000,  0.000000 }; mag = 0.000000	SW: {  0.000000,  0.000000 }; mag = 0.000000
 429:	HW: {  0.000000,  0.000000 }; mag = 0.000000	SW: {  0.000000,  0.000000 }; mag = 0.000000
 430:	HW: {  0.000000,  0.000000 }; mag = 0.000000	SW: {  0.000000,  0.000000 }; mag = 0.000000
 431:	HW: {  0.000000,  0.000000 }; mag = 0.000000	SW: {  0.000000,  0.000000 }; mag = 0.000000
 432:	HW: {  0.000000,  0.000000 }; mag = 0.000000	SW: {  0.000000,  0.000000 }; mag = 0.000000
 433:	HW: {  0.000000,  0.000000 }; mag = 0.000000	SW: {  0.000000,  0.000000 }; mag = 0.000000
 434:	HW: {  0.000000,  0.000000 }; mag = 0.000000	SW: {  0.000000,  0.000000 }; mag = 0.000000
 435:	HW: {  0.000000,  0.000000 }; mag = 0.000000	SW: {  0.000000,  0.000000 }; mag = 0.000000
 436:	HW: {  0.000000,  0.000000 }; mag = 0.000000	SW: {  0.000000,  0.000000 }; mag = 0.000000
 437:	HW: {  0.000000,  0.000000 }; mag = 0.000000	SW: {  0.000000,  0.000000 }; mag = 0.000000
 438:	HW: {  0.000000,  0.000000 }; mag = 0.000000	SW: {  0.000000,  0.000000 }; mag = 0.000000
 439:	HW: {  0.000000,  0.000000 }; mag = 0.000000	SW: {  0.000000,  0.000000 }; mag = 0.000000
 440:	HW: {  0.000000,  0.000000 }; mag = 0.000000	SW: {  0.000000,  0.000000 }; mag = 0.000000
 441:	HW: {  0.000000,  0.000000 }; mag = 0.000000	SW: {  0.000000,  0.000000 }; mag = 0.000000
 442:	HW: {  0.000000,  0.000000 }; mag = 0.000000	SW: {  0.000000,  0.000000 }; mag = 0.000000
 443:	HW: {  0.000000,  0.000000 }; mag = 0.000000	SW: {  0.000000,  0.000000 }; mag = 0.000000
 444:	HW: {  0.000000,  0.000000 }; mag = 0.000000	SW: {  0.000000,  0.000000 }; mag = 0.000000
 445:	HW: {  0.000000,  0.000000 }; mag = 0.000000	SW: {  0.000000,  0.000000 }; mag = 0.000000
 446:	HW: {  0.000000,  0.000000 }; mag = 0.000000	SW: {  0.000000,  0.000000 }; mag = 0.000000
 447:	HW: {  0.000000,  0.000000 }; mag = 0.000000	SW: {  0.000000,  0.000000 }; mag = 0.000000
 448:	HW: {  0.000000,  0.000000 }; mag = 0.000000	SW: {  0.000000,  0.000000 }; mag = 0.000000
 449:	HW: {  0.000000,  0.000000 }; mag = 0.000000	SW: {  0.000000,  0.000000 }; mag = 0.000000
 450:	HW: {  0.000000,  0.000000 }; mag = 0.000000	SW: {  0.000000,  0.000000 }; mag = 0.000000
 451:	HW: {  0.000000,  0.000000 }; mag = 0.000000	SW: {  0.000000,  0.000000 }; mag = 0.000000
 452:	HW: {  0.000000,  0.000000 }; mag = 0.000000	SW: {  0.000000,  0.000000 }; mag = 0.000000
 453:	HW: {  0.000000,  0.000000 }; mag = 0.000000	SW: {  0.000000,  0.000000 }; mag = 0.000000
 454:	HW: {  0.000000,  0.000000 }; mag = 0.000000	SW: {  0.000000,  0.000000 }; mag = 0.000000
 455:	HW: {  0.000000,  0.000000 }; mag = 0.000000	SW: {  0.000000,  0.000000 }; mag = 0.000000
 456:	HW: {  0.000000,  0.000000 }; mag = 0.000000	SW: {  0.000000,  0.000000 }; mag = 0.000000
 457:	HW: {  0.000000,  0.000000 }; mag = 0.000000	SW: {  0.000000,  0.000000 }; mag = 0.000000
 458:	HW: {  0.000000,  0.000000 }; mag = 0.000000	SW: {  0.000000,  0.000000 }; mag = 0.000000
 459:	HW: {  0.000000,  0.000000 }; mag = 0.000000	SW: {  0.000000,  0.000000 }; mag = 0.000000
 460:	HW: {  0.000000,  0.000000 }; mag = 0.000000	SW: {  0.000000,  0.000000 }; mag = 0.000000
 461:	HW: {  0.000000,  0.000000 }; mag = 0.000000	SW: {  0.000000,  0.000000 }; mag = 0.000000
 462:	HW: {  0.000000,  0.000000 }; mag = 0.000000	SW: {  0.000000,  0.000000 }; mag = 0.000000
 463:	HW: {  0.000000,  0.000000 }; mag = 0.000000	SW: {  0.000000,  0.000000 }; mag = 0.000000
 464:	HW: {  0.000000,  0.000000 }; mag = 0.000000	SW: {  0.000000,  0.000000 }; mag = 0.000000
 465:	HW: {  0.000000,  0.000000 }; mag = 0.000000	SW: {  0.000000,  0.000000 }; mag = 0.000000
 466:	HW: {  0.000000,  0.000000 }; mag = 0.000000	SW: {  0.000000,  0.000000 }; mag = 0.000000
 467:	HW: {  0.000000,  0.000000 }; mag = 0.000000	SW: {  0.000000,  0.000000 }; mag = 0.000000
 468:	HW: {  0.000000,  0.000000 }; mag = 0.000000	SW: {  0.000000,  0.000000 }; mag = 0.000000
 469:	HW: {  0.000000,  0.000000 }; mag = 0.000000	SW: {  0.000000,  0.000000 }; mag = 0.000000
 470:	HW: {  0.000000,  0.000000 }; mag = 0.000000	SW: {  0.000000,  0.000000 }; mag = 0.000000
 471:	HW: {  0.000000,  0.000000 }; mag = 0.000000	SW: {  0.000000,  0.000000 }; mag = 0.000000
 472:	HW: {  0.000000,  0.000000 }; mag = 0.000000	SW: {  0.000000,  0.000000 }; mag = 0.000000
 473:	HW: {  0.000000,  0.000000 }; mag = 0.000000	SW: {  0.000000,  0.000000 }; mag = 0.000000
 474:	HW: {  0.000000,  0.000000 }; mag = 0.000000	SW: {  0.000000,  0.000000 }; mag = 0.000000
 475:	HW: {  0.000000,  0.000000 }; mag = 0.000000	SW: {  0.000000,  0.000000 }; mag = 0.000000
 476:	HW: {  0.000000,  0.000000 }; mag = 0.000000	SW: {  0.000000,  0.000000 }; mag = 0.000000
 477:	HW: {  0.000000,  0.000000 }; mag = 0.000000	SW: {  0.000000,  0.000000 }; mag = 0.000000
 478:	HW: {  0.000000,  0.000000 }; mag = 0.000000	SW: { -0.000031,  0.000000 }; mag = 0.000031
 479:	HW: {  0.000000,  0.000000 }; mag = 0.000000	SW: {  0.000000,  0.000000 }; mag = 0.000000
 480:	HW: {  0.000000,  0.000000 }; mag = 0.000000	SW: {  0.000000,  0.000000 }; mag = 0.000000
 481:	HW: {  0.000000,  0.000000 }; mag = 0.000000	SW: {  0.000000,  0.000000 }; mag = 0.000000
 482:	HW: {  0.000000,  0.000000 }; mag = 0.000000	SW: {  0.000000,  0.000000 }; mag = 0.000000
 483:	HW: {  0.000000,  0.000000 }; mag = 0.000000	SW: {  0.000000,  0.000000 }; mag = 0.000000
 484:	HW: {  0.000000,  0.000000 }; mag = 0.000000	SW: {  0.000000,  0.000000 }; mag = 0.000000
 485:	HW: {  0.000000,  0.000000 }; mag = 0.000000	SW: {  0.000000,  0.000000 }; mag = 0.000000
 486:	HW: {  0.000000,  0.000000 }; mag = 0.000000	SW: {  0.000000,  0.000000 }; mag = 0.000000
 487:	HW: {  0.000000,  0.000000 }; mag = 0.000000	SW: {  0.000000,  0.000000 }; mag = 0.000000
 488:	HW: {  0.000000,  0.000000 }; mag = 0.000000	SW: {  0.000000,  0.000000 }; mag = 0.000000
 489:	HW: {  0.000000,  0.000000 }; mag = 0.000000	SW: {  0.000000,  0.000000 }; mag = 0.000000
 490:	HW: {  0.000000,  0.000000 }; mag = 0.000000	SW: {  0.000000,  0.000000 }; mag = 0.000000
 491:	HW: {  0.000000,  0.000000 }; mag = 0.000000	SW: {  0.000000,  0.000000 }; mag = 0.000000
 492:	HW: {  0.000000,  0.000000 }; mag = 0.000000	SW: {  0.000000,  0.000000 }; mag = 0.000000
 493:	HW: {  0.000000,  0.000000 }; mag = 0.000000	SW: {  0.000000,  0.000000 }; mag = 0.000000
 494:	HW: {  0.000000,  0.000000 }; mag = 0.000000	SW: {  0.000000,  0.000000 }; mag = 0.000000
 495:	HW: {  0.000000,  0.000000 }; mag = 0.000000	SW: {  0.000000,  0.000000 }; mag = 0.000000
 496:	HW: { -0.014557, -0.006134 }; mag = 0.015796	SW: { -0.014557, -0.006134 }; mag = 0.015796
 497:	HW: {  0.034241,  0.014526 }; mag = 0.037195	SW: {  0.034241,  0.014465 }; mag = 0.037171
 498:	HW: { -0.014557, -0.006134 }; mag = 0.015796	SW: { -0.014557, -0.006165 }; mag = 0.015808
 499:	HW: {  0.000000,  0.000000 }; mag = 0.000000	SW: {  0.000000,  0.000000 }; mag = 0.000000
 500:	HW: {  0.000000,  0.000000 }; mag = 0.000000	SW: {  0.000000,  0.000000 }; mag = 0.000000
 501:	HW: {  0.000000,  0.000000 }; mag = 0.000000	SW: {  0.000000,  0.000000 }; mag = 0.000000
 502:	HW: {  0.000000,  0.000000 }; mag = 0.000000	SW: {  0.000000,  0.000000 }; mag = 0.000000
 503:	HW: {  0.000000,  0.000000 }; mag = 0.000000	SW: {  0.000000,  0.000000 }; mag = 0.000000
 504:	HW: {  0.000000,  0.000000 }; mag = 0.000000	SW: {  0.000000,  0.000000 }; mag = 0.000000
 505:	HW: {  0.000000,  0.000000 }; mag = 0.000000	SW: {  0.000000,  0.000000 }; mag = 0.000000
 506:	HW: {  0.000000,  0.000000 }; mag = 0.000000	SW: {  0.000000,  0.000000 }; mag = 0.000000
 507:	HW: {  0.000000,  0.000000 }; mag = 0.000000	SW: {  0.000000,  0.000000 }; mag = 0.000000
 508:	HW: {  0.000000,  0.000000 }; mag = 0.000000	SW: {  0.000000,  0.000000 }; mag = 0.000000
 509:	HW: { -0.015808,  0.000031 }; mag = 0.015808	SW: { -0.015839, -0.000031 }; mag = 0.015839
 510:	HW: {  0.037170,  0.000031 }; mag = 0.037170	SW: {  0.037170,  0.000000 }; mag = 0.037170
 511:	HW: { -0.015839,  0.000031 }; mag = 0.015839	SW: { -0.015869,  0.000000 }; mag = 0.015869
*** TEST COMPLETE ***
*** 0 errors detected ***
INFO: [SIM 1] CSim done with 0 errors.
INFO: [SIM 3] *************** CSIM finish ***************
